Log file open, 12/10/20 11:16:51
LogWindows: Failed to load 'aqProf.dll' (GetLastError=126)
LogWindows: File 'aqProf.dll' does not exist
LogWindows: Failed to load 'VtuneApi.dll' (GetLastError=126)
LogWindows: File 'VtuneApi.dll' does not exist
LogWindows: Failed to load 'VtuneApi32e.dll' (GetLastError=126)
LogWindows: File 'VtuneApi32e.dll' does not exist
LogConsoleResponse: Display: Failed to find resolution value strings in scalability ini. Falling back to default.
LogInit: Display: Running engine for game: GameJamDuolingo
LogPlatformFile: Not using cached read wrapper
LogTaskGraph: Started task graph with 5 named threads and 35 total threads with 3 sets of task threads.
LogStats: Stats thread started at 0.064921
LogD3D11RHI: Loaded GFSDK_Aftermath_Lib.x64.dll
LogICUInternationalization: ICU TimeZone Detection - Raw Offset: +10:00, Platform Override: ''
LogPluginManager: Mounting plugin Paper2D
LogPluginManager: Mounting plugin AISupport
LogPluginManager: Mounting plugin LightPropagationVolume
LogPluginManager: Mounting plugin ActorLayerUtilities
LogPluginManager: Mounting plugin AnimationSharing
LogPluginManager: Mounting plugin CLionSourceCodeAccess
LogPluginManager: Mounting plugin CodeLiteSourceCodeAccess
LogPluginManager: Mounting plugin GitSourceControl
LogPluginManager: Mounting plugin KDevelopSourceCodeAccess
LogPluginManager: Mounting plugin NullSourceCodeAccess
LogPluginManager: Mounting plugin PerforceSourceControl
LogPluginManager: Mounting plugin SubversionSourceControl
LogPluginManager: Mounting plugin UObjectPlugin
LogPluginManager: Mounting plugin VisualStudioCodeSourceCodeAccess
LogPluginManager: Mounting plugin VisualStudioSourceCodeAccess
LogPluginManager: Mounting plugin XCodeSourceCodeAccess
LogPluginManager: Mounting plugin AssetManagerEditor
LogPluginManager: Mounting plugin CryptoKeys
LogPluginManager: Mounting plugin CurveEditorTools
LogPluginManager: Mounting plugin DataValidation
LogPluginManager: Mounting plugin FacialAnimation
LogPluginManager: Mounting plugin GameplayTagsEditor
LogPluginManager: Mounting plugin MacGraphicsSwitching
LogPluginManager: Mounting plugin MaterialAnalyzer
LogPluginManager: Mounting plugin MobileLauncherProfileWizard
LogPluginManager: Mounting plugin PluginBrowser
LogPluginManager: Mounting plugin SpeedTreeImporter
LogPluginManager: Mounting plugin DatasmithContent
LogPluginManager: Mounting plugin VariantManagerContent
LogPluginManager: Mounting plugin AlembicImporter
LogPluginManager: Mounting plugin AutomationUtils
LogPluginManager: Mounting plugin BackChannel
LogPluginManager: Mounting plugin CharacterAI
LogPluginManager: Mounting plugin GeometryCache
LogPluginManager: Mounting plugin HTML5Networking
LogPluginManager: Mounting plugin PlatformCrypto
LogPluginManager: Mounting plugin ProxyLODPlugin
LogPluginManager: Mounting plugin SkeletalReduction
LogPluginManager: Mounting plugin MagicLeap
LogPluginManager: Mounting plugin MagicLeapMedia
LogPluginManager: Mounting plugin AndroidMedia
LogPluginManager: Mounting plugin AvfMedia
LogPluginManager: Mounting plugin ImgMedia
LogPluginManager: Mounting plugin MediaCompositing
LogPluginManager: Mounting plugin MediaPlayerEditor
LogPluginManager: Mounting plugin WebMMedia
LogPluginManager: Mounting plugin WmfMedia
LogPluginManager: Mounting plugin TcpMessaging
LogPluginManager: Mounting plugin UdpMessaging
LogPluginManager: Mounting plugin ActorSequence
LogPluginManager: Mounting plugin LevelSequenceEditor
LogPluginManager: Mounting plugin MatineeToLevelSequence
LogPluginManager: Mounting plugin NetcodeUnitTest
LogPluginManager: Mounting plugin NUTUnrealEngine4
LogPluginManager: Mounting plugin OnlineSubsystemGooglePlay
LogPluginManager: Mounting plugin OnlineSubsystemIOS
LogPluginManager: Mounting plugin OnlineSubsystem
LogPluginManager: Mounting plugin OnlineSubsystemNull
LogPluginManager: Mounting plugin OnlineSubsystemUtils
LogPluginManager: Mounting plugin LauncherChunkInstaller
LogPluginManager: Mounting plugin AndroidDeviceProfileSelector
LogPluginManager: Mounting plugin AndroidMoviePlayer
LogPluginManager: Mounting plugin AndroidPermission
LogPluginManager: Mounting plugin ApexDestruction
LogPluginManager: Mounting plugin AppleImageUtils
LogPluginManager: Mounting plugin AppleMoviePlayer
LogPluginManager: Mounting plugin ArchVisCharacter
LogPluginManager: Mounting plugin AudioCapture
LogPluginManager: Mounting plugin CableComponent
LogPluginManager: Mounting plugin CustomMeshComponent
LogPluginManager: Mounting plugin EditableMesh
LogPluginManager: Mounting plugin ExampleDeviceProfileSelector
LogPluginManager: Mounting plugin GoogleCloudMessaging
LogPluginManager: Mounting plugin IOSDeviceProfileSelector
LogPluginManager: Mounting plugin LinuxDeviceProfileSelector
LogPluginManager: Mounting plugin LocationServicesBPLibrary
LogPluginManager: Mounting plugin MobilePatchingUtils
LogPluginManager: Mounting plugin OculusVR
LogPluginManager: Mounting plugin PhysXVehicles
LogPluginManager: Mounting plugin ProceduralMeshComponent
LogPluginManager: Mounting plugin RuntimePhysXCooking
LogPluginManager: Mounting plugin SignificanceManager
LogPluginManager: Mounting plugin SteamVR
LogPluginManager: Mounting plugin WebMMoviePlayer
LogPluginManager: Mounting plugin WindowsMoviePlayer
LogPluginManager: Mounting plugin ScreenshotTools
LogInit: Using libcurl 7.55.1-DEV
LogInit:  - built for x86_64-pc-win32
LogInit:  - supports SSL with OpenSSL/1.1.1
LogInit:  - supports HTTP deflate (compression) using libz 1.2.8
LogInit:  - other features:
LogInit:      CURL_VERSION_SSL
LogInit:      CURL_VERSION_LIBZ
LogInit:      CURL_VERSION_IPV6
LogInit:      CURL_VERSION_ASYNCHDNS
LogInit:      CURL_VERSION_LARGEFILE
LogInit:      CURL_VERSION_IDN
LogInit:  CurlRequestOptions (configurable via config and command line):
LogInit:  - bVerifyPeer = true  - Libcurl will verify peer certificate
LogInit:  - bUseHttpProxy = false  - Libcurl will NOT use HTTP proxy
LogInit:  - bDontReuseConnections = false  - Libcurl will reuse connections
LogInit:  - MaxHostConnections = 16  - Libcurl will limit the number of connections to a host
LogInit:  - LocalHostAddr = Default
LogInit:  - BufferSize = 65536
LogOnline: OSS: Creating online subsystem instance for: NULL
LogInit: WinSock: version 1.1 (2.2), MaxSocks=32767, MaxUdp=65467
LogInit: Build: ++UE4+Release-4.23-CL-9631420
LogInit: Engine Version: 4.23.1-9631420+++UE4+Release-4.23
LogInit: Compatible Engine Version: 4.23.0-8386587+++UE4+Release-4.23
LogInit: Net CL: 8386587
LogInit: OS: Windows 10 (Release 1909) (), CPU: Intel(R) Core(TM) i7-8750H CPU @ 2.20GHz, GPU: Intel(R) UHD Graphics 630
LogInit: Compiled (64-bit): Oct 18 2019 02:07:44
LogInit: Compiled with Visual C++: 19.16.27030.01
LogInit: Build Configuration: Development
LogInit: Branch Name: ++UE4+Release-4.23
LogInit: Command Line: 
LogInit: Base Directory: D:/Software/UE_4.23/Engine/Binaries/Win64/
LogInit: Installed Engine Build: 1
LogDevObjectVersion: Number of dev versions registered: 23
LogDevObjectVersion:   Dev-Blueprints (B0D832E4-1F89-4F0D-ACCF-7EB736FD4AA2): 10
LogDevObjectVersion:   Dev-Build (E1C64328-A22C-4D53-A36C-8E866417BD8C): 0
LogDevObjectVersion:   Dev-Core (375EC13C-06E4-48FB-B500-84F0262A717E): 3
LogDevObjectVersion:   Dev-Editor (E4B068ED-F494-42E9-A231-DA0B2E46BB41): 34
LogDevObjectVersion:   Dev-Framework (CFFC743F-43B0-4480-9391-14DF171D2073): 35
LogDevObjectVersion:   Dev-Mobile (B02B49B5-BB20-44E9-A304-32B752E40360): 2
LogDevObjectVersion:   Dev-Networking (A4E4105C-59A1-49B5-A7C5-40C4547EDFEE): 0
LogDevObjectVersion:   Dev-Online (39C831C9-5AE6-47DC-9A44-9C173E1C8E7C): 0
LogDevObjectVersion:   Dev-Physics (78F01B33-EBEA-4F98-B9B4-84EACCB95AA2): 0
LogDevObjectVersion:   Dev-Platform (6631380F-2D4D-43E0-8009-CF276956A95A): 0
LogDevObjectVersion:   Dev-Rendering (12F88B9F-8875-4AFC-A67C-D90C383ABD29): 31
LogDevObjectVersion:   Dev-Sequencer (7B5AE74C-D270-4C10-A958-57980B212A5A): 11
LogDevObjectVersion:   Dev-VR (D7296918-1DD6-4BDD-9DE2-64A83CC13884): 2
LogDevObjectVersion:   Dev-LoadTimes (C2A15278-BFE7-4AFE-6C17-90FF531DF755): 1
LogDevObjectVersion:   Private-Geometry (6EACA3D4-40EC-4CC1-B786-8BED09428FC5): 3
LogDevObjectVersion:   Dev-AnimPhys (29E575DD-E0A3-4627-9D10-D276232CDCEA): 17
LogDevObjectVersion:   Dev-Anim (AF43A65D-7FD3-4947-9873-3E8ED9C1BB05): 2
LogDevObjectVersion:   Dev-ReflectionCapture (6B266CEC-1EC7-4B8F-A30B-E4D90942FC07): 1
LogDevObjectVersion:   Dev-Automation (0DF73D61-A23F-47EA-B727-89E90C41499A): 1
LogDevObjectVersion:   FortniteMain (601D1886-AC64-4F84-AA16-D3DE0DEAC7D6): 27
LogDevObjectVersion:   Dev-Enterprise (9DFFBCD6-494F-0158-E221-12823C92A888): 6
LogDevObjectVersion:   Dev-Niagara (F2AED0AC-9AFE-416F-8664-AA7FFA26D6FC): 1
LogDevObjectVersion:   Dev-Destruction (174F1F0B-B4C6-45A5-B13F-2EE8D0FB917D): 9
LogInit: Presizing for max 16777216 objects, including 0 objects not considered by GC, pre-allocating 0 bytes for permanent pool.
LogInit: Object subsystem initialized
LogConfig: Setting CVar [[con.DebugEarlyDefault:1]]
LogConfig: Setting CVar [[r.setres:1280x720]]
[2020.12.10-00.16.51:369][  0]LogConfig: Setting CVar [[r.VSync:0]]
[2020.12.10-00.16.51:369][  0]LogConfig: Setting CVar [[r.RHICmdBypass:0]]
[2020.12.10-00.16.51:369][  0]LogConfig: Applying CVar settings from Section [/Script/Engine.RendererSettings] File [D:/Unreal/GitKraken/GameJamDuolingo/GameJamDuolingo/Saved/Config/Windows/Engine.ini]
[2020.12.10-00.16.51:369][  0]LogConfig: Setting CVar [[r.GPUCrashDebugging:0]]
[2020.12.10-00.16.51:369][  0]LogConfig: Applying CVar settings from Section [/Script/Engine.RendererOverrideSettings] File [D:/Unreal/GitKraken/GameJamDuolingo/GameJamDuolingo/Saved/Config/Windows/Engine.ini]
[2020.12.10-00.16.51:369][  0]LogConfig: Applying CVar settings from Section [/Script/Engine.StreamingSettings] File [D:/Unreal/GitKraken/GameJamDuolingo/GameJamDuolingo/Saved/Config/Windows/Engine.ini]
[2020.12.10-00.16.51:369][  0]LogConfig: Setting CVar [[s.MinBulkDataSizeForAsyncLoading:131072]]
[2020.12.10-00.16.51:369][  0]LogConfig: Setting CVar [[s.AsyncLoadingThreadEnabled:0]]
[2020.12.10-00.16.51:369][  0]LogConfig: Setting CVar [[s.EventDrivenLoaderEnabled:1]]
[2020.12.10-00.16.51:369][  0]LogConfig: Setting CVar [[s.WarnIfTimeLimitExceeded:0]]
[2020.12.10-00.16.51:369][  0]LogConfig: Setting CVar [[s.TimeLimitExceededMultiplier:1.5]]
[2020.12.10-00.16.51:369][  0]LogConfig: Setting CVar [[s.TimeLimitExceededMinTime:0.005]]
[2020.12.10-00.16.51:369][  0]LogConfig: Setting CVar [[s.UseBackgroundLevelStreaming:1]]
[2020.12.10-00.16.51:369][  0]LogConfig: Setting CVar [[s.PriorityAsyncLoadingExtraTime:15.0]]
[2020.12.10-00.16.51:369][  0]LogConfig: Setting CVar [[s.LevelStreamingActorsUpdateTimeLimit:5.0]]
[2020.12.10-00.16.51:369][  0]LogConfig: Setting CVar [[s.PriorityLevelStreamingActorsUpdateExtraTime:5.0]]
[2020.12.10-00.16.51:369][  0]LogConfig: Setting CVar [[s.LevelStreamingComponentsRegistrationGranularity:10]]
[2020.12.10-00.16.51:369][  0]LogConfig: Setting CVar [[s.UnregisterComponentsTimeLimit:1.0]]
[2020.12.10-00.16.51:369][  0]LogConfig: Setting CVar [[s.LevelStreamingComponentsUnregistrationGranularity:5]]
[2020.12.10-00.16.51:369][  0]LogConfig: Applying CVar settings from Section [/Script/Engine.GarbageCollectionSettings] File [D:/Unreal/GitKraken/GameJamDuolingo/GameJamDuolingo/Saved/Config/Windows/Engine.ini]
[2020.12.10-00.16.51:369][  0]LogConfig: Setting CVar [[gc.MaxObjectsNotConsideredByGC:1]]
[2020.12.10-00.16.51:369][  0]LogConfig: Setting CVar [[gc.SizeOfPermanentObjectPool:0]]
[2020.12.10-00.16.51:369][  0]LogConfig: Setting CVar [[gc.FlushStreamingOnGC:0]]
[2020.12.10-00.16.51:369][  0]LogConfig: Setting CVar [[gc.NumRetriesBeforeForcingGC:10]]
[2020.12.10-00.16.51:369][  0]LogConfig: Setting CVar [[gc.AllowParallelGC:1]]
[2020.12.10-00.16.51:369][  0]LogConfig: Setting CVar [[gc.TimeBetweenPurgingPendingKillObjects:61.1]]
[2020.12.10-00.16.51:369][  0]LogConfig: Setting CVar [[gc.MaxObjectsInEditor:16777216]]
[2020.12.10-00.16.51:369][  0]LogConfig: Setting CVar [[gc.IncrementalBeginDestroyEnabled:1]]
[2020.12.10-00.16.51:369][  0]LogConfig: Setting CVar [[gc.CreateGCClusters:1]]
[2020.12.10-00.16.51:369][  0]LogConfig: Setting CVar [[gc.MinGCClusterSize:5]]
[2020.12.10-00.16.51:369][  0]LogConfig: Setting CVar [[gc.ActorClusteringEnabled:0]]
[2020.12.10-00.16.51:369][  0]LogConfig: Setting CVar [[gc.BlueprintClusteringEnabled:0]]
[2020.12.10-00.16.51:369][  0]LogConfig: Setting CVar [[gc.UseDisregardForGCOnDedicatedServers:0]]
[2020.12.10-00.16.51:370][  0]LogConfig: Applying CVar settings from Section [/Script/Engine.NetworkSettings] File [D:/Unreal/GitKraken/GameJamDuolingo/GameJamDuolingo/Saved/Config/Windows/Engine.ini]
[2020.12.10-00.16.51:370][  0]LogConfig: Applying CVar settings from Section [/Script/UnrealEd.CookerSettings] File [D:/Unreal/GitKraken/GameJamDuolingo/GameJamDuolingo/Saved/Config/Windows/Engine.ini]
[2020.12.10-00.16.51:372][  0]LogConfig: Applying CVar settings from Section [ViewDistanceQuality@3] File [D:/Unreal/GitKraken/GameJamDuolingo/GameJamDuolingo/Saved/Config/Windows/Scalability.ini]
[2020.12.10-00.16.51:372][  0]LogConfig: Setting CVar [[r.SkeletalMeshLODBias:0]]
[2020.12.10-00.16.51:372][  0]LogConfig: Setting CVar [[r.ViewDistanceScale:1.0]]
[2020.12.10-00.16.51:372][  0]LogConfig: Applying CVar settings from Section [AntiAliasingQuality@3] File [D:/Unreal/GitKraken/GameJamDuolingo/GameJamDuolingo/Saved/Config/Windows/Scalability.ini]
[2020.12.10-00.16.51:372][  0]LogConfig: Setting CVar [[r.PostProcessAAQuality:4]]
[2020.12.10-00.16.51:372][  0]LogConfig: Applying CVar settings from Section [ShadowQuality@3] File [D:/Unreal/GitKraken/GameJamDuolingo/GameJamDuolingo/Saved/Config/Windows/Scalability.ini]
[2020.12.10-00.16.51:372][  0]LogConfig: Setting CVar [[r.LightFunctionQuality:1]]
[2020.12.10-00.16.51:372][  0]LogConfig: Setting CVar [[r.ShadowQuality:5]]
[2020.12.10-00.16.51:372][  0]LogConfig: Setting CVar [[r.Shadow.CSM.MaxCascades:10]]
[2020.12.10-00.16.51:372][  0]LogConfig: Setting CVar [[r.Shadow.MaxResolution:2048]]
[2020.12.10-00.16.51:372][  0]LogConfig: Setting CVar [[r.Shadow.MaxCSMResolution:2048]]
[2020.12.10-00.16.51:372][  0]LogConfig: Setting CVar [[r.Shadow.RadiusThreshold:0.01]]
[2020.12.10-00.16.51:372][  0]LogConfig: Setting CVar [[r.Shadow.DistanceScale:1.0]]
[2020.12.10-00.16.51:372][  0]LogConfig: Setting CVar [[r.Shadow.CSM.TransitionScale:1.0]]
[2020.12.10-00.16.51:372][  0]LogConfig: Setting CVar [[r.Shadow.PreShadowResolutionFactor:1.0]]
[2020.12.10-00.16.51:372][  0]LogConfig: Setting CVar [[r.DistanceFieldShadowing:1]]
[2020.12.10-00.16.51:372][  0]LogConfig: Setting CVar [[r.DistanceFieldAO:1]]
[2020.12.10-00.16.51:372][  0]LogConfig: Setting CVar [[r.AOQuality:2]]
[2020.12.10-00.16.51:372][  0]LogConfig: Setting CVar [[r.VolumetricFog:1]]
[2020.12.10-00.16.51:372][  0]LogConfig: Setting CVar [[r.VolumetricFog.GridPixelSize:8]]
[2020.12.10-00.16.51:372][  0]LogConfig: Setting CVar [[r.VolumetricFog.GridSizeZ:128]]
[2020.12.10-00.16.51:372][  0]LogConfig: Setting CVar [[r.VolumetricFog.HistoryMissSupersampleCount:4]]
[2020.12.10-00.16.51:372][  0]LogConfig: Setting CVar [[r.LightMaxDrawDistanceScale:1]]
[2020.12.10-00.16.51:372][  0]LogConfig: Setting CVar [[r.CapsuleShadows:1]]
[2020.12.10-00.16.51:372][  0]LogConfig: Applying CVar settings from Section [PostProcessQuality@3] File [D:/Unreal/GitKraken/GameJamDuolingo/GameJamDuolingo/Saved/Config/Windows/Scalability.ini]
[2020.12.10-00.16.51:372][  0]LogConfig: Setting CVar [[r.MotionBlurQuality:4]]
[2020.12.10-00.16.51:372][  0]LogConfig: Setting CVar [[r.AmbientOcclusionMipLevelFactor:0.4]]
[2020.12.10-00.16.51:372][  0]LogConfig: Setting CVar [[r.AmbientOcclusionMaxQuality:100]]
[2020.12.10-00.16.51:372][  0]LogConfig: Setting CVar [[r.AmbientOcclusionLevels:-1]]
[2020.12.10-00.16.51:372][  0]LogConfig: Setting CVar [[r.AmbientOcclusionRadiusScale:1.0]]
[2020.12.10-00.16.51:372][  0]LogConfig: Setting CVar [[r.DepthOfFieldQuality:2]]
[2020.12.10-00.16.51:372][  0]LogConfig: Setting CVar [[r.RenderTargetPoolMin:400]]
[2020.12.10-00.16.51:372][  0]LogConfig: Setting CVar [[r.LensFlareQuality:2]]
[2020.12.10-00.16.51:372][  0]LogConfig: Setting CVar [[r.SceneColorFringeQuality:1]]
[2020.12.10-00.16.51:372][  0]LogConfig: Setting CVar [[r.EyeAdaptationQuality:2]]
[2020.12.10-00.16.51:372][  0]LogConfig: Setting CVar [[r.BloomQuality:5]]
[2020.12.10-00.16.51:372][  0]LogConfig: Setting CVar [[r.FastBlurThreshold:100]]
[2020.12.10-00.16.51:372][  0]LogConfig: Setting CVar [[r.Upscale.Quality:3]]
[2020.12.10-00.16.51:372][  0]LogConfig: Setting CVar [[r.Tonemapper.GrainQuantization:1]]
[2020.12.10-00.16.51:372][  0]LogConfig: Setting CVar [[r.LightShaftQuality:1]]
[2020.12.10-00.16.51:372][  0]LogConfig: Setting CVar [[r.Filter.SizeScale:1]]
[2020.12.10-00.16.51:372][  0]LogConfig: Setting CVar [[r.Tonemapper.Quality:5]]
[2020.12.10-00.16.51:372][  0]LogConfig: Setting CVar [[r.DOF.Gather.AccumulatorQuality:1        ; higher gathering accumulator quality]]
[2020.12.10-00.16.51:372][  0]LogConfig: Setting CVar [[r.DOF.Gather.PostfilterMethod:1          ; Median3x3 postfilering method]]
[2020.12.10-00.16.51:372][  0]LogConfig: Setting CVar [[r.DOF.Gather.EnableBokehSettings:0       ; no bokeh simulation when gathering]]
[2020.12.10-00.16.51:372][  0]LogConfig: Setting CVar [[r.DOF.Gather.RingCount:4                 ; medium number of samples when gathering]]
[2020.12.10-00.16.51:372][  0]LogConfig: Setting CVar [[r.DOF.Scatter.ForegroundCompositing:1    ; additive foreground scattering]]
[2020.12.10-00.16.51:372][  0]LogConfig: Setting CVar [[r.DOF.Scatter.BackgroundCompositing:2    ; additive background scattering]]
[2020.12.10-00.16.51:372][  0]LogConfig: Setting CVar [[r.DOF.Scatter.EnableBokehSettings:1      ; bokeh simulation when scattering]]
[2020.12.10-00.16.51:372][  0]LogConfig: Setting CVar [[r.DOF.Scatter.MaxSpriteRatio:0.1         ; only a maximum of 10% of scattered bokeh]]
[2020.12.10-00.16.51:372][  0]LogConfig: Setting CVar [[r.DOF.Recombine.Quality:1                ; cheap slight out of focus]]
[2020.12.10-00.16.51:372][  0]LogConfig: Setting CVar [[r.DOF.Recombine.EnableBokehSettings:0    ; no bokeh simulation on slight out of focus]]
[2020.12.10-00.16.51:372][  0]LogConfig: Setting CVar [[r.DOF.TemporalAAQuality:1                ; more stable temporal accumulation]]
[2020.12.10-00.16.51:372][  0]LogConfig: Setting CVar [[r.DOF.Kernel.MaxForegroundRadius:0.025]]
[2020.12.10-00.16.51:372][  0]LogConfig: Setting CVar [[r.DOF.Kernel.MaxBackgroundRadius:0.025]]
[2020.12.10-00.16.51:372][  0]LogConfig: Applying CVar settings from Section [TextureQuality@3] File [D:/Unreal/GitKraken/GameJamDuolingo/GameJamDuolingo/Saved/Config/Windows/Scalability.ini]
[2020.12.10-00.16.51:372][  0]LogConfig: Setting CVar [[r.Streaming.MipBias:0]]
[2020.12.10-00.16.51:372][  0]LogConfig: Setting CVar [[r.Streaming.AmortizeCPUToGPUCopy:0]]
[2020.12.10-00.16.51:372][  0]LogConfig: Setting CVar [[r.Streaming.MaxNumTexturesToStreamPerFrame:0]]
[2020.12.10-00.16.51:372][  0]LogConfig: Setting CVar [[r.Streaming.Boost:1]]
[2020.12.10-00.16.51:372][  0]LogConfig: Setting CVar [[r.MaxAnisotropy:8]]
[2020.12.10-00.16.51:372][  0]LogConfig: Setting CVar [[r.Streaming.LimitPoolSizeToVRAM:0]]
[2020.12.10-00.16.51:372][  0]LogConfig: Setting CVar [[r.Streaming.PoolSize:1000]]
[2020.12.10-00.16.51:372][  0]LogConfig: Setting CVar [[r.Streaming.MaxEffectiveScreenSize:0]]
[2020.12.10-00.16.51:372][  0]LogConfig: Applying CVar settings from Section [EffectsQuality@3] File [D:/Unreal/GitKraken/GameJamDuolingo/GameJamDuolingo/Saved/Config/Windows/Scalability.ini]
[2020.12.10-00.16.51:372][  0]LogConfig: Setting CVar [[r.TranslucencyLightingVolumeDim:64]]
[2020.12.10-00.16.51:372][  0]LogConfig: Setting CVar [[r.RefractionQuality:2]]
[2020.12.10-00.16.51:372][  0]LogConfig: Setting CVar [[r.SSR.Quality:3]]
[2020.12.10-00.16.51:372][  0]LogConfig: Setting CVar [[r.SceneColorFormat:4]]
[2020.12.10-00.16.51:372][  0]LogConfig: Setting CVar [[r.DetailMode:2]]
[2020.12.10-00.16.51:372][  0]LogConfig: Setting CVar [[r.TranslucencyVolumeBlur:1]]
[2020.12.10-00.16.51:372][  0]LogConfig: Setting CVar [[r.MaterialQualityLevel:1 ; High quality]]
[2020.12.10-00.16.51:372][  0]LogConfig: Setting CVar [[r.SSS.Scale:1]]
[2020.12.10-00.16.51:372][  0]LogConfig: Setting CVar [[r.SSS.SampleSet:2]]
[2020.12.10-00.16.51:372][  0]LogConfig: Setting CVar [[r.SSS.Quality:1]]
[2020.12.10-00.16.51:372][  0]LogConfig: Setting CVar [[r.SSS.HalfRes:1]]
[2020.12.10-00.16.51:373][  0]LogConfig: Setting CVar [[r.EmitterSpawnRateScale:1.0]]
[2020.12.10-00.16.51:373][  0]LogConfig: Setting CVar [[r.ParticleLightQuality:2]]
[2020.12.10-00.16.51:373][  0]LogConfig: Applying CVar settings from Section [FoliageQuality@3] File [D:/Unreal/GitKraken/GameJamDuolingo/GameJamDuolingo/Saved/Config/Windows/Scalability.ini]
[2020.12.10-00.16.51:373][  0]LogConfig: Setting CVar [[foliage.DensityScale:1.0]]
[2020.12.10-00.16.51:373][  0]LogConfig: Setting CVar [[grass.DensityScale:1.0]]
[2020.12.10-00.16.51:373][  0]LogInit: Selected Device Profile: [Windows]
[2020.12.10-00.16.51:373][  0]LogInit: Applying CVar settings loaded from the selected device profile: [Windows]
[2020.12.10-00.16.51:374][  0]LogHAL: Display: Platform has ~ 16 GB [16964153344 / 17179869184 / 16], which maps to Larger [LargestMinGB=32, LargerMinGB=12, DefaultMinGB=8, SmallerMinGB=6, SmallestMinGB=0)
[2020.12.10-00.16.51:374][  0]LogInit: Going up to parent DeviceProfile []
[2020.12.10-00.16.51:375][  0]LogConfig: Applying CVar settings from Section [ViewDistanceQuality@3] File [D:/Unreal/GitKraken/GameJamDuolingo/GameJamDuolingo/Saved/Config/Windows/Scalability.ini]
[2020.12.10-00.16.51:375][  0]LogConfig: Setting CVar [[r.SkeletalMeshLODBias:0]]
[2020.12.10-00.16.51:375][  0]LogConfig: Setting CVar [[r.ViewDistanceScale:1.0]]
[2020.12.10-00.16.51:375][  0]LogConfig: Applying CVar settings from Section [AntiAliasingQuality@3] File [D:/Unreal/GitKraken/GameJamDuolingo/GameJamDuolingo/Saved/Config/Windows/Scalability.ini]
[2020.12.10-00.16.51:375][  0]LogConfig: Setting CVar [[r.PostProcessAAQuality:4]]
[2020.12.10-00.16.51:375][  0]LogConfig: Applying CVar settings from Section [ShadowQuality@3] File [D:/Unreal/GitKraken/GameJamDuolingo/GameJamDuolingo/Saved/Config/Windows/Scalability.ini]
[2020.12.10-00.16.51:375][  0]LogConfig: Setting CVar [[r.LightFunctionQuality:1]]
[2020.12.10-00.16.51:375][  0]LogConfig: Setting CVar [[r.ShadowQuality:5]]
[2020.12.10-00.16.51:375][  0]LogConfig: Setting CVar [[r.Shadow.CSM.MaxCascades:10]]
[2020.12.10-00.16.51:375][  0]LogConfig: Setting CVar [[r.Shadow.MaxResolution:2048]]
[2020.12.10-00.16.51:375][  0]LogConfig: Setting CVar [[r.Shadow.MaxCSMResolution:2048]]
[2020.12.10-00.16.51:375][  0]LogConfig: Setting CVar [[r.Shadow.RadiusThreshold:0.01]]
[2020.12.10-00.16.51:375][  0]LogConfig: Setting CVar [[r.Shadow.DistanceScale:1.0]]
[2020.12.10-00.16.51:375][  0]LogConfig: Setting CVar [[r.Shadow.CSM.TransitionScale:1.0]]
[2020.12.10-00.16.51:375][  0]LogConfig: Setting CVar [[r.Shadow.PreShadowResolutionFactor:1.0]]
[2020.12.10-00.16.51:375][  0]LogConfig: Setting CVar [[r.DistanceFieldShadowing:1]]
[2020.12.10-00.16.51:375][  0]LogConfig: Setting CVar [[r.DistanceFieldAO:1]]
[2020.12.10-00.16.51:375][  0]LogConfig: Setting CVar [[r.AOQuality:2]]
[2020.12.10-00.16.51:375][  0]LogConfig: Setting CVar [[r.VolumetricFog:1]]
[2020.12.10-00.16.51:375][  0]LogConfig: Setting CVar [[r.VolumetricFog.GridPixelSize:8]]
[2020.12.10-00.16.51:375][  0]LogConfig: Setting CVar [[r.VolumetricFog.GridSizeZ:128]]
[2020.12.10-00.16.51:375][  0]LogConfig: Setting CVar [[r.VolumetricFog.HistoryMissSupersampleCount:4]]
[2020.12.10-00.16.51:375][  0]LogConfig: Setting CVar [[r.LightMaxDrawDistanceScale:1]]
[2020.12.10-00.16.51:375][  0]LogConfig: Setting CVar [[r.CapsuleShadows:1]]
[2020.12.10-00.16.51:375][  0]LogConfig: Applying CVar settings from Section [PostProcessQuality@3] File [D:/Unreal/GitKraken/GameJamDuolingo/GameJamDuolingo/Saved/Config/Windows/Scalability.ini]
[2020.12.10-00.16.51:375][  0]LogConfig: Setting CVar [[r.MotionBlurQuality:4]]
[2020.12.10-00.16.51:375][  0]LogConfig: Setting CVar [[r.AmbientOcclusionMipLevelFactor:0.4]]
[2020.12.10-00.16.51:375][  0]LogConfig: Setting CVar [[r.AmbientOcclusionMaxQuality:100]]
[2020.12.10-00.16.51:375][  0]LogConfig: Setting CVar [[r.AmbientOcclusionLevels:-1]]
[2020.12.10-00.16.51:375][  0]LogConfig: Setting CVar [[r.AmbientOcclusionRadiusScale:1.0]]
[2020.12.10-00.16.51:375][  0]LogConfig: Setting CVar [[r.DepthOfFieldQuality:2]]
[2020.12.10-00.16.51:375][  0]LogConfig: Setting CVar [[r.RenderTargetPoolMin:400]]
[2020.12.10-00.16.51:375][  0]LogConfig: Setting CVar [[r.LensFlareQuality:2]]
[2020.12.10-00.16.51:375][  0]LogConfig: Setting CVar [[r.SceneColorFringeQuality:1]]
[2020.12.10-00.16.51:375][  0]LogConfig: Setting CVar [[r.EyeAdaptationQuality:2]]
[2020.12.10-00.16.51:375][  0]LogConfig: Setting CVar [[r.BloomQuality:5]]
[2020.12.10-00.16.51:375][  0]LogConfig: Setting CVar [[r.FastBlurThreshold:100]]
[2020.12.10-00.16.51:375][  0]LogConfig: Setting CVar [[r.Upscale.Quality:3]]
[2020.12.10-00.16.51:375][  0]LogConfig: Setting CVar [[r.Tonemapper.GrainQuantization:1]]
[2020.12.10-00.16.51:375][  0]LogConfig: Setting CVar [[r.LightShaftQuality:1]]
[2020.12.10-00.16.51:375][  0]LogConfig: Setting CVar [[r.Filter.SizeScale:1]]
[2020.12.10-00.16.51:375][  0]LogConfig: Setting CVar [[r.Tonemapper.Quality:5]]
[2020.12.10-00.16.51:375][  0]LogConfig: Setting CVar [[r.DOF.Gather.AccumulatorQuality:1        ; higher gathering accumulator quality]]
[2020.12.10-00.16.51:375][  0]LogConfig: Setting CVar [[r.DOF.Gather.PostfilterMethod:1          ; Median3x3 postfilering method]]
[2020.12.10-00.16.51:375][  0]LogConfig: Setting CVar [[r.DOF.Gather.EnableBokehSettings:0       ; no bokeh simulation when gathering]]
[2020.12.10-00.16.51:375][  0]LogConfig: Setting CVar [[r.DOF.Gather.RingCount:4                 ; medium number of samples when gathering]]
[2020.12.10-00.16.51:375][  0]LogConfig: Setting CVar [[r.DOF.Scatter.ForegroundCompositing:1    ; additive foreground scattering]]
[2020.12.10-00.16.51:375][  0]LogConfig: Setting CVar [[r.DOF.Scatter.BackgroundCompositing:2    ; additive background scattering]]
[2020.12.10-00.16.51:375][  0]LogConfig: Setting CVar [[r.DOF.Scatter.EnableBokehSettings:1      ; bokeh simulation when scattering]]
[2020.12.10-00.16.51:375][  0]LogConfig: Setting CVar [[r.DOF.Scatter.MaxSpriteRatio:0.1         ; only a maximum of 10% of scattered bokeh]]
[2020.12.10-00.16.51:375][  0]LogConfig: Setting CVar [[r.DOF.Recombine.Quality:1                ; cheap slight out of focus]]
[2020.12.10-00.16.51:375][  0]LogConfig: Setting CVar [[r.DOF.Recombine.EnableBokehSettings:0    ; no bokeh simulation on slight out of focus]]
[2020.12.10-00.16.51:375][  0]LogConfig: Setting CVar [[r.DOF.TemporalAAQuality:1                ; more stable temporal accumulation]]
[2020.12.10-00.16.51:375][  0]LogConfig: Setting CVar [[r.DOF.Kernel.MaxForegroundRadius:0.025]]
[2020.12.10-00.16.51:375][  0]LogConfig: Setting CVar [[r.DOF.Kernel.MaxBackgroundRadius:0.025]]
[2020.12.10-00.16.51:375][  0]LogConfig: Applying CVar settings from Section [TextureQuality@3] File [D:/Unreal/GitKraken/GameJamDuolingo/GameJamDuolingo/Saved/Config/Windows/Scalability.ini]
[2020.12.10-00.16.51:375][  0]LogConfig: Setting CVar [[r.Streaming.MipBias:0]]
[2020.12.10-00.16.51:375][  0]LogConfig: Setting CVar [[r.Streaming.AmortizeCPUToGPUCopy:0]]
[2020.12.10-00.16.51:375][  0]LogConfig: Setting CVar [[r.Streaming.MaxNumTexturesToStreamPerFrame:0]]
[2020.12.10-00.16.51:375][  0]LogConfig: Setting CVar [[r.Streaming.Boost:1]]
[2020.12.10-00.16.51:375][  0]LogConfig: Setting CVar [[r.MaxAnisotropy:8]]
[2020.12.10-00.16.51:375][  0]LogConfig: Setting CVar [[r.Streaming.LimitPoolSizeToVRAM:0]]
[2020.12.10-00.16.51:375][  0]LogConfig: Setting CVar [[r.Streaming.PoolSize:1000]]
[2020.12.10-00.16.51:375][  0]LogConfig: Setting CVar [[r.Streaming.MaxEffectiveScreenSize:0]]
[2020.12.10-00.16.51:375][  0]LogConfig: Applying CVar settings from Section [EffectsQuality@3] File [D:/Unreal/GitKraken/GameJamDuolingo/GameJamDuolingo/Saved/Config/Windows/Scalability.ini]
[2020.12.10-00.16.51:375][  0]LogConfig: Setting CVar [[r.TranslucencyLightingVolumeDim:64]]
[2020.12.10-00.16.51:375][  0]LogConfig: Setting CVar [[r.RefractionQuality:2]]
[2020.12.10-00.16.51:375][  0]LogConfig: Setting CVar [[r.SSR.Quality:3]]
[2020.12.10-00.16.51:375][  0]LogConfig: Setting CVar [[r.SceneColorFormat:4]]
[2020.12.10-00.16.51:375][  0]LogConfig: Setting CVar [[r.DetailMode:2]]
[2020.12.10-00.16.51:375][  0]LogConfig: Setting CVar [[r.TranslucencyVolumeBlur:1]]
[2020.12.10-00.16.51:375][  0]LogConfig: Setting CVar [[r.MaterialQualityLevel:1 ; High quality]]
[2020.12.10-00.16.51:375][  0]LogConfig: Setting CVar [[r.SSS.Scale:1]]
[2020.12.10-00.16.51:375][  0]LogConfig: Setting CVar [[r.SSS.SampleSet:2]]
[2020.12.10-00.16.51:375][  0]LogConfig: Setting CVar [[r.SSS.Quality:1]]
[2020.12.10-00.16.51:375][  0]LogConfig: Setting CVar [[r.SSS.HalfRes:1]]
[2020.12.10-00.16.51:375][  0]LogConfig: Setting CVar [[r.EmitterSpawnRateScale:1.0]]
[2020.12.10-00.16.51:375][  0]LogConfig: Setting CVar [[r.ParticleLightQuality:2]]
[2020.12.10-00.16.51:375][  0]LogConfig: Applying CVar settings from Section [FoliageQuality@3] File [D:/Unreal/GitKraken/GameJamDuolingo/GameJamDuolingo/Saved/Config/Windows/Scalability.ini]
[2020.12.10-00.16.51:375][  0]LogConfig: Setting CVar [[foliage.DensityScale:1.0]]
[2020.12.10-00.16.51:375][  0]LogConfig: Setting CVar [[grass.DensityScale:1.0]]
[2020.12.10-00.16.51:375][  0]LogConfig: Applying CVar settings from Section [Startup] File [../../../Engine/Config/ConsoleVariables.ini]
[2020.12.10-00.16.51:376][  0]LogConfig: Setting CVar [[net.UseAdaptiveNetUpdateFrequency:0]]
[2020.12.10-00.16.51:376][  0]LogConfig: Setting CVar [[p.chaos.AllowCreatePhysxBodies:1]]
[2020.12.10-00.16.51:376][  0]LogConfig: Applying CVar settings from Section [ConsoleVariables] File [D:/Unreal/GitKraken/GameJamDuolingo/GameJamDuolingo/Saved/Config/Windows/Engine.ini]
[2020.12.10-00.16.51:376][  0]LogInit: Computer: DESKTOP-CJROJ6L
[2020.12.10-00.16.51:376][  0]LogInit: User: Evildea
[2020.12.10-00.16.51:376][  0]LogInit: CPU Page size=4096, Cores=6
[2020.12.10-00.16.51:376][  0]LogInit: High frequency timer resolution =10.000000 MHz
[2020.12.10-00.16.51:376][  0]LogMemory: Memory total: Physical=15.8GB (16GB approx)
[2020.12.10-00.16.51:376][  0]LogMemory: Platform Memory Stats for Windows
[2020.12.10-00.16.51:376][  0]LogMemory: Process Physical Memory: 102.50 MB used, 102.50 MB peak
[2020.12.10-00.16.51:376][  0]LogMemory: Process Virtual Memory: 91.17 MB used, 91.17 MB peak
[2020.12.10-00.16.51:376][  0]LogMemory: Physical Memory: 10931.23 MB used,  5247.05 MB free, 16178.28 MB total
[2020.12.10-00.16.51:376][  0]LogMemory: Virtual Memory: 4676.29 MB used,  134213048.00 MB free, 134217728.00 MB total
[2020.12.10-00.16.51:379][  0]LogWindows: WindowsPlatformFeatures enabled
[2020.12.10-00.16.51:395][  0]LogInit: Using OS detected language (en-US).
[2020.12.10-00.16.51:395][  0]LogInit: Using OS detected locale (en-AU).
[2020.12.10-00.16.51:396][  0]LogTextLocalizationManager: No specific localization for 'en-US' exists, so the 'en' localization will be used.
[2020.12.10-00.16.51:554][  0]LogInit: Setting process to per monitor DPI aware
[2020.12.10-00.16.51:577][  0]LogSlate: New Slate User Created.  User Index 0, Is Virtual User: 0
[2020.12.10-00.16.51:577][  0]LogSlate: Slate User Registered.  User Index 0, Is Virtual User: 0
[2020.12.10-00.16.51:723][  0]LogHMD: Failed to initialize OpenVR with code 110
[2020.12.10-00.16.51:723][  0]LogD3D11RHI: D3D11 adapters:
[2020.12.10-00.16.51:790][  0]LogD3D11RHI:    0. 'NVIDIA GeForce GTX 1060 with Max-Q Design' (Feature Level 11_0)
[2020.12.10-00.16.51:790][  0]LogD3D11RHI:       6052/0/8089 MB DedicatedVideo/DedicatedSystem/SharedSystem, Outputs:1, VendorId:0x10de
[2020.12.10-00.16.51:814][  0]LogD3D11RHI:    1. 'Intel(R) UHD Graphics 630' (Feature Level 11_0)
[2020.12.10-00.16.51:814][  0]LogD3D11RHI:       128/0/8089 MB DedicatedVideo/DedicatedSystem/SharedSystem, Outputs:0, VendorId:0x8086
[2020.12.10-00.16.51:816][  0]LogD3D11RHI:    2. 'Microsoft Basic Render Driver' (Feature Level 11_0)
[2020.12.10-00.16.51:816][  0]LogD3D11RHI:       0/0/8089 MB DedicatedVideo/DedicatedSystem/SharedSystem, Outputs:0, VendorId:0x1414
[2020.12.10-00.16.51:816][  0]LogD3D11RHI: Chosen D3D11 Adapter: 0
[2020.12.10-00.16.51:851][  0]LogD3D11RHI: Creating new Direct3DDevice
[2020.12.10-00.16.51:852][  0]LogD3D11RHI:     GPU DeviceId: 0x1c20 (for the marketing name, search the web for "GPU Device Id")
[2020.12.10-00.16.51:852][  0]LogWindows: EnumDisplayDevices:
[2020.12.10-00.16.51:852][  0]LogWindows:    0. 'Intel(R) UHD Graphics 630' (P:1 D:1)
[2020.12.10-00.16.51:852][  0]LogWindows:    1. 'Intel(R) UHD Graphics 630' (P:0 D:0)
[2020.12.10-00.16.51:852][  0]LogWindows:    2. 'Intel(R) UHD Graphics 630' (P:0 D:0)
[2020.12.10-00.16.51:852][  0]LogWindows:    3. 'NVIDIA GeForce GTX 1060 with Max-Q Design' (P:0 D:0)
[2020.12.10-00.16.51:853][  0]LogWindows: DebugString: PrimaryIsNotTheChoosenAdapter PrimaryIsNotTheChoosenAdapter PrimaryIsNotTheChoosenAdapter 
[2020.12.10-00.16.51:853][  0]LogD3D11RHI:     Adapter Name: NVIDIA GeForce GTX 1060 with Max-Q Design
[2020.12.10-00.16.51:853][  0]LogD3D11RHI:   Driver Version: 452.06 (internal:27.21.14.5206, unified:452.06)
[2020.12.10-00.16.51:853][  0]LogD3D11RHI:      Driver Date: 8-12-2020
[2020.12.10-00.16.51:853][  0]LogRHI: Texture pool is 4236 MB (70% of 6052 MB)
[2020.12.10-00.16.51:894][  0]LogD3D11RHI: Async texture creation enabled
[2020.12.10-00.16.51:906][  0]LogD3D11RHI: GPU Timing Frequency: 1000.000000 (Debug: 2 1)
[2020.12.10-00.16.52:167][  0]LogTemp: Display: Module 'AllDesktopTargetPlatform' loaded TargetPlatform 'AllDesktop'
[2020.12.10-00.16.52:173][  0]LogTemp: Display: Module 'MacClientTargetPlatform' loaded TargetPlatform 'MacClient'
[2020.12.10-00.16.52:180][  0]LogTemp: Display: Module 'MacNoEditorTargetPlatform' loaded TargetPlatform 'MacNoEditor'
[2020.12.10-00.16.52:186][  0]LogTemp: Display: Module 'MacServerTargetPlatform' loaded TargetPlatform 'MacServer'
[2020.12.10-00.16.52:192][  0]LogTemp: Display: Module 'MacTargetPlatform' loaded TargetPlatform 'Mac'
[2020.12.10-00.16.52:199][  0]LogTemp: Display: Module 'WindowsClientTargetPlatform' loaded TargetPlatform 'WindowsClient'
[2020.12.10-00.16.52:205][  0]LogTemp: Display: Module 'WindowsNoEditorTargetPlatform' loaded TargetPlatform 'WindowsNoEditor'
[2020.12.10-00.16.52:212][  0]LogTemp: Display: Module 'WindowsServerTargetPlatform' loaded TargetPlatform 'WindowsServer'
[2020.12.10-00.16.52:215][  0]LogTemp: Display: Module 'WindowsTargetPlatform' loaded TargetPlatform 'Windows'
[2020.12.10-00.16.52:242][  0]LogTemp: Display: Module 'AndroidTargetPlatform' loaded TargetPlatform 'Android'
[2020.12.10-00.16.52:242][  0]LogTemp: Display: Module 'AndroidTargetPlatform' loaded TargetPlatform 'Android_ASTC'
[2020.12.10-00.16.52:242][  0]LogTemp: Display: Module 'AndroidTargetPlatform' loaded TargetPlatform 'Android_ATC'
[2020.12.10-00.16.52:242][  0]LogTemp: Display: Module 'AndroidTargetPlatform' loaded TargetPlatform 'Android_DXT'
[2020.12.10-00.16.52:242][  0]LogTemp: Display: Module 'AndroidTargetPlatform' loaded TargetPlatform 'Android_ETC1'
[2020.12.10-00.16.52:242][  0]LogTemp: Display: Module 'AndroidTargetPlatform' loaded TargetPlatform 'Android_ETC1a'
[2020.12.10-00.16.52:242][  0]LogTemp: Display: Module 'AndroidTargetPlatform' loaded TargetPlatform 'Android_ETC2'
[2020.12.10-00.16.52:242][  0]LogTemp: Display: Module 'AndroidTargetPlatform' loaded TargetPlatform 'Android_PVRTC'
[2020.12.10-00.16.52:242][  0]LogTemp: Display: Module 'AndroidTargetPlatform' loaded TargetPlatform 'AndroidClient'
[2020.12.10-00.16.52:242][  0]LogTemp: Display: Module 'AndroidTargetPlatform' loaded TargetPlatform 'Android_ASTCClient'
[2020.12.10-00.16.52:242][  0]LogTemp: Display: Module 'AndroidTargetPlatform' loaded TargetPlatform 'Android_ATCClient'
[2020.12.10-00.16.52:242][  0]LogTemp: Display: Module 'AndroidTargetPlatform' loaded TargetPlatform 'Android_DXTClient'
[2020.12.10-00.16.52:242][  0]LogTemp: Display: Module 'AndroidTargetPlatform' loaded TargetPlatform 'Android_ETC1Client'
[2020.12.10-00.16.52:242][  0]LogTemp: Display: Module 'AndroidTargetPlatform' loaded TargetPlatform 'Android_ETC1aClient'
[2020.12.10-00.16.52:242][  0]LogTemp: Display: Module 'AndroidTargetPlatform' loaded TargetPlatform 'Android_ETC2Client'
[2020.12.10-00.16.52:242][  0]LogTemp: Display: Module 'AndroidTargetPlatform' loaded TargetPlatform 'Android_PVRTCClient'
[2020.12.10-00.16.52:242][  0]LogTemp: Display: Module 'AndroidTargetPlatform' loaded TargetPlatform 'Android_Multi'
[2020.12.10-00.16.52:242][  0]LogTemp: Display: Module 'AndroidTargetPlatform' loaded TargetPlatform 'Android_MultiClient'
[2020.12.10-00.16.52:243][  0]LogTemp: Display: Module 'HTML5TargetPlatform' loaded TargetPlatform 'HTML5'
[2020.12.10-00.16.52:256][  0]LogTemp: Display: Module 'IOSTargetPlatform' loaded TargetPlatform 'IOSClient'
[2020.12.10-00.16.52:256][  0]LogTemp: Display: Module 'IOSTargetPlatform' loaded TargetPlatform 'IOS'
[2020.12.10-00.16.52:267][  0]LogTemp: Display: Module 'TVOSTargetPlatform' loaded TargetPlatform 'TVOSClient'
[2020.12.10-00.16.52:267][  0]LogTemp: Display: Module 'TVOSTargetPlatform' loaded TargetPlatform 'TVOS'
[2020.12.10-00.16.52:273][  0]LogTemp: Display: Module 'LinuxClientTargetPlatform' loaded TargetPlatform 'LinuxClient'
[2020.12.10-00.16.52:278][  0]LogTemp: Display: Module 'LinuxNoEditorTargetPlatform' loaded TargetPlatform 'LinuxNoEditor'
[2020.12.10-00.16.52:284][  0]LogTemp: Display: Module 'LinuxServerTargetPlatform' loaded TargetPlatform 'LinuxServer'
[2020.12.10-00.16.52:289][  0]LogTemp: Display: Module 'LinuxTargetPlatform' loaded TargetPlatform 'Linux'
[2020.12.10-00.16.52:308][  0]LogTemp: Display: Module 'LuminTargetPlatform' loaded TargetPlatform 'Lumin'
[2020.12.10-00.16.52:308][  0]LogTemp: Display: Module 'LuminTargetPlatform' loaded TargetPlatform 'LuminClient'
[2020.12.10-00.16.52:308][  0]LogTargetPlatformManager: Display: Building Assets For Windows
[2020.12.10-00.16.52:314][  0]LogAudioDebug: Display: Lib vorbis DLL was dynamically loaded.
[2020.12.10-00.16.52:345][  0]LogShaderCompilers: Guid format shader working directory is -16 characters bigger than the processId version (../../../../../Unreal/GitKraken/GameJamDuolingo/GameJamDuolingo/Intermediate/Shaders/WorkingDirectory/32496/).
[2020.12.10-00.16.52:345][  0]LogShaderCompilers: Cleaned the shader compiler working directory 'C:/Users/Evildea/AppData/Local/Temp/UnrealShaderWorkingDir/7488C83347986509D85C3888373EF36D/'.
[2020.12.10-00.16.52:346][  0]LogXGEController: Cannot use XGE Controller as Incredibuild is not installed on this machine.
[2020.12.10-00.16.52:346][  0]LogShaderCompilers: Cannot use XGE Shader Compiler as Incredibuild is not installed on this machine.
[2020.12.10-00.16.52:346][  0]LogShaderCompilers: Display: Using Local Shader Compiler.
[2020.12.10-00.16.52:885][  0]LogDerivedDataCache: Display: Max Cache Size: 512 MB
[2020.12.10-00.16.52:928][  0]LogDerivedDataCache: Loaded boot cache 0.04s 73MB C:/Users/Evildea/AppData/Local/UnrealEngine/4.23/DerivedDataCache/Boot.ddc.
[2020.12.10-00.16.52:928][  0]LogDerivedDataCache: Display: Loaded Boot cache: C:/Users/Evildea/AppData/Local/UnrealEngine/4.23/DerivedDataCache/Boot.ddc
[2020.12.10-00.16.52:928][  0]LogDerivedDataCache: FDerivedDataBackendGraph:  Pak pak cache file ../../../../../Unreal/GitKraken/GameJamDuolingo/GameJamDuolingo/DerivedDataCache/DDC.ddp not found, will not use a pak cache.
[2020.12.10-00.16.52:928][  0]LogDerivedDataCache: Unable to find inner node Pak for hierarchical cache Hierarchy.
[2020.12.10-00.16.52:928][  0]LogDerivedDataCache: FDerivedDataBackendGraph:  CompressedPak pak cache file ../../../../../Unreal/GitKraken/GameJamDuolingo/GameJamDuolingo/DerivedDataCache/Compressed.ddp not found, will not use a pak cache.
[2020.12.10-00.16.52:928][  0]LogDerivedDataCache: Unable to find inner node CompressedPak for hierarchical cache Hierarchy.
[2020.12.10-00.16.52:941][  0]LogDerivedDataCache: Display: Pak cache opened for reading ../../../Engine/DerivedDataCache/Compressed.ddp.
[2020.12.10-00.16.52:942][  0]LogDerivedDataCache: FDerivedDataBackendGraph:  EnterprisePak pak cache file ../../../Enterprise/DerivedDataCache/Compressed.ddp not found, will not use a pak cache.
[2020.12.10-00.16.52:942][  0]LogDerivedDataCache: Unable to find inner node EnterprisePak for hierarchical cache Hierarchy.
[2020.12.10-00.16.52:943][  0]LogDerivedDataCache: Using Local data cache path C:/Users/Evildea/AppData/Local/UnrealEngine/Common/DerivedDataCache: Writable
[2020.12.10-00.16.52:943][  0]LogDerivedDataCache: Shared data cache path not found in *engine.ini, will not use an Shared cache.
[2020.12.10-00.16.52:943][  0]LogDerivedDataCache: Unable to find inner node Shared for hierarchical cache Hierarchy.
[2020.12.10-00.16.52:961][  0]LogMaterial: Verifying Global Shaders for PCD3D_SM5
[2020.12.10-00.16.52:963][  0]LogSlate: Using FreeType 2.6.0
[2020.12.10-00.16.52:963][  0]LogSlate: SlateFontServices - WITH_FREETYPE: 1, WITH_HARFBUZZ: 1
[2020.12.10-00.16.53:008][  0]LogAssetRegistry: FAssetRegistry took 0.0020 seconds to start up
[2020.12.10-00.16.53:235][  0]LogInit: Selected Device Profile: [Windows]
[2020.12.10-00.16.53:358][  0]LogMeshReduction: Using QuadricMeshReduction for automatic static mesh reduction
[2020.12.10-00.16.53:358][  0]LogMeshReduction: Using SimplygonMeshReduction for automatic skeletal mesh reduction
[2020.12.10-00.16.53:358][  0]LogMeshReduction: Using ProxyLODMeshReduction for automatic mesh merging
[2020.12.10-00.16.53:358][  0]LogMeshReduction: No distributed automatic mesh merging module available
[2020.12.10-00.16.53:358][  0]LogMeshMerging: No distributed automatic mesh merging module available
[2020.12.10-00.16.53:367][  0]LogNetVersion: GameJamDuolingo 1.0.0, NetCL: 8386587, EngineNetVer: 11, GameNetVer: 0 (Checksum: 1013713415)
[2020.12.10-00.16.53:701][  0]LogPackageLocalizationCache: Processed 12 localized package path(s) for 1 prioritized culture(s) in 0.029010 seconds
[2020.12.10-00.16.53:707][  0]LogUObjectArray: 43444 objects as part of root set at end of initial load.
[2020.12.10-00.16.53:707][  0]LogUObjectAllocator: 7548648 out of 0 bytes used by permanent object pool.
[2020.12.10-00.16.53:707][  0]LogUObjectArray: CloseDisregardForGC: 0/0 objects in disregard for GC pool
[2020.12.10-00.16.54:356][  0]LogTcpMessaging: Initializing TcpMessaging bridge
[2020.12.10-00.16.54:358][  0]LogUdpMessaging: Initializing bridge on interface 0.0.0.0:0 to multicast group 230.0.0.1:6666.
[2020.12.10-00.16.54:749][  0]SourceControl: Source control is disabled
[2020.12.10-00.16.54:749][  0]SourceControl: Source control is disabled
[2020.12.10-00.16.54:750][  0]SourceControl: Source control is disabled
[2020.12.10-00.16.54:751][  0]SourceControl: Source control is disabled
[2020.12.10-00.16.54:813][  0]LogAndroidPermission: UAndroidPermissionCallbackProxy::GetInstance
[2020.12.10-00.16.54:929][  0]LogOcInput: OculusInput pre-init called
[2020.12.10-00.16.54:934][  0]LogWindows: Failed to load 'OVRPlugin.dll' (GetLastError=126)
[2020.12.10-00.16.54:934][  0]LogWindows: File 'OVRPlugin.dll' does not exist
[2020.12.10-00.16.54:986][  0]LogEngine: Initializing Engine...
[2020.12.10-00.16.54:987][  0]LogHMD: Failed to initialize OpenVR with code 110
[2020.12.10-00.16.54:988][  0]LogStats: UGameplayTagsManager::InitializeManager -  0.000 s
[2020.12.10-00.16.55:166][  0]LogInit: Initializing FReadOnlyCVARCache
[2020.12.10-00.16.55:175][  0]LogAIModule: Creating AISystem for world Untitled
[2020.12.10-00.16.55:204][  0]LogInit: XAudio2 using 'Speakers/Headphones (2- Realtek(R) Audio)' : 2 channels at 48 kHz using 32 bits per sample (channel mask 0x3)
[2020.12.10-00.16.55:813][  0]LogInit: FAudioDevice initialized.
[2020.12.10-00.16.55:813][  0]LogNetVersion: Set ProjectVersion to 1.0.0.0. Version Checksum will be recalculated on next use.
[2020.12.10-00.16.55:915][  0]LogDerivedDataCache: Saved boot cache 0.10s 73MB C:/Users/Evildea/AppData/Local/UnrealEngine/4.23/DerivedDataCache/Boot.ddc.
[2020.12.10-00.16.55:919][  0]LogInit: Texture streaming: Enabled
[2020.12.10-00.16.55:930][  0]LogEngineSessionManager: EngineSessionManager initialized
[2020.12.10-00.16.55:930][  0]LogEditorSessionSummary: Verbose: Initializing EditorSessionSummaryWriter for editor session tracking
[2020.12.10-00.16.55:931][  0]LogEditorSessionSummary: EditorSessionSummaryWriter initialized
[2020.12.10-00.16.55:973][  0]LogInit: Transaction tracking system initialized
[2020.12.10-00.16.55:992][  0]BlueprintLog: New page: Editor Load
[2020.12.10-00.16.56:037][  0]LocalizationService: Localization service is disabled
[2020.12.10-00.16.56:252][  0]LogFileCache: Scanning file cache for directory 'D:/Unreal/GitKraken/GameJamDuolingo/GameJamDuolingo/Content/' took 0.04s
[2020.12.10-00.16.56:252][  0]LogCook: Display: Max memory allowance for cook 16384mb min free memory 0mb
[2020.12.10-00.16.56:252][  0]LogCook: Display: Mobile HDR setting 1
[2020.12.10-00.16.56:377][  0]SourceControl: Source control is disabled
[2020.12.10-00.16.56:377][  0]Cmd: MAP LOAD FILE="../../../../../Unreal/GitKraken/GameJamDuolingo/GameJamDuolingo/Content/FirstPersonCPP/Maps/FirstPersonExampleMap.umap" TEMPLATE=0 SHOWPROGRESS=1 FEATURELEVEL=3
[2020.12.10-00.16.56:377][  0]LogEditorServer: Warning: Can't find file '../../../../../Unreal/GitKraken/GameJamDuolingo/GameJamDuolingo/Content/FirstPersonCPP/Maps/FirstPersonExampleMap.umap'
[2020.12.10-00.16.56:377][  0]Cmd: MAP CHECKDEP NOCLEARLOG
[2020.12.10-00.16.56:377][  0]MapCheck: Map check complete: 0 Error(s), 0 Warning(s), took 0.087ms to complete.
[2020.12.10-00.16.56:377][  0]LogFileHelpers: Loading map 'FirstPersonExampleMap' took 0.000
[2020.12.10-00.16.56:618][  0]LogSlate: Updating window title bar state: overlay mode, drag disabled, window buttons hidden, title bar hidden
[2020.12.10-00.16.56:624][  0]LogSlate: Updating window title bar state: overlay mode, drag disabled, window buttons hidden, title bar hidden
[2020.12.10-00.16.56:629][  0]LogSlate: Updating window title bar state: overlay mode, drag disabled, window buttons hidden, title bar hidden
[2020.12.10-00.16.56:636][  0]LogSlate: Updating window title bar state: overlay mode, drag disabled, window buttons hidden, title bar hidden
[2020.12.10-00.16.56:645][  0]LogCollectionManager: Loaded 0 collections in 0.000797 seconds
[2020.12.10-00.16.56:663][  0]LogFileCache: Scanning file cache for directory 'D:/Unreal/GitKraken/GameJamDuolingo/GameJamDuolingo/Saved/Collections/' took 0.00s
[2020.12.10-00.16.56:663][  0]LogFileCache: Scanning file cache for directory 'D:/Unreal/GitKraken/GameJamDuolingo/GameJamDuolingo/Content/Developers/Evildea/Collections/' took 0.00s
[2020.12.10-00.16.56:663][  0]LogFileCache: Scanning file cache for directory 'D:/Unreal/GitKraken/GameJamDuolingo/GameJamDuolingo/Content/Collections/' took 0.00s
[2020.12.10-00.16.56:663][  0]LogCollectionManager: Rebuilt the GUID cache for 0 collections in 0.000002 seconds
[2020.12.10-00.16.56:670][  0]LogContentBrowser: Native class hierarchy populated in 0.0073 seconds. Added 2876 classes and 687 folders.
[2020.12.10-00.16.56:674][  0]LogContentBrowser: Native class hierarchy updated for 'WidgetCarousel' in 0.0002 seconds. Added 0 classes and 0 folders.
[2020.12.10-00.16.57:994][  0]LogContentBrowser: Native class hierarchy updated for 'AddContentDialog' in 0.0003 seconds. Added 0 classes and 0 folders.
[2020.12.10-00.16.58:030][  0]LogContentBrowser: Native class hierarchy updated for 'SceneOutliner' in 0.0002 seconds. Added 1 classes and 2 folders.
[2020.12.10-00.16.58:190][  0]LogSlate: Took 0.000115 seconds to synchronously load lazily loaded font '../../../Engine/Content/Slate/Fonts/Roboto-Regular.ttf' (155K)
[2020.12.10-00.16.58:191][  0]LogSlate: Took 0.000104 seconds to synchronously load lazily loaded font '../../../Engine/Content/Slate/Fonts/Roboto-Bold.ttf' (160K)
[2020.12.10-00.16.58:217][  0]LogSlate: Took 0.021555 seconds to synchronously load lazily loaded font '../../../Engine/Content/Editor/Slate/Fonts/FontAwesome.ttf' (139K)
[2020.12.10-00.16.58:421][  0]LogRenderer: Reallocating scene render targets to support 996x428 Format 10 NumSamples 1 (Frame:1).
[2020.12.10-00.16.58:528][  0]LogContentBrowser: Native class hierarchy updated for 'HierarchicalLODOutliner' in 0.0003 seconds. Added 0 classes and 0 folders.
[2020.12.10-00.16.58:528][  0]LogLoad: (Engine Initialization) Total time: 7.97 seconds
[2020.12.10-00.16.58:528][  0]LogLoad: (Engine Initialization) Total Blueprint compile time: 0.00 seconds
[2020.12.10-00.16.58:610][  0]LogContentStreaming: Texture pool size now 1000 MB
[2020.12.10-00.16.58:675][  1]LogAssetRegistry: Asset discovery search completed in 5.6683 seconds
[2020.12.10-00.16.58:678][  1]LogCollectionManager: Rebuilt the object cache for 0 collections in 0.000004 seconds (found 0 objects)
[2020.12.10-00.16.58:678][  1]LogCollectionManager: Fixed up redirectors for 0 collections in 0.000047 seconds (updated 0 objects)
[2020.12.10-00.16.59:603][ 46]LogSlate: Took 0.014049 seconds to synchronously load lazily loaded font '../../../Engine/Content/Slate/Fonts/Roboto-Light.ttf' (167K)
[2020.12.10-00.17.02:647][229]LogSlate: Took 0.000076 seconds to synchronously load lazily loaded font '../../../Engine/Content/Slate/Fonts/Roboto-Light.ttf' (167K)
[2020.12.10-00.17.02:826][240]LogSlate: FSceneViewport::OnFocusLost() reason 0
[2020.12.10-00.17.08:987][524]LogTexture: Display: Building textures: Fire_LUT (RGBA16F, 256X256)
[2020.12.10-00.17.09:299][524]LogAIModule: Creating AISystem for world CreepyHouse
[2020.12.10-00.17.09:336][524]LogAssetEditorManager: Opening Asset editor for World /Game/Levels/CreepyHouse.CreepyHouse
[2020.12.10-00.17.09:367][524]LogUObjectHash: Compacting FUObjectHashTables data took   2.12ms
[2020.12.10-00.17.09:367][524]Cmd: MAP LOAD FILE="../../../../../Unreal/GitKraken/GameJamDuolingo/GameJamDuolingo/Content/Levels/CreepyHouse.umap" TEMPLATE=0 SHOWPROGRESS=1 FEATURELEVEL=3
[2020.12.10-00.17.09:367][524]LightingResults: New page: Lighting Build
[2020.12.10-00.17.09:369][524]LogContentBrowser: Native class hierarchy updated for 'StatsViewer' in 0.0003 seconds. Added 5 classes and 0 folders.
[2020.12.10-00.17.09:369][524]LoadErrors: New page: Loading map: CreepyHouse.umap
[2020.12.10-00.17.09:370][524]LogWorld: UWorld::CleanupWorld for Untitled, bSessionEnded=true, bCleanupResources=true
[2020.12.10-00.17.09:370][524]MapCheck: New page: Map Check
[2020.12.10-00.17.09:370][524]LightingResults: New page: Lighting Build
[2020.12.10-00.17.09:395][524]LogUObjectHash: Compacting FUObjectHashTables data took   1.48ms
[2020.12.10-00.17.09:498][524]LogEditorServer: Finished looking for orphan Actors (0.000 secs)
[2020.12.10-00.17.09:530][524]LogUObjectHash: Compacting FUObjectHashTables data took   1.20ms
[2020.12.10-00.17.09:554][524]Cmd: MAP CHECKDEP NOCLEARLOG
[2020.12.10-00.17.09:560][524]MapCheck: Map check complete: 0 Error(s), 0 Warning(s), took 5.888ms to complete.
[2020.12.10-00.17.09:560][524]LogFileHelpers: Loading map 'CreepyHouse' took 0.192
[2020.12.10-00.17.11:757][648]LogTemp: Repeating last play command: Selected Viewport
[2020.12.10-00.17.11:770][648]LogBlueprintUserMessages: Early PlayInEditor Detection: Level '/Game/Levels/CreepyHouse.CreepyHouse:PersistentLevel' has LevelScriptBlueprint '/Game/Levels/CreepyHouse.CreepyHouse:PersistentLevel.CreepyHouse' with GeneratedClass '/Game/Levels/CreepyHouse.CreepyHouse_C' with ClassGeneratedBy '/Game/Levels/CreepyHouse.CreepyHouse:PersistentLevel.CreepyHouse'
[2020.12.10-00.17.11:793][648]LogPlayLevel: PlayLevel: No blueprints needed recompiling
[2020.12.10-00.17.11:793][648]PIE: New page: PIE session: CreepyHouse (10 Dec 2020 10:17:11 pm)
[2020.12.10-00.17.11:794][648]LogOnline: OSS: Creating online subsystem instance for: NULL
[2020.12.10-00.17.11:795][648]LogPlayLevel: Creating play world package: /Game/Levels/UEDPIE_0_CreepyHouse
[2020.12.10-00.17.11:818][648]LogPlayLevel: PIE: StaticDuplicateObject took: (0.022443s)
[2020.12.10-00.17.11:819][648]LogAIModule: Creating AISystem for world CreepyHouse
[2020.12.10-00.17.11:819][648]LogPlayLevel: PIE: World Init took: (0.000896s)
[2020.12.10-00.17.11:819][648]LogPlayLevel: PIE: Created PIE world by copying editor world from /Game/Levels/CreepyHouse.CreepyHouse to /Game/Levels/UEDPIE_0_CreepyHouse.CreepyHouse (0.023578s)
[2020.12.10-00.17.11:851][648]LogUObjectHash: Compacting FUObjectHashTables data took   3.52ms
[2020.12.10-00.17.11:861][648]LogInit: XAudio2 using 'Speakers/Headphones (2- Realtek(R) Audio)' : 2 channels at 48 kHz using 32 bits per sample (channel mask 0x3)
[2020.12.10-00.17.11:869][648]LogInit: FAudioDevice initialized.
[2020.12.10-00.17.11:880][648]LogLoad: Game class is 'GameJamDuolingoGameMode'
[2020.12.10-00.17.11:890][648]LogWorld: Bringing World /Game/Levels/UEDPIE_0_CreepyHouse.CreepyHouse up for play (max tick rate 60) at 2020.12.10-11.17.11
[2020.12.10-00.17.11:892][648]LogWorld: Bringing up level for play took: 0.010738
[2020.12.10-00.17.11:892][648]LogOnline: OSS: Creating online subsystem instance for: :Context_1
[2020.12.10-00.17.11:896][648]LogContentBrowser: Native class hierarchy updated for 'MovieSceneCapture' in 0.0003 seconds. Added 20 classes and 0 folders.
[2020.12.10-00.17.11:899][648]PIE: Play in editor start time for /Game/Levels/UEDPIE_0_CreepyHouse 0.976
[2020.12.10-00.17.11:899][648]LogBlueprintUserMessages: Late PlayInEditor Detection: Level '/Game/Levels/CreepyHouse.CreepyHouse:PersistentLevel' has LevelScriptBlueprint '/Game/Levels/CreepyHouse.CreepyHouse:PersistentLevel.CreepyHouse' with GeneratedClass '/Game/Levels/CreepyHouse.CreepyHouse_C' with ClassGeneratedBy '/Game/Levels/CreepyHouse.CreepyHouse:PersistentLevel.CreepyHouse'
[2020.12.10-00.17.11:950][648]LogAudio: Warning: Detected orphaned looping sound 'CracklingFire'.
[2020.12.10-00.17.20:748][173]LogCharacterMovement: Duo_2 is stuck and failed to move! Velocity: X=39.51 Y=0.00 Z=0.00 Location: X=-2518.09 Y=-1438.47 Z=121.57 Normal: X=-0.99 Y=-0.01 Z=-0.13 PenetrationDepth:3.795 Actor:SM_TrimDoorFrame_DM_2 Component:DestructibleComponent0 BoneName:Part19 (0 other events since notify)
[2020.12.10-00.17.21:749][233]LogCharacterMovement: Duo_2 is stuck and failed to move! Velocity: X=68.07 Y=-5.13 Z=0.00 Location: X=-2526.55 Y=-1391.74 Z=119.51 Normal: X=0.00 Y=0.00 Z=1.00 PenetrationDepth:0.488 Actor:Cube2_2 Component:StaticMeshComponent0 BoneName:None (4 other events since notify)
[2020.12.10-00.17.56:651][327]LogNet: Browse: /Game/Levels/UI_Levels/MainMenu
[2020.12.10-00.17.56:651][327]LogLoad: LoadMap: /Game/Levels/UI_Levels/MainMenu
[2020.12.10-00.17.56:651][327]LogWorld: BeginTearingDown for /Game/Levels/UEDPIE_0_CreepyHouse
[2020.12.10-00.17.56:652][327]LogWorld: UWorld::CleanupWorld for CreepyHouse, bSessionEnded=true, bCleanupResources=true
[2020.12.10-00.17.56:683][327]LogUObjectHash: Compacting FUObjectHashTables data took   1.35ms
[2020.12.10-00.17.57:263][327]LogAIModule: Creating AISystem for world MainMenu
[2020.12.10-00.17.57:263][327]LogLoad: Game class is 'MenuGameMode_C'
[2020.12.10-00.17.57:266][327]LogWorld: Bringing World /Game/Levels/UI_Levels/UEDPIE_0_MainMenu.MainMenu up for play (max tick rate 60) at 2020.12.10-11.17.57
[2020.12.10-00.17.57:266][327]LogWorld: Bringing up level for play took: 0.002203
[2020.12.10-00.17.57:266][327]LogGameMode: FindPlayerStart: PATHS NOT DEFINED or NO PLAYERSTART with positive rating
[2020.12.10-00.17.57:267][327]LogSpawn: Warning: SpawnActor failed because no class was specified
[2020.12.10-00.17.57:269][327]LogPlayerController: Error: InputMode:UIOnly - Attempting to focus Non-Focusable widget SObjectWidget [Widget.cpp(723)]!
[2020.12.10-00.17.57:269][327]LogLoad: Took 0.618832 seconds to LoadMap(/Game/Levels/UI_Levels/MainMenu)
[2020.12.10-00.18.00:508][510]LogSlate: FSceneViewport::OnFocusLost() reason 0
[2020.12.10-00.18.00:609][516]LogBlueprintUserMessages: Early EndPlayMap Detection: Level '/Game/Levels/CreepyHouse.CreepyHouse:PersistentLevel' has LevelScriptBlueprint '/Game/Levels/CreepyHouse.CreepyHouse:PersistentLevel.CreepyHouse' with GeneratedClass '/Game/Levels/CreepyHouse.CreepyHouse_C' with ClassGeneratedBy '/Game/Levels/CreepyHouse.CreepyHouse:PersistentLevel.CreepyHouse'
[2020.12.10-00.18.00:633][516]LogSlate: Updating window title bar state: overlay mode, drag disabled, window buttons hidden, title bar hidden
[2020.12.10-00.18.00:633][516]LogWorld: BeginTearingDown for /Game/Levels/UI_Levels/UEDPIE_0_MainMenu
[2020.12.10-00.18.00:634][516]LogWorld: UWorld::CleanupWorld for MainMenu, bSessionEnded=true, bCleanupResources=true
[2020.12.10-00.18.00:639][516]LogPlayLevel: Display: Shutting down PIE online subsystems
[2020.12.10-00.18.00:639][516]LogBlueprintUserMessages: Late EndPlayMap Detection: Level '/Game/Levels/CreepyHouse.CreepyHouse:PersistentLevel' has LevelScriptBlueprint '/Game/Levels/CreepyHouse.CreepyHouse:PersistentLevel.CreepyHouse' with GeneratedClass '/Game/Levels/CreepyHouse.CreepyHouse_C' with ClassGeneratedBy '/Game/Levels/CreepyHouse.CreepyHouse:PersistentLevel.CreepyHouse'
[2020.12.10-00.18.00:667][516]LogSlate: Updating window title bar state: overlay mode, drag disabled, window buttons hidden, title bar hidden
[2020.12.10-00.18.00:671][516]LogUObjectHash: Compacting FUObjectHashTables data took   1.82ms
[2020.12.10-00.18.00:717][519]LogPlayLevel: Display: Destroying online subsystem :Context_1
[2020.12.10-00.24.58:671][972]LogEditorSessionSummary: EditorSessionSummary sent report. Type=Shutdown, SessionId={01FFC81B-4F34-160A-C931-C1BCA8E9F927}
[2020.12.10-00.26.59:038][331]LogEditorSessionSummary: EditorSessionSummary sent report. Type=Shutdown, SessionId={39D1D057-4BC0-AFDE-0CEC-469EFA067619}
[2020.12.10-00.58.08:482][281]LogSlate: FSceneViewport::OnFocusLost() reason 0
[2020.12.10-00.58.35:740][830]LogSlate: FSceneViewport::OnFocusLost() reason 0
[2020.12.10-00.58.35:868][836]LogUObjectHash: Compacting FUObjectHashTables data took   1.32ms
[2020.12.10-00.58.35:951][836]LogSlate: Window 'GameJamDuolingo - Unreal Editor' being destroyed
[2020.12.10-00.58.36:075][837]Cmd: QUIT_EDITOR
[2020.12.10-00.58.36:389][837]LogWindowsTextInputMethodSystem: Display: IME system now deactivated.
[2020.12.10-00.58.36:399][837]LogExit: Preparing to exit.
[2020.12.10-00.58.36:660][837]LogDemo: Cleaned up 0 splitscreen connections with owner deletion
[2020.12.10-00.58.36:668][837]LogWorld: UWorld::CleanupWorld for None, bSessionEnded=true, bCleanupResources=true
[2020.12.10-00.58.36:669][837]LogExit: Editor shut down
[2020.12.10-00.58.36:669][837]LogExit: Transaction tracking system shut down
[2020.12.10-00.58.36:969][837]LogExit: Object subsystem successfully closed.
[2020.12.10-00.58.36:990][837]LogShaderCompilers: Display: Shaders left to compile 0
[2020.12.10-00.58.37:002][837]LogModuleManager: Shutting down and abandoning module MovieSceneCapture (678)
[2020.12.10-00.58.37:002][837]LogModuleManager: Shutting down and abandoning module Voice (676)
[2020.12.10-00.58.37:002][837]LogModuleManager: Shutting down and abandoning module StatsViewer (674)
[2020.12.10-00.58.37:002][837]LogModuleManager: Shutting down and abandoning module HierarchicalLODOutliner (672)
[2020.12.10-00.58.37:002][837]LogModuleManager: Shutting down and abandoning module SceneOutliner (670)
[2020.12.10-00.58.37:002][837]LogModuleManager: Shutting down and abandoning module AddContentDialog (668)
[2020.12.10-00.58.37:002][837]LogModuleManager: Shutting down and abandoning module WidgetCarousel (667)
[2020.12.10-00.58.37:002][837]LogModuleManager: Shutting down and abandoning module EditorWidgets (664)
[2020.12.10-00.58.37:002][837]LogModuleManager: Shutting down and abandoning module CollectionManager (662)
[2020.12.10-00.58.37:002][837]LogModuleManager: Shutting down and abandoning module VirtualTexturingEditor (660)
[2020.12.10-00.58.37:002][837]LogModuleManager: Shutting down and abandoning module FoliageEdit (658)
[2020.12.10-00.58.37:002][837]LogModuleManager: Shutting down and abandoning module LandscapeEditor (656)
[2020.12.10-00.58.37:003][837]LogModuleManager: Shutting down and abandoning module MeshPaintMode (654)
[2020.12.10-00.58.37:003][837]LogModuleManager: Shutting down and abandoning module SceneDepthPickerMode (652)
[2020.12.10-00.58.37:003][837]LogModuleManager: Shutting down and abandoning module ActorPickerMode (650)
[2020.12.10-00.58.37:003][837]LogModuleManager: Shutting down and abandoning module GeometryMode (648)
[2020.12.10-00.58.37:003][837]LogModuleManager: Shutting down and abandoning module TextureAlignMode (646)
[2020.12.10-00.58.37:003][837]LogModuleManager: Shutting down and abandoning module BspMode (644)
[2020.12.10-00.58.37:003][837]LogModuleManager: Shutting down and abandoning module PIEPreviewDeviceProfileSelector (642)
[2020.12.10-00.58.37:003][837]LogModuleManager: Shutting down and abandoning module SequenceRecorderSections (640)
[2020.12.10-00.58.37:003][837]LogModuleManager: Shutting down and abandoning module AutomationWorker (638)
[2020.12.10-00.58.37:003][837]LogModuleManager: Shutting down and abandoning module OculusMR (636)
[2020.12.10-00.58.37:003][837]LogModuleManager: Shutting down and abandoning module AudioCaptureEditor (634)
[2020.12.10-00.58.37:003][837]LogModuleManager: Shutting down and abandoning module MatineeToLevelSequence (632)
[2020.12.10-00.58.37:003][837]LogModuleManager: Shutting down and abandoning module LevelSequenceEditor (630)
[2020.12.10-00.58.37:003][837]LogModuleManager: Shutting down and abandoning module PlacementMode (629)
[2020.12.10-00.58.37:003][837]LogModuleManager: Shutting down and abandoning module MaterialEditor (628)
[2020.12.10-00.58.37:003][837]LogModuleManager: Shutting down and abandoning module ActorSequenceEditor (624)
[2020.12.10-00.58.37:003][837]LogModuleManager: Shutting down and abandoning module WmfMediaFactory (622)
[2020.12.10-00.58.37:003][837]LogModuleManager: Shutting down and abandoning module WmfMediaEditor (620)
[2020.12.10-00.58.37:003][837]LogModuleManager: Shutting down and abandoning module WebMMediaFactory (618)
[2020.12.10-00.58.37:003][837]LogModuleManager: Shutting down and abandoning module WebMMediaEditor (616)
[2020.12.10-00.58.37:003][837]LogModuleManager: Shutting down and abandoning module WebMMedia (614)
[2020.12.10-00.58.37:003][837]LogModuleManager: Shutting down and abandoning module MediaPlayerEditor (612)
[2020.12.10-00.58.37:003][837]LogModuleManager: Shutting down and abandoning module MediaCompositingEditor (610)
[2020.12.10-00.58.37:004][837]LogModuleManager: Shutting down and abandoning module SequenceRecorder (609)
[2020.12.10-00.58.37:004][837]LogModuleManager: Shutting down and abandoning module OpenExrWrapper (606)
[2020.12.10-00.58.37:004][837]LogModuleManager: Shutting down and abandoning module ImgMediaFactory (604)
[2020.12.10-00.58.37:004][837]LogModuleManager: Shutting down and abandoning module ImgMediaEditor (602)
[2020.12.10-00.58.37:004][837]LogModuleManager: Shutting down and abandoning module AvfMediaFactory (600)
[2020.12.10-00.58.37:004][837]LogModuleManager: Shutting down and abandoning module AvfMediaEditor (598)
[2020.12.10-00.58.37:004][837]LogModuleManager: Shutting down and abandoning module AndroidMediaFactory (596)
[2020.12.10-00.58.37:004][837]LogModuleManager: Shutting down and abandoning module AndroidMediaEditor (594)
[2020.12.10-00.58.37:004][837]LogModuleManager: Shutting down and abandoning module MagicLeapCameraPreviewFactory (592)
[2020.12.10-00.58.37:004][837]LogModuleManager: Shutting down and abandoning module MagicLeapMediaCodecFactory (590)
[2020.12.10-00.58.37:004][837]LogModuleManager: Shutting down and abandoning module MagicLeapMediaFactory (588)
[2020.12.10-00.58.37:004][837]LogModuleManager: Shutting down and abandoning module MagicLeapMediaEditor (586)
[2020.12.10-00.58.37:004][837]LogModuleManager: Shutting down and abandoning module CharacterAI (584)
[2020.12.10-00.58.37:004][837]LogModuleManager: Shutting down and abandoning module SmartSnapping (582)
[2020.12.10-00.58.37:004][837]LogModuleManager: Shutting down and abandoning module SessionServices (580)
[2020.12.10-00.58.37:004][837]LogModuleManager: Shutting down and abandoning module MeshPaint (578)
[2020.12.10-00.58.37:004][837]LogModuleManager: Shutting down and abandoning module ViewportSnapping (576)
[2020.12.10-00.58.37:004][837]LogModuleManager: Shutting down and abandoning module ViewportInteraction (574)
[2020.12.10-00.58.37:004][837]LogModuleManager: Shutting down and abandoning module ClothPainter (572)
[2020.12.10-00.58.37:004][837]LogModuleManager: Shutting down and abandoning module SkeletalMeshEditor (571)
[2020.12.10-00.58.37:004][837]LogModuleManager: Shutting down and abandoning module LogVisualizer (568)
[2020.12.10-00.58.37:004][837]LogModuleManager: Shutting down and abandoning module IntroTutorials (566)
[2020.12.10-00.58.37:004][837]LogModuleManager: Shutting down and abandoning module GameProjectGeneration (565)
[2020.12.10-00.58.37:004][837]LogModuleManager: Shutting down and abandoning module LuminPlatformEditor (562)
[2020.12.10-00.58.37:004][837]LogModuleManager: Shutting down and abandoning module IOSPlatformEditor (560)
[2020.12.10-00.58.37:004][837]LogModuleManager: Shutting down and abandoning module HTML5PlatformEditor (558)
[2020.12.10-00.58.37:004][837]LogModuleManager: Shutting down and abandoning module AndroidPlatformEditor (556)
[2020.12.10-00.58.37:004][837]LogModuleManager: Shutting down and abandoning module AndroidDeviceDetection (555)
[2020.12.10-00.58.37:507][837]LogModuleManager: Shutting down and abandoning module WindowsPlatformEditor (552)
[2020.12.10-00.58.37:507][837]LogModuleManager: Shutting down and abandoning module LuminRuntimeSettings (550)
[2020.12.10-00.58.37:507][837]LogModuleManager: Shutting down and abandoning module IOSRuntimeSettings (548)
[2020.12.10-00.58.37:508][837]LogModuleManager: Shutting down and abandoning module AndroidRuntimeSettings (546)
[2020.12.10-00.58.37:508][837]LogModuleManager: Shutting down and abandoning module TimeManagementEditor (544)
[2020.12.10-00.58.37:508][837]LogModuleManager: Shutting down and abandoning module InputBindingEditor (542)
[2020.12.10-00.58.37:508][837]LogModuleManager: Shutting down and abandoning module MergeActors (540)
[2020.12.10-00.58.37:508][837]LogModuleManager: Shutting down and abandoning module LocalizationDashboard (538)
[2020.12.10-00.58.37:508][837]LogModuleManager: Shutting down and abandoning module LocalizationService (537)
[2020.12.10-00.58.37:508][837]LogModuleManager: Shutting down and abandoning module HardwareTargeting (534)
[2020.12.10-00.58.37:508][837]LogModuleManager: Shutting down and abandoning module DeviceProfileEditor (532)
[2020.12.10-00.58.37:508][837]LogModuleManager: Shutting down and abandoning module UndoHistory (530)
[2020.12.10-00.58.37:508][837]LogModuleManager: Shutting down and abandoning module XmlParser (528)
[2020.12.10-00.58.37:508][837]LogModuleManager: Shutting down and abandoning module Blutility (526)
[2020.12.10-00.58.37:508][837]LogModuleManager: Shutting down and abandoning module ProjectSettingsViewer (524)
[2020.12.10-00.58.37:508][837]LogModuleManager: Shutting down and abandoning module ProjectTargetPlatformEditor (523)
[2020.12.10-00.58.37:508][837]LogModuleManager: Shutting down and abandoning module EditorSettingsViewer (520)
[2020.12.10-00.58.37:508][837]LogModuleManager: Shutting down and abandoning module SettingsEditor (518)
[2020.12.10-00.58.37:508][837]LogModuleManager: Shutting down and abandoning module ProjectLauncher (516)
[2020.12.10-00.58.37:508][837]LogModuleManager: Shutting down and abandoning module SessionFrontend (514)
[2020.12.10-00.58.37:508][837]LogModuleManager: Shutting down and abandoning module ProfilerClient (512)
[2020.12.10-00.58.37:508][837]LogModuleManager: Shutting down and abandoning module DeviceManager (510)
[2020.12.10-00.58.37:508][837]LogModuleManager: Shutting down and abandoning module TargetDeviceServices (509)
[2020.12.10-00.58.37:551][837]LogModuleManager: Shutting down and abandoning module AutomationController (506)
[2020.12.10-00.58.37:551][837]LogModuleManager: Shutting down and abandoning module AutomationWindow (504)
[2020.12.10-00.58.37:551][837]LogModuleManager: Shutting down and abandoning module Layers (502)
[2020.12.10-00.58.37:551][837]LogModuleManager: Shutting down and abandoning module ComponentVisualizers (500)
[2020.12.10-00.58.37:551][837]LogModuleManager: Shutting down and abandoning module DetailCustomizations (498)
[2020.12.10-00.58.37:551][837]LogModuleManager: Shutting down and abandoning module PackagesDialog (496)
[2020.12.10-00.58.37:551][837]LogModuleManager: Shutting down and abandoning module AnimationBlueprintEditor (494)
[2020.12.10-00.58.37:551][837]LogModuleManager: Shutting down and abandoning module Persona (492)
[2020.12.10-00.58.37:551][837]LogModuleManager: Shutting down and abandoning module AdvancedPreviewScene (491)
[2020.12.10-00.58.37:551][837]LogModuleManager: Shutting down and abandoning module AnimGraph (489)
[2020.12.10-00.58.37:551][837]LogModuleManager: Shutting down and abandoning module Kismet (486)
[2020.12.10-00.58.37:551][837]LogModuleManager: Shutting down and abandoning module KismetWidgets (485)
[2020.12.10-00.58.37:551][837]LogModuleManager: Shutting down and abandoning module GraphEditor (482)
[2020.12.10-00.58.37:551][837]LogModuleManager: Shutting down and abandoning module StructViewer (480)
[2020.12.10-00.58.37:551][837]LogModuleManager: Shutting down and abandoning module ClassViewer (478)
[2020.12.10-00.58.37:551][837]LogModuleManager: Shutting down and abandoning module Toolbox (476)
[2020.12.10-00.58.37:551][837]LogModuleManager: Shutting down and abandoning module DesktopPlatform (475)
[2020.12.10-00.58.37:551][837]LogModuleManager: Shutting down and abandoning module ModuleUI (472)
[2020.12.10-00.58.37:552][837]LogModuleManager: Shutting down and abandoning module MovieSceneTools (470)
[2020.12.10-00.58.37:552][837]LogModuleManager: Shutting down and abandoning module OutputLog (468)
[2020.12.10-00.58.37:552][837]LogModuleManager: Shutting down and abandoning module GammaUI (466)
[2020.12.10-00.58.37:552][837]LogModuleManager: Shutting down and abandoning module Documentation (464)
[2020.12.10-00.58.37:552][837]LogModuleManager: Shutting down and abandoning module LiveCoding (462)
[2020.12.10-00.58.37:552][837]LogModuleManager: Shutting down and abandoning module LevelSequence (460)
[2020.12.10-00.58.37:552][837]LogModuleManager: Shutting down and abandoning module MovieSceneTracks (458)
[2020.12.10-00.58.37:552][837]LogModuleManager: Shutting down and abandoning module MovieScene (456)
[2020.12.10-00.58.37:552][837]LogModuleManager: Shutting down and abandoning module StreamingPauseRendering (454)
[2020.12.10-00.58.37:552][837]LogModuleManager: Shutting down and abandoning module LauncherPlatform (452)
[2020.12.10-00.58.37:552][837]LogModuleManager: Shutting down and abandoning module AnalyticsET (450)
[2020.12.10-00.58.37:552][837]LogModuleManager: Shutting down and abandoning module PortalServices (448)
[2020.12.10-00.58.37:552][837]LogModuleManager: Shutting down and abandoning module PortalRpc (446)
[2020.12.10-00.58.37:552][837]LogModuleManager: Shutting down and abandoning module MessagingRpc (444)
[2020.12.10-00.58.37:552][837]LogModuleManager: Shutting down and abandoning module AIModule (442)
[2020.12.10-00.58.37:552][837]LogModuleManager: Shutting down and abandoning module GameplayDebugger (441)
[2020.12.10-00.58.37:552][837]LogModuleManager: Shutting down and abandoning module AITestSuite (439)
[2020.12.10-00.58.37:552][837]LogModuleManager: Shutting down and abandoning module NavigationSystem (437)
[2020.12.10-00.58.37:552][837]LogModuleManager: Shutting down and abandoning module ImageWriteQueue (434)
[2020.12.10-00.58.37:555][837]LogModuleManager: Shutting down and abandoning module ProfilerService (432)
[2020.12.10-00.58.37:736][837]LogModuleManager: Shutting down and abandoning module TaskGraph (430)
[2020.12.10-00.58.37:736][837]LogModuleManager: Shutting down and abandoning module ScreenshotTools (428)
[2020.12.10-00.58.37:736][837]LogModuleManager: Shutting down and abandoning module SteamVRController (426)
[2020.12.10-00.58.37:736][837]LogModuleManager: Shutting down and abandoning module ProceduralMeshComponentEditor (424)
[2020.12.10-00.58.37:736][837]LogModuleManager: Shutting down and abandoning module ProceduralMeshComponent (422)
[2020.12.10-00.58.37:736][837]LogModuleManager: Shutting down and abandoning module OculusEditor (420)
[2020.12.10-00.58.37:736][837]LogModuleManager: Shutting down and abandoning module OculusInput (418)
[2020.12.10-00.58.37:736][837]LogModuleManager: Shutting down and abandoning module MobilePatchingUtils (416)
[2020.12.10-00.58.37:736][837]LogModuleManager: Shutting down and abandoning module EditableMesh (414)
[2020.12.10-00.58.37:736][837]LogModuleManager: Shutting down and abandoning module CustomMeshComponent (412)
[2020.12.10-00.58.37:736][837]LogModuleManager: Shutting down and abandoning module CableComponent (410)
[2020.12.10-00.58.37:736][837]LogModuleManager: Shutting down and abandoning module AudioCapture (408)
[2020.12.10-00.58.37:736][837]LogModuleManager: Shutting down and abandoning module ArchVisCharacter (406)
[2020.12.10-00.58.37:736][837]LogModuleManager: Shutting down and abandoning module AppleImageUtilsBlueprintSupport (404)
[2020.12.10-00.58.37:736][837]LogModuleManager: Shutting down and abandoning module AppleImageUtils (402)
[2020.12.10-00.58.37:736][837]LogModuleManager: Shutting down and abandoning module AndroidPermission (400)
[2020.12.10-00.58.37:736][837]LogModuleManager: Shutting down and abandoning module NUTUnrealEngine4 (398)
[2020.12.10-00.58.37:736][837]LogModuleManager: Shutting down and abandoning module NetcodeUnitTest (396)
[2020.12.10-00.58.37:737][837]LogModuleManager: Shutting down and abandoning module MediaCompositing (394)
[2020.12.10-00.58.37:737][837]LogModuleManager: Shutting down and abandoning module ImgMedia (392)
[2020.12.10-00.58.37:737][837]LogModuleManager: Shutting down and abandoning module MagicLeapHelperVulkan (390)
[2020.12.10-00.58.37:737][837]LogModuleManager: Shutting down and abandoning module MagicLeapHelperOpenGL (388)
[2020.12.10-00.58.37:737][837]LogModuleManager: Shutting down and abandoning module MagicLeapAudio (386)
[2020.12.10-00.58.37:737][837]LogModuleManager: Shutting down and abandoning module HTML5Networking (384)
[2020.12.10-00.58.37:737][837]LogModuleManager: Shutting down and abandoning module GeometryCacheTracks (382)
[2020.12.10-00.58.37:737][837]LogModuleManager: Shutting down and abandoning module GeometryCacheSequencer (380)
[2020.12.10-00.58.37:737][837]LogModuleManager: Shutting down and abandoning module BackChannel (378)
[2020.12.10-00.58.37:737][837]LogModuleManager: Shutting down and abandoning module AutomationUtilsEditor (376)
[2020.12.10-00.58.37:737][837]LogModuleManager: Shutting down and abandoning module AutomationUtils (374)
[2020.12.10-00.58.37:737][837]LogModuleManager: Shutting down and abandoning module AlembicImporter (372)
[2020.12.10-00.58.37:737][837]LogModuleManager: Shutting down and abandoning module AlembicLibrary (371)
[2020.12.10-00.58.37:737][837]LogModuleManager: Shutting down and abandoning module GeometryCache (370)
[2020.12.10-00.58.37:737][837]LogModuleManager: Shutting down and abandoning module GeometryCacheEd (369)
[2020.12.10-00.58.37:737][837]LogModuleManager: Shutting down and abandoning module VariantManagerContent (364)
[2020.12.10-00.58.37:737][837]LogModuleManager: Shutting down and abandoning module DatasmithContentEditor (362)
[2020.12.10-00.58.37:737][837]LogModuleManager: Shutting down and abandoning module SpeedTreeImporter (360)
[2020.12.10-00.58.37:737][837]LogModuleManager: Shutting down and abandoning module PluginBrowser (358)
[2020.12.10-00.58.37:737][837]LogModuleManager: Shutting down and abandoning module MobileLauncherProfileWizard (356)
[2020.12.10-00.58.37:737][837]LogModuleManager: Shutting down and abandoning module MaterialAnalyzer (354)
[2020.12.10-00.58.37:737][837]LogModuleManager: Shutting down and abandoning module CurveEditorTools (352)
[2020.12.10-00.58.37:737][837]LogModuleManager: Shutting down and abandoning module CurveEditor (351)
[2020.12.10-00.58.37:737][837]LogModuleManager: Shutting down and abandoning module CryptoKeysOpenSSL (348)
[2020.12.10-00.58.37:737][837]LogModuleManager: Shutting down and abandoning module CryptoKeys (346)
[2020.12.10-00.58.37:737][837]LogModuleManager: Shutting down and abandoning module VisualStudioSourceCodeAccess (344)
[2020.12.10-00.58.37:737][837]LogModuleManager: Shutting down and abandoning module VisualStudioCodeSourceCodeAccess (342)
[2020.12.10-00.58.37:737][837]LogModuleManager: Shutting down and abandoning module UObjectPlugin (340)
[2020.12.10-00.58.37:737][837]LogModuleManager: Shutting down and abandoning module SubversionSourceControl (338)
[2020.12.10-00.58.37:737][837]LogModuleManager: Shutting down and abandoning module PerforceSourceControl (336)
[2020.12.10-00.58.37:737][837]LogModuleManager: Shutting down and abandoning module GitSourceControl (334)
[2020.12.10-00.58.37:737][837]LogModuleManager: Shutting down and abandoning module SourceControl (333)
[2020.12.10-00.58.37:737][837]LogModuleManager: Shutting down and abandoning module CLionSourceCodeAccess (330)
[2020.12.10-00.58.37:737][837]LogModuleManager: Shutting down and abandoning module AnimationSharingEd (328)
[2020.12.10-00.58.37:737][837]LogModuleManager: Shutting down and abandoning module ActorLayerUtilitiesEditor (326)
[2020.12.10-00.58.37:737][837]LogModuleManager: Shutting down and abandoning module ActorLayerUtilities (324)
[2020.12.10-00.58.37:737][837]LogModuleManager: Shutting down and abandoning module LightPropagationVolumeEditor (322)
[2020.12.10-00.58.37:737][837]LogModuleManager: Shutting down and abandoning module PaperTiledImporter (320)
[2020.12.10-00.58.37:737][837]LogModuleManager: Shutting down and abandoning module PaperSpriteSheetImporter (318)
[2020.12.10-00.58.37:737][837]LogModuleManager: Shutting down and abandoning module Paper2DEditor (316)
[2020.12.10-00.58.37:737][837]LogModuleManager: Shutting down and abandoning module GameJamDuolingo (314)
[2020.12.10-00.58.37:737][837]LogModuleManager: Shutting down and abandoning module SignificanceManager (312)
[2020.12.10-00.58.37:737][837]LogModuleManager: Shutting down and abandoning module RuntimePhysXCooking (310)
[2020.12.10-00.58.37:737][837]LogModuleManager: Shutting down and abandoning module PhysXVehiclesEditor (308)
[2020.12.10-00.58.37:737][837]LogModuleManager: Shutting down and abandoning module LocationServicesBPLibrary (304)
[2020.12.10-00.58.37:737][837]LogModuleManager: Shutting down and abandoning module ApexDestructionEditor (302)
[2020.12.10-00.58.37:737][837]LogModuleManager: Shutting down and abandoning module ApexDestruction (300)
[2020.12.10-00.58.37:737][837]LogModuleManager: Shutting down and abandoning module ActorSequence (298)
[2020.12.10-00.58.37:737][837]LogModuleManager: Shutting down and abandoning module UdpMessaging (296)
[2020.12.10-00.58.37:839][837]LogModuleManager: Shutting down and abandoning module TcpMessaging (294)
[2020.12.10-00.58.37:939][837]LogModuleManager: Shutting down and abandoning module MagicLeapIdentity (292)
[2020.12.10-00.58.37:939][837]LogModuleManager: Shutting down and abandoning module MagicLeapSecureStorage (290)
[2020.12.10-00.58.37:939][837]LogModuleManager: Shutting down and abandoning module MagicLeapHandTracking (288)
[2020.12.10-00.58.37:939][837]LogModuleManager: Shutting down and abandoning module MagicLeapEyeTracker (286)
[2020.12.10-00.58.37:939][837]LogModuleManager: Shutting down and abandoning module MagicLeapController (284)
[2020.12.10-00.58.37:939][837]LogSlate: Slate User Destroyed.  User Index 0, Is Virtual User: 0
[2020.12.10-00.58.37:939][837]LogModuleManager: Shutting down and abandoning module MagicLeapAR (282)
[2020.12.10-00.58.37:939][837]LogModuleManager: Shutting down and abandoning module AugmentedReality (281)
[2020.12.10-00.58.37:939][837]LogModuleManager: Shutting down and abandoning module GameplayTagsEditor (278)
[2020.12.10-00.58.37:939][837]LogModuleManager: Shutting down and abandoning module FacialAnimationEditor (276)
[2020.12.10-00.58.37:939][837]LogModuleManager: Shutting down and abandoning module FacialAnimation (274)
[2020.12.10-00.58.37:939][837]LogModuleManager: Shutting down and abandoning module DataValidation (272)
[2020.12.10-00.58.37:939][837]LogModuleManager: Shutting down and abandoning module AssetManagerEditor (270)
[2020.12.10-00.58.37:939][837]LogModuleManager: Shutting down and abandoning module LevelEditor (269)
[2020.12.10-00.58.37:939][837]LogModuleManager: Shutting down and abandoning module PixelInspectorModule (268)
[2020.12.10-00.58.37:939][837]LogModuleManager: Shutting down and abandoning module CommonMenuExtensions (266)
[2020.12.10-00.58.37:940][837]LogModuleManager: Shutting down and abandoning module MainFrame (264)
[2020.12.10-00.58.37:940][837]LogModuleManager: Shutting down and abandoning module HotReload (263)
[2020.12.10-00.58.37:940][837]LogModuleManager: Shutting down and abandoning module ContentBrowser (259)
[2020.12.10-00.58.37:941][837]LogModuleManager: Shutting down and abandoning module TreeMap (257)
[2020.12.10-00.58.37:942][837]LogModuleManager: Shutting down and abandoning module AnimationSharing (254)
[2020.12.10-00.58.37:942][837]LogModuleManager: Shutting down and abandoning module LightPropagationVolumeRuntime (252)
[2020.12.10-00.58.37:942][837]LogModuleManager: Shutting down and abandoning module Paper2D (250)
[2020.12.10-00.58.37:942][837]LogModuleManager: Shutting down and abandoning module WindowsMoviePlayer (248)
[2020.12.10-00.58.37:945][837]LogModuleManager: Shutting down and abandoning module WebMMoviePlayer (246)
[2020.12.10-00.58.37:945][837]LogModuleManager: Shutting down and abandoning module NetworkReplayStreaming (244)
[2020.12.10-00.58.37:945][837]LogModuleManager: Shutting down and abandoning module PacketHandler (242)
[2020.12.10-00.58.37:945][837]LogModuleManager: Shutting down and abandoning module ClothingSystemEditor (240)
[2020.12.10-00.58.37:945][837]LogModuleManager: Shutting down and abandoning module ClothingSystemRuntime (238)
[2020.12.10-00.58.37:945][837]LogModuleManager: Shutting down and abandoning module MediaAssets (236)
[2020.12.10-00.58.37:945][837]LogModuleManager: Shutting down and abandoning module Overlay (234)
[2020.12.10-00.58.37:945][837]LogModuleManager: Shutting down and abandoning module OverlayEditor (233)
[2020.12.10-00.58.37:945][837]LogModuleManager: Shutting down and abandoning module VREditor (230)
[2020.12.10-00.58.37:945][837]LogModuleManager: Shutting down and abandoning module StringTableEditor (228)
[2020.12.10-00.58.37:945][837]LogModuleManager: Shutting down and abandoning module GameplayTasksEditor (226)
[2020.12.10-00.58.37:945][837]LogModuleManager: Shutting down and abandoning module BehaviorTreeEditor (224)
[2020.12.10-00.58.37:945][837]LogModuleManager: Shutting down and abandoning module FunctionalTesting (222)
[2020.12.10-00.58.37:945][837]LogModuleManager: Shutting down and abandoning module CollisionAnalyzer (220)
[2020.12.10-00.58.37:945][837]LogModuleManager: Shutting down and abandoning module WorkspaceMenuStructure (219)
[2020.12.10-00.58.37:945][837]LogModuleManager: Shutting down and abandoning module UMG (216)
[2020.12.10-00.58.37:945][837]LogModuleManager: Shutting down and abandoning module UMGEditor (215)
[2020.12.10-00.58.37:945][837]LogModuleManager: Shutting down and abandoning module Sequencer (214)
[2020.12.10-00.58.37:945][837]LogModuleManager: Shutting down and abandoning module MessageLog (211)
[2020.12.10-00.58.37:945][837]LogModuleManager: Shutting down and abandoning module SlateReflector (206)
[2020.12.10-00.58.37:945][837]LogModuleManager: Shutting down and abandoning module Slate (204)
[2020.12.10-00.58.37:946][837]LogModuleManager: Shutting down and abandoning module LandscapeEditorUtilities (202)
[2020.12.10-00.58.37:946][837]LogModuleManager: Shutting down and abandoning module EditorStyle (200)
[2020.12.10-00.58.37:947][837]LogModuleManager: Shutting down and abandoning module UnrealEd (198)
[2020.12.10-00.58.37:947][837]LogModuleManager: Shutting down and abandoning module MRMesh (196)
[2020.12.10-00.58.37:947][837]LogModuleManager: Shutting down and abandoning module SourceCodeAccess (194)
[2020.12.10-00.58.37:947][837]LogModuleManager: Shutting down and abandoning module HeadMountedDisplay (192)
[2020.12.10-00.58.37:947][837]LogModuleManager: Shutting down and abandoning module XAudio2 (190)
[2020.12.10-00.58.37:947][837]LogModuleManager: Shutting down and abandoning module Networking (188)
[2020.12.10-00.58.37:947][837]LogModuleManager: Shutting down and abandoning module Core (186)
[2020.12.10-00.58.37:947][837]LogModuleManager: Shutting down and abandoning module KismetCompiler (184)
[2020.12.10-00.58.37:947][837]LogModuleManager: Shutting down and abandoning module MeshUtilities (182)
[2020.12.10-00.58.37:947][837]LogModuleManager: Shutting down and abandoning module MeshMergeUtilities (181)
[2020.12.10-00.58.37:947][837]LogModuleManager: Shutting down and abandoning module MeshReductionInterface (180)
[2020.12.10-00.58.37:947][837]LogModuleManager: Shutting down and abandoning module SkeletalMeshReduction (179)
[2020.12.10-00.58.37:947][837]LogModuleManager: Shutting down and abandoning module ProxyLODMeshReduction (177)
[2020.12.10-00.58.37:947][837]LogModuleManager: Shutting down and abandoning module QuadricMeshReduction (175)
[2020.12.10-00.58.37:947][837]LogModuleManager: Shutting down and abandoning module MaterialBaking (171)
[2020.12.10-00.58.37:947][837]LogModuleManager: Shutting down and abandoning module NullInstallBundleManager (166)
[2020.12.10-00.58.37:947][837]LogModuleManager: Shutting down and abandoning module DerivedDataCache (164)
[2020.12.10-00.58.38:037][837]LogDerivedDataCache: Shutdown
[2020.12.10-00.58.38:037][837]LogModuleManager: Shutting down and abandoning module XGEController (162)
[2020.12.10-00.58.38:037][837]LogModuleManager: Shutting down and abandoning module TargetPlatform (160)
[2020.12.10-00.58.38:037][837]LogModuleManager: Shutting down and abandoning module VulkanShaderFormat (159)
[2020.12.10-00.58.38:037][837]LogModuleManager: Shutting down and abandoning module ShaderFormatVectorVM (157)
[2020.12.10-00.58.38:037][837]LogModuleManager: Shutting down and abandoning module ShaderFormatOpenGL (155)
[2020.12.10-00.58.38:037][837]LogModuleManager: Shutting down and abandoning module ShaderFormatD3D (153)
[2020.12.10-00.58.38:037][837]LogModuleManager: Shutting down and abandoning module MetalShaderFormat (151)
[2020.12.10-00.58.38:038][837]LogModuleManager: Shutting down and abandoning module TextureFormatUncompressed (149)
[2020.12.10-00.58.38:038][837]LogModuleManager: Shutting down and abandoning module TextureFormatPVR (147)
[2020.12.10-00.58.38:038][837]LogModuleManager: Shutting down and abandoning module TextureFormatDXT (145)
[2020.12.10-00.58.38:038][837]LogModuleManager: Shutting down and abandoning module TextureFormatIntelISPCTexComp (143)
[2020.12.10-00.58.38:038][837]LogModuleManager: Shutting down and abandoning module TextureFormatASTC (141)
[2020.12.10-00.58.38:038][837]LogModuleManager: Shutting down and abandoning module ImageWrapper (140)
[2020.12.10-00.58.38:038][837]LogModuleManager: Shutting down and abandoning module TextureFormatAndroid (137)
[2020.12.10-00.58.38:038][837]LogModuleManager: Shutting down and abandoning module AudioFormatOpus (135)
[2020.12.10-00.58.38:038][837]LogModuleManager: Shutting down and abandoning module AudioFormatOgg (133)
[2020.12.10-00.58.38:038][837]LogModuleManager: Shutting down and abandoning module AudioFormatADPCM (131)
[2020.12.10-00.58.38:038][837]LogModuleManager: Shutting down and abandoning module LuminTargetPlatform (129)
[2020.12.10-00.58.38:040][837]LogModuleManager: Shutting down and abandoning module LinuxTargetPlatform (127)
[2020.12.10-00.58.38:040][837]LogModuleManager: Shutting down and abandoning module LinuxServerTargetPlatform (125)
[2020.12.10-00.58.38:040][837]LogModuleManager: Shutting down and abandoning module LinuxNoEditorTargetPlatform (123)
[2020.12.10-00.58.38:040][837]LogModuleManager: Shutting down and abandoning module LinuxClientTargetPlatform (121)
[2020.12.10-00.58.38:040][837]LogModuleManager: Shutting down and abandoning module TVOSTargetPlatform (119)
[2020.12.10-00.58.38:042][837]LogModuleManager: Shutting down and abandoning module Messaging (117)
[2020.12.10-00.58.38:042][837]LogModuleManager: Shutting down and abandoning module IOSTargetPlatform (115)
[2020.12.10-00.58.38:044][837]LogModuleManager: Shutting down and abandoning module HTML5TargetPlatform (113)
[2020.12.10-00.58.38:044][837]LogModuleManager: Shutting down and abandoning module AndroidTargetPlatform (111)
[2020.12.10-00.58.38:055][837]LogModuleManager: Shutting down and abandoning module WindowsTargetPlatform (109)
[2020.12.10-00.58.38:055][837]LogModuleManager: Shutting down and abandoning module WindowsServerTargetPlatform (107)
[2020.12.10-00.58.38:055][837]LogModuleManager: Shutting down and abandoning module WindowsNoEditorTargetPlatform (105)
[2020.12.10-00.58.38:055][837]LogModuleManager: Shutting down and abandoning module WindowsClientTargetPlatform (103)
[2020.12.10-00.58.38:055][837]LogModuleManager: Shutting down and abandoning module MacTargetPlatform (101)
[2020.12.10-00.58.38:055][837]LogModuleManager: Shutting down and abandoning module MacServerTargetPlatform (99)
[2020.12.10-00.58.38:055][837]LogModuleManager: Shutting down and abandoning module MacNoEditorTargetPlatform (97)
[2020.12.10-00.58.38:055][837]LogModuleManager: Shutting down and abandoning module MacClientTargetPlatform (95)
[2020.12.10-00.58.38:055][837]LogModuleManager: Shutting down and abandoning module AllDesktopTargetPlatform (93)
[2020.12.10-00.58.38:055][837]LogModuleManager: Shutting down and abandoning module InputCore (90)
[2020.12.10-00.58.38:055][837]LogModuleManager: Shutting down and abandoning module Settings (88)
[2020.12.10-00.58.38:055][837]LogModuleManager: Shutting down and abandoning module DirectoryWatcher (86)
[2020.12.10-00.58.38:055][837]LogModuleManager: Shutting down and abandoning module PhysXCooking (84)
[2020.12.10-00.58.38:055][837]LogModuleManager: Shutting down and abandoning module WindowsPlatformFeatures (82)
[2020.12.10-00.58.38:055][837]LogModuleManager: Shutting down and abandoning module GameplayMediaEncoder (81)
[2020.12.10-00.58.38:055][837]LogModuleManager: Shutting down and abandoning module SteamVR (78)
[2020.12.10-00.58.38:055][837]LogHMD: Freeing OpenVRDLLHandle.
[2020.12.10-00.58.38:055][837]LogModuleManager: Shutting down and abandoning module OculusHMD (76)
[2020.12.10-00.58.38:056][837]LogModuleManager: Shutting down and abandoning module ExampleDeviceProfileSelector (74)
[2020.12.10-00.58.38:056][837]LogModuleManager: Shutting down and abandoning module LauncherChunkInstaller (72)
[2020.12.10-00.58.38:056][837]LogModuleManager: Shutting down and abandoning module OnlineBlueprintSupport (70)
[2020.12.10-00.58.38:056][837]LogModuleManager: Shutting down and abandoning module OnlineSubsystem (66)
[2020.12.10-00.58.38:056][837]LogModuleManager: Shutting down and abandoning module XMPP (61)
[2020.12.10-00.58.38:057][837]LogModuleManager: Shutting down and abandoning module WebSockets (60)
[2020.12.10-00.58.38:072][837]LogModuleManager: Shutting down and abandoning module HTTP (57)
[2020.12.10-00.58.38:072][837]LogHttp: Display: Http module shutting down, but needs to wait on 1 outstanding Http requests:
[2020.12.10-00.58.38:072][837]LogHttp: Display: 	verb=[POST] url=[https://datarouter.ol.epicgames.com/datarouter/api/v1/public/data?SessionID=%7BD19F6B19-4CE5-74E4-7220-4B93A57A4F71%7D&AppID=UEEditor.Rocket.Release&AppVersion=4.23.1-9631420%2B%2B%2BUE4%2BRelease-4.23&UserID=987d7f904dfcaf1a9af5c0a73df46591%7Cf1bc93e31d4b485dba4f68ada6746567%7C269bd337-694f-4cc1-b2de-02527b441c40&AppEnvironment=datacollector-binary&UploadType=eteventstream] status=Processing
[2020.12.10-00.58.38:089][837]LogModuleManager: Shutting down and abandoning module SSL (56)
[2020.12.10-00.58.38:090][837]LogModuleManager: Shutting down and abandoning module WmfMedia (52)
[2020.12.10-00.58.38:091][837]LogModuleManager: Shutting down and abandoning module Media (51)
[2020.12.10-00.58.38:092][837]LogModuleManager: Shutting down and abandoning module MagicLeap (48)
[2020.12.10-00.58.38:092][837]LogModuleManager: Shutting down and abandoning module DatasmithContent (46)
[2020.12.10-00.58.38:092][837]LogModuleManager: Shutting down and abandoning module AISupportModule (44)
[2020.12.10-00.58.38:092][837]LogModuleManager: Shutting down and abandoning module PlatformCryptoOpenSSL (42)
[2020.12.10-00.58.38:092][837]LogModuleManager: Shutting down and abandoning module PlatformCrypto (40)
[2020.12.10-00.58.38:092][837]LogModuleManager: Shutting down and abandoning module AnimationModifiers (38)
[2020.12.10-00.58.38:092][837]LogModuleManager: Shutting down and abandoning module PropertyEditor (37)
[2020.12.10-00.58.38:092][837]LogModuleManager: Shutting down and abandoning module AudioEditor (34)
[2020.12.10-00.58.38:092][837]LogModuleManager: Shutting down and abandoning module TextureCompressor (32)
[2020.12.10-00.58.38:093][837]LogModuleManager: Shutting down and abandoning module RenderCore (30)
[2020.12.10-00.58.38:093][837]LogModuleManager: Shutting down and abandoning module Landscape (28)
[2020.12.10-00.58.38:093][837]LogModuleManager: Shutting down and abandoning module SlateRHIRenderer (26)
[2020.12.10-00.58.38:094][837]LogModuleManager: Shutting down and abandoning module OpenGLDrv (24)
[2020.12.10-00.58.38:094][837]LogModuleManager: Shutting down and abandoning module D3D11RHI (22)
[2020.12.10-00.58.38:094][837]LogModuleManager: Shutting down and abandoning module AnimGraphRuntime (20)
[2020.12.10-00.58.38:094][837]LogModuleManager: Shutting down and abandoning module Renderer (18)
[2020.12.10-00.58.38:094][837]LogModuleManager: Shutting down and abandoning module Engine (16)
[2020.12.10-00.58.38:094][837]LogModuleManager: Shutting down and abandoning module CoreUObject (14)
[2020.12.10-00.58.38:094][837]LogModuleManager: Shutting down and abandoning module NetworkFile (12)
[2020.12.10-00.58.38:094][837]LogModuleManager: Shutting down and abandoning module CookedIterativeFile (10)
[2020.12.10-00.58.38:094][837]LogModuleManager: Shutting down and abandoning module StreamingFile (8)
[2020.12.10-00.58.38:094][837]LogModuleManager: Shutting down and abandoning module SandboxFile (6)
[2020.12.10-00.58.38:094][837]LogModuleManager: Shutting down and abandoning module PakFile (4)
[2020.12.10-00.58.38:094][837]LogModuleManager: Shutting down and abandoning module RSA (3)
[2020.12.10-00.58.38:095][837]LogD3D11RHI: Shutdown
[2020.12.10-00.58.38:095][837]LogD3D11RHI: CleanupD3DDevice
[2020.12.10-00.58.38:095][837]LogRendererCore: FGlobalDynamicReadBuffer::Cleanup()
[2020.12.10-00.58.38:095][837]LogRendererCore: FGlobalDynamicReadBuffer::Cleanup()
[2020.12.10-00.58.38:095][837]LogRendererCore: FGlobalDynamicReadBuffer::Cleanup()
[2020.12.10-00.58.38:201][837]LogD3D11RHI: ~FD3D11DynamicRHI
[2020.12.10-00.58.38:212][837]LogExit: Exiting.
[2020.12.10-00.58.38:249][837]Log file closed, 12/10/20 11:58:38
