Log file open, 12/07/20 16:24:19
LogWindows: Failed to load 'aqProf.dll' (GetLastError=126)
LogWindows: File 'aqProf.dll' does not exist
LogWindows: Failed to load 'VtuneApi.dll' (GetLastError=126)
LogWindows: File 'VtuneApi.dll' does not exist
LogWindows: Failed to load 'VtuneApi32e.dll' (GetLastError=126)
LogWindows: File 'VtuneApi32e.dll' does not exist
LogConsoleResponse: Display: Failed to find resolution value strings in scalability ini. Falling back to default.
LogInit: Display: Running engine for game: GameJamDuolingo
LogPlatformFile: Not using cached read wrapper
LogTaskGraph: Started task graph with 5 named threads and 23 total threads with 3 sets of task threads.
LogStats: Stats thread started at 0.208615
LogD3D11RHI: Loaded GFSDK_Aftermath_Lib.x64.dll
LogICUInternationalization: ICU TimeZone Detection - Raw Offset: +10:00, Platform Override: ''
LogPluginManager: Mounting plugin Paper2D
LogPluginManager: Mounting plugin AISupport
LogPluginManager: Mounting plugin LightPropagationVolume
LogPluginManager: Mounting plugin ActorLayerUtilities
LogPluginManager: Mounting plugin AnimationSharing
LogPluginManager: Mounting plugin CLionSourceCodeAccess
LogPluginManager: Mounting plugin CodeLiteSourceCodeAccess
LogPluginManager: Mounting plugin GitSourceControl
LogPluginManager: Mounting plugin KDevelopSourceCodeAccess
LogPluginManager: Mounting plugin NullSourceCodeAccess
LogPluginManager: Mounting plugin PerforceSourceControl
LogPluginManager: Mounting plugin SubversionSourceControl
LogPluginManager: Mounting plugin UObjectPlugin
LogPluginManager: Mounting plugin VisualStudioCodeSourceCodeAccess
LogPluginManager: Mounting plugin VisualStudioSourceCodeAccess
LogPluginManager: Mounting plugin XCodeSourceCodeAccess
LogPluginManager: Mounting plugin AssetManagerEditor
LogPluginManager: Mounting plugin CryptoKeys
LogPluginManager: Mounting plugin CurveEditorTools
LogPluginManager: Mounting plugin DataValidation
LogPluginManager: Mounting plugin FacialAnimation
LogPluginManager: Mounting plugin GameplayTagsEditor
LogPluginManager: Mounting plugin MacGraphicsSwitching
LogPluginManager: Mounting plugin MaterialAnalyzer
LogPluginManager: Mounting plugin MobileLauncherProfileWizard
LogPluginManager: Mounting plugin PluginBrowser
LogPluginManager: Mounting plugin SpeedTreeImporter
LogPluginManager: Mounting plugin DatasmithContent
LogPluginManager: Mounting plugin VariantManagerContent
LogPluginManager: Mounting plugin AlembicImporter
LogPluginManager: Mounting plugin AutomationUtils
LogPluginManager: Mounting plugin BackChannel
LogPluginManager: Mounting plugin CharacterAI
LogPluginManager: Mounting plugin GeometryCache
LogPluginManager: Mounting plugin HTML5Networking
LogPluginManager: Mounting plugin PlatformCrypto
LogPluginManager: Mounting plugin ProxyLODPlugin
LogPluginManager: Mounting plugin SkeletalReduction
LogPluginManager: Mounting plugin MagicLeap
LogPluginManager: Mounting plugin MagicLeapMedia
LogPluginManager: Mounting plugin AndroidMedia
LogPluginManager: Mounting plugin AvfMedia
LogPluginManager: Mounting plugin ImgMedia
LogPluginManager: Mounting plugin MediaCompositing
LogPluginManager: Mounting plugin MediaPlayerEditor
LogPluginManager: Mounting plugin WebMMedia
LogPluginManager: Mounting plugin WmfMedia
LogPluginManager: Mounting plugin TcpMessaging
LogPluginManager: Mounting plugin UdpMessaging
LogPluginManager: Mounting plugin ActorSequence
LogPluginManager: Mounting plugin LevelSequenceEditor
LogPluginManager: Mounting plugin MatineeToLevelSequence
LogPluginManager: Mounting plugin NetcodeUnitTest
LogPluginManager: Mounting plugin NUTUnrealEngine4
LogPluginManager: Mounting plugin OnlineSubsystemGooglePlay
LogPluginManager: Mounting plugin OnlineSubsystemIOS
LogPluginManager: Mounting plugin OnlineSubsystem
LogPluginManager: Mounting plugin OnlineSubsystemNull
LogPluginManager: Mounting plugin OnlineSubsystemUtils
LogPluginManager: Mounting plugin LauncherChunkInstaller
LogPluginManager: Mounting plugin AndroidDeviceProfileSelector
LogPluginManager: Mounting plugin AndroidMoviePlayer
LogPluginManager: Mounting plugin AndroidPermission
LogPluginManager: Mounting plugin AppleImageUtils
LogPluginManager: Mounting plugin AppleMoviePlayer
LogPluginManager: Mounting plugin ArchVisCharacter
LogPluginManager: Mounting plugin AudioCapture
LogPluginManager: Mounting plugin CableComponent
LogPluginManager: Mounting plugin CustomMeshComponent
LogPluginManager: Mounting plugin EditableMesh
LogPluginManager: Mounting plugin ExampleDeviceProfileSelector
LogPluginManager: Mounting plugin GoogleCloudMessaging
LogPluginManager: Mounting plugin IOSDeviceProfileSelector
LogPluginManager: Mounting plugin LinuxDeviceProfileSelector
LogPluginManager: Mounting plugin LocationServicesBPLibrary
LogPluginManager: Mounting plugin MobilePatchingUtils
LogPluginManager: Mounting plugin OculusVR
LogPluginManager: Mounting plugin PhysXVehicles
LogPluginManager: Mounting plugin ProceduralMeshComponent
LogPluginManager: Mounting plugin RuntimePhysXCooking
LogPluginManager: Mounting plugin SignificanceManager
LogPluginManager: Mounting plugin SteamVR
LogPluginManager: Mounting plugin WebMMoviePlayer
LogPluginManager: Mounting plugin WindowsMoviePlayer
LogPluginManager: Mounting plugin ScreenshotTools
LogInit: Using libcurl 7.55.1-DEV
LogInit:  - built for x86_64-pc-win32
LogInit:  - supports SSL with OpenSSL/1.1.1
LogInit:  - supports HTTP deflate (compression) using libz 1.2.8
LogInit:  - other features:
LogInit:      CURL_VERSION_SSL
LogInit:      CURL_VERSION_LIBZ
LogInit:      CURL_VERSION_IPV6
LogInit:      CURL_VERSION_ASYNCHDNS
LogInit:      CURL_VERSION_LARGEFILE
LogInit:      CURL_VERSION_IDN
LogInit:  CurlRequestOptions (configurable via config and command line):
LogInit:  - bVerifyPeer = true  - Libcurl will verify peer certificate
LogInit:  - bUseHttpProxy = false  - Libcurl will NOT use HTTP proxy
LogInit:  - bDontReuseConnections = false  - Libcurl will reuse connections
LogInit:  - MaxHostConnections = 16  - Libcurl will limit the number of connections to a host
LogInit:  - LocalHostAddr = Default
LogInit:  - BufferSize = 65536
LogOnline: OSS: Creating online subsystem instance for: NULL
LogInit: WinSock: version 1.1 (2.2), MaxSocks=32767, MaxUdp=65467
LogInit: Build: ++UE4+Release-4.23-CL-9631420
LogInit: Engine Version: 4.23.1-9631420+++UE4+Release-4.23
LogInit: Compatible Engine Version: 4.23.0-8386587+++UE4+Release-4.23
LogInit: Net CL: 8386587
LogInit: OS: Windows 10 (Release 1909) (), CPU: Intel(R) Core(TM) i7-7700HQ CPU @ 2.80GHz, GPU: Intel(R) HD Graphics 630
LogInit: Compiled (64-bit): Oct 18 2019 02:07:44
LogInit: Compiled with Visual C++: 19.16.27030.01
LogInit: Build Configuration: Development
LogInit: Branch Name: ++UE4+Release-4.23
LogInit: Command Line: 
LogInit: Base Directory: C:/Program Files/Epic Games/UE_4.23/Engine/Binaries/Win64/
LogInit: Installed Engine Build: 1
LogDevObjectVersion: Number of dev versions registered: 23
LogDevObjectVersion:   Dev-Blueprints (B0D832E4-1F89-4F0D-ACCF-7EB736FD4AA2): 10
LogDevObjectVersion:   Dev-Build (E1C64328-A22C-4D53-A36C-8E866417BD8C): 0
LogDevObjectVersion:   Dev-Core (375EC13C-06E4-48FB-B500-84F0262A717E): 3
LogDevObjectVersion:   Dev-Editor (E4B068ED-F494-42E9-A231-DA0B2E46BB41): 34
LogDevObjectVersion:   Dev-Framework (CFFC743F-43B0-4480-9391-14DF171D2073): 35
LogDevObjectVersion:   Dev-Mobile (B02B49B5-BB20-44E9-A304-32B752E40360): 2
LogDevObjectVersion:   Dev-Networking (A4E4105C-59A1-49B5-A7C5-40C4547EDFEE): 0
LogDevObjectVersion:   Dev-Online (39C831C9-5AE6-47DC-9A44-9C173E1C8E7C): 0
LogDevObjectVersion:   Dev-Physics (78F01B33-EBEA-4F98-B9B4-84EACCB95AA2): 0
LogDevObjectVersion:   Dev-Platform (6631380F-2D4D-43E0-8009-CF276956A95A): 0
LogDevObjectVersion:   Dev-Rendering (12F88B9F-8875-4AFC-A67C-D90C383ABD29): 31
LogDevObjectVersion:   Dev-Sequencer (7B5AE74C-D270-4C10-A958-57980B212A5A): 11
LogDevObjectVersion:   Dev-VR (D7296918-1DD6-4BDD-9DE2-64A83CC13884): 2
LogDevObjectVersion:   Dev-LoadTimes (C2A15278-BFE7-4AFE-6C17-90FF531DF755): 1
LogDevObjectVersion:   Private-Geometry (6EACA3D4-40EC-4CC1-B786-8BED09428FC5): 3
LogDevObjectVersion:   Dev-AnimPhys (29E575DD-E0A3-4627-9D10-D276232CDCEA): 17
LogDevObjectVersion:   Dev-Anim (AF43A65D-7FD3-4947-9873-3E8ED9C1BB05): 2
LogDevObjectVersion:   Dev-ReflectionCapture (6B266CEC-1EC7-4B8F-A30B-E4D90942FC07): 1
LogDevObjectVersion:   Dev-Automation (0DF73D61-A23F-47EA-B727-89E90C41499A): 1
LogDevObjectVersion:   FortniteMain (601D1886-AC64-4F84-AA16-D3DE0DEAC7D6): 27
LogDevObjectVersion:   Dev-Enterprise (9DFFBCD6-494F-0158-E221-12823C92A888): 6
LogDevObjectVersion:   Dev-Niagara (F2AED0AC-9AFE-416F-8664-AA7FFA26D6FC): 1
LogDevObjectVersion:   Dev-Destruction (174F1F0B-B4C6-45A5-B13F-2EE8D0FB917D): 9
LogInit: Presizing for max 16777216 objects, including 0 objects not considered by GC, pre-allocating 0 bytes for permanent pool.
LogInit: Object subsystem initialized
LogConfig: Setting CVar [[con.DebugEarlyDefault:1]]
LogConfig: Setting CVar [[r.setres:1280x720]]
[2020.12.07-05.24.19:991][  0]LogConfig: Setting CVar [[r.VSync:0]]
[2020.12.07-05.24.19:991][  0]LogConfig: Setting CVar [[r.RHICmdBypass:0]]
[2020.12.07-05.24.19:991][  0]LogConfig: Applying CVar settings from Section [/Script/Engine.RendererSettings] File [C:/Users/Joshu/Desktop/GameJamDuolingo/GameJamDuolingo/Saved/Config/Windows/Engine.ini]
[2020.12.07-05.24.19:991][  0]LogConfig: Setting CVar [[r.GPUCrashDebugging:0]]
[2020.12.07-05.24.19:991][  0]LogConfig: Applying CVar settings from Section [/Script/Engine.RendererOverrideSettings] File [C:/Users/Joshu/Desktop/GameJamDuolingo/GameJamDuolingo/Saved/Config/Windows/Engine.ini]
[2020.12.07-05.24.19:991][  0]LogConfig: Applying CVar settings from Section [/Script/Engine.StreamingSettings] File [C:/Users/Joshu/Desktop/GameJamDuolingo/GameJamDuolingo/Saved/Config/Windows/Engine.ini]
[2020.12.07-05.24.19:991][  0]LogConfig: Setting CVar [[s.MinBulkDataSizeForAsyncLoading:131072]]
[2020.12.07-05.24.19:991][  0]LogConfig: Setting CVar [[s.AsyncLoadingThreadEnabled:0]]
[2020.12.07-05.24.19:991][  0]LogConfig: Setting CVar [[s.EventDrivenLoaderEnabled:1]]
[2020.12.07-05.24.19:991][  0]LogConfig: Setting CVar [[s.WarnIfTimeLimitExceeded:0]]
[2020.12.07-05.24.19:992][  0]LogConfig: Setting CVar [[s.TimeLimitExceededMultiplier:1.5]]
[2020.12.07-05.24.19:992][  0]LogConfig: Setting CVar [[s.TimeLimitExceededMinTime:0.005]]
[2020.12.07-05.24.19:992][  0]LogConfig: Setting CVar [[s.UseBackgroundLevelStreaming:1]]
[2020.12.07-05.24.19:992][  0]LogConfig: Setting CVar [[s.PriorityAsyncLoadingExtraTime:15.0]]
[2020.12.07-05.24.19:992][  0]LogConfig: Setting CVar [[s.LevelStreamingActorsUpdateTimeLimit:5.0]]
[2020.12.07-05.24.19:992][  0]LogConfig: Setting CVar [[s.PriorityLevelStreamingActorsUpdateExtraTime:5.0]]
[2020.12.07-05.24.19:992][  0]LogConfig: Setting CVar [[s.LevelStreamingComponentsRegistrationGranularity:10]]
[2020.12.07-05.24.19:992][  0]LogConfig: Setting CVar [[s.UnregisterComponentsTimeLimit:1.0]]
[2020.12.07-05.24.19:992][  0]LogConfig: Setting CVar [[s.LevelStreamingComponentsUnregistrationGranularity:5]]
[2020.12.07-05.24.19:992][  0]LogConfig: Applying CVar settings from Section [/Script/Engine.GarbageCollectionSettings] File [C:/Users/Joshu/Desktop/GameJamDuolingo/GameJamDuolingo/Saved/Config/Windows/Engine.ini]
[2020.12.07-05.24.19:992][  0]LogConfig: Setting CVar [[gc.MaxObjectsNotConsideredByGC:1]]
[2020.12.07-05.24.19:992][  0]LogConfig: Setting CVar [[gc.SizeOfPermanentObjectPool:0]]
[2020.12.07-05.24.19:992][  0]LogConfig: Setting CVar [[gc.FlushStreamingOnGC:0]]
[2020.12.07-05.24.19:992][  0]LogConfig: Setting CVar [[gc.NumRetriesBeforeForcingGC:10]]
[2020.12.07-05.24.19:992][  0]LogConfig: Setting CVar [[gc.AllowParallelGC:1]]
[2020.12.07-05.24.19:992][  0]LogConfig: Setting CVar [[gc.TimeBetweenPurgingPendingKillObjects:61.1]]
[2020.12.07-05.24.19:992][  0]LogConfig: Setting CVar [[gc.MaxObjectsInEditor:16777216]]
[2020.12.07-05.24.19:992][  0]LogConfig: Setting CVar [[gc.IncrementalBeginDestroyEnabled:1]]
[2020.12.07-05.24.19:992][  0]LogConfig: Setting CVar [[gc.CreateGCClusters:1]]
[2020.12.07-05.24.19:992][  0]LogConfig: Setting CVar [[gc.MinGCClusterSize:5]]
[2020.12.07-05.24.19:992][  0]LogConfig: Setting CVar [[gc.ActorClusteringEnabled:0]]
[2020.12.07-05.24.19:992][  0]LogConfig: Setting CVar [[gc.BlueprintClusteringEnabled:0]]
[2020.12.07-05.24.19:992][  0]LogConfig: Setting CVar [[gc.UseDisregardForGCOnDedicatedServers:0]]
[2020.12.07-05.24.19:992][  0]LogConfig: Applying CVar settings from Section [/Script/Engine.NetworkSettings] File [C:/Users/Joshu/Desktop/GameJamDuolingo/GameJamDuolingo/Saved/Config/Windows/Engine.ini]
[2020.12.07-05.24.19:992][  0]LogConfig: Applying CVar settings from Section [/Script/UnrealEd.CookerSettings] File [C:/Users/Joshu/Desktop/GameJamDuolingo/GameJamDuolingo/Saved/Config/Windows/Engine.ini]
[2020.12.07-05.24.19:997][  0]LogConfig: Applying CVar settings from Section [ViewDistanceQuality@3] File [C:/Users/Joshu/Desktop/GameJamDuolingo/GameJamDuolingo/Saved/Config/Windows/Scalability.ini]
[2020.12.07-05.24.19:997][  0]LogConfig: Setting CVar [[r.SkeletalMeshLODBias:0]]
[2020.12.07-05.24.19:997][  0]LogConfig: Setting CVar [[r.ViewDistanceScale:1.0]]
[2020.12.07-05.24.19:997][  0]LogConfig: Applying CVar settings from Section [AntiAliasingQuality@3] File [C:/Users/Joshu/Desktop/GameJamDuolingo/GameJamDuolingo/Saved/Config/Windows/Scalability.ini]
[2020.12.07-05.24.19:997][  0]LogConfig: Setting CVar [[r.PostProcessAAQuality:4]]
[2020.12.07-05.24.19:997][  0]LogConfig: Applying CVar settings from Section [ShadowQuality@3] File [C:/Users/Joshu/Desktop/GameJamDuolingo/GameJamDuolingo/Saved/Config/Windows/Scalability.ini]
[2020.12.07-05.24.19:997][  0]LogConfig: Setting CVar [[r.LightFunctionQuality:1]]
[2020.12.07-05.24.19:997][  0]LogConfig: Setting CVar [[r.ShadowQuality:5]]
[2020.12.07-05.24.19:997][  0]LogConfig: Setting CVar [[r.Shadow.CSM.MaxCascades:10]]
[2020.12.07-05.24.19:997][  0]LogConfig: Setting CVar [[r.Shadow.MaxResolution:2048]]
[2020.12.07-05.24.19:997][  0]LogConfig: Setting CVar [[r.Shadow.MaxCSMResolution:2048]]
[2020.12.07-05.24.19:997][  0]LogConfig: Setting CVar [[r.Shadow.RadiusThreshold:0.01]]
[2020.12.07-05.24.19:997][  0]LogConfig: Setting CVar [[r.Shadow.DistanceScale:1.0]]
[2020.12.07-05.24.19:997][  0]LogConfig: Setting CVar [[r.Shadow.CSM.TransitionScale:1.0]]
[2020.12.07-05.24.19:997][  0]LogConfig: Setting CVar [[r.Shadow.PreShadowResolutionFactor:1.0]]
[2020.12.07-05.24.19:997][  0]LogConfig: Setting CVar [[r.DistanceFieldShadowing:1]]
[2020.12.07-05.24.19:997][  0]LogConfig: Setting CVar [[r.DistanceFieldAO:1]]
[2020.12.07-05.24.19:997][  0]LogConfig: Setting CVar [[r.AOQuality:2]]
[2020.12.07-05.24.19:997][  0]LogConfig: Setting CVar [[r.VolumetricFog:1]]
[2020.12.07-05.24.19:997][  0]LogConfig: Setting CVar [[r.VolumetricFog.GridPixelSize:8]]
[2020.12.07-05.24.19:997][  0]LogConfig: Setting CVar [[r.VolumetricFog.GridSizeZ:128]]
[2020.12.07-05.24.19:997][  0]LogConfig: Setting CVar [[r.VolumetricFog.HistoryMissSupersampleCount:4]]
[2020.12.07-05.24.19:997][  0]LogConfig: Setting CVar [[r.LightMaxDrawDistanceScale:1]]
[2020.12.07-05.24.19:997][  0]LogConfig: Setting CVar [[r.CapsuleShadows:1]]
[2020.12.07-05.24.19:997][  0]LogConfig: Applying CVar settings from Section [PostProcessQuality@3] File [C:/Users/Joshu/Desktop/GameJamDuolingo/GameJamDuolingo/Saved/Config/Windows/Scalability.ini]
[2020.12.07-05.24.19:997][  0]LogConfig: Setting CVar [[r.MotionBlurQuality:4]]
[2020.12.07-05.24.19:997][  0]LogConfig: Setting CVar [[r.AmbientOcclusionMipLevelFactor:0.4]]
[2020.12.07-05.24.19:998][  0]LogConfig: Setting CVar [[r.AmbientOcclusionMaxQuality:100]]
[2020.12.07-05.24.19:998][  0]LogConfig: Setting CVar [[r.AmbientOcclusionLevels:-1]]
[2020.12.07-05.24.19:998][  0]LogConfig: Setting CVar [[r.AmbientOcclusionRadiusScale:1.0]]
[2020.12.07-05.24.19:998][  0]LogConfig: Setting CVar [[r.DepthOfFieldQuality:2]]
[2020.12.07-05.24.19:998][  0]LogConfig: Setting CVar [[r.RenderTargetPoolMin:400]]
[2020.12.07-05.24.19:998][  0]LogConfig: Setting CVar [[r.LensFlareQuality:2]]
[2020.12.07-05.24.19:998][  0]LogConfig: Setting CVar [[r.SceneColorFringeQuality:1]]
[2020.12.07-05.24.19:998][  0]LogConfig: Setting CVar [[r.EyeAdaptationQuality:2]]
[2020.12.07-05.24.19:998][  0]LogConfig: Setting CVar [[r.BloomQuality:5]]
[2020.12.07-05.24.19:998][  0]LogConfig: Setting CVar [[r.FastBlurThreshold:100]]
[2020.12.07-05.24.19:998][  0]LogConfig: Setting CVar [[r.Upscale.Quality:3]]
[2020.12.07-05.24.19:998][  0]LogConfig: Setting CVar [[r.Tonemapper.GrainQuantization:1]]
[2020.12.07-05.24.19:998][  0]LogConfig: Setting CVar [[r.LightShaftQuality:1]]
[2020.12.07-05.24.19:998][  0]LogConfig: Setting CVar [[r.Filter.SizeScale:1]]
[2020.12.07-05.24.19:998][  0]LogConfig: Setting CVar [[r.Tonemapper.Quality:5]]
[2020.12.07-05.24.19:998][  0]LogConfig: Setting CVar [[r.DOF.Gather.AccumulatorQuality:1        ; higher gathering accumulator quality]]
[2020.12.07-05.24.19:998][  0]LogConfig: Setting CVar [[r.DOF.Gather.PostfilterMethod:1          ; Median3x3 postfilering method]]
[2020.12.07-05.24.19:998][  0]LogConfig: Setting CVar [[r.DOF.Gather.EnableBokehSettings:0       ; no bokeh simulation when gathering]]
[2020.12.07-05.24.19:998][  0]LogConfig: Setting CVar [[r.DOF.Gather.RingCount:4                 ; medium number of samples when gathering]]
[2020.12.07-05.24.19:998][  0]LogConfig: Setting CVar [[r.DOF.Scatter.ForegroundCompositing:1    ; additive foreground scattering]]
[2020.12.07-05.24.19:998][  0]LogConfig: Setting CVar [[r.DOF.Scatter.BackgroundCompositing:2    ; additive background scattering]]
[2020.12.07-05.24.19:998][  0]LogConfig: Setting CVar [[r.DOF.Scatter.EnableBokehSettings:1      ; bokeh simulation when scattering]]
[2020.12.07-05.24.19:998][  0]LogConfig: Setting CVar [[r.DOF.Scatter.MaxSpriteRatio:0.1         ; only a maximum of 10% of scattered bokeh]]
[2020.12.07-05.24.19:998][  0]LogConfig: Setting CVar [[r.DOF.Recombine.Quality:1                ; cheap slight out of focus]]
[2020.12.07-05.24.19:998][  0]LogConfig: Setting CVar [[r.DOF.Recombine.EnableBokehSettings:0    ; no bokeh simulation on slight out of focus]]
[2020.12.07-05.24.19:998][  0]LogConfig: Setting CVar [[r.DOF.TemporalAAQuality:1                ; more stable temporal accumulation]]
[2020.12.07-05.24.19:998][  0]LogConfig: Setting CVar [[r.DOF.Kernel.MaxForegroundRadius:0.025]]
[2020.12.07-05.24.19:998][  0]LogConfig: Setting CVar [[r.DOF.Kernel.MaxBackgroundRadius:0.025]]
[2020.12.07-05.24.19:998][  0]LogConfig: Applying CVar settings from Section [TextureQuality@3] File [C:/Users/Joshu/Desktop/GameJamDuolingo/GameJamDuolingo/Saved/Config/Windows/Scalability.ini]
[2020.12.07-05.24.19:998][  0]LogConfig: Setting CVar [[r.Streaming.MipBias:0]]
[2020.12.07-05.24.19:998][  0]LogConfig: Setting CVar [[r.Streaming.AmortizeCPUToGPUCopy:0]]
[2020.12.07-05.24.19:998][  0]LogConfig: Setting CVar [[r.Streaming.MaxNumTexturesToStreamPerFrame:0]]
[2020.12.07-05.24.19:998][  0]LogConfig: Setting CVar [[r.Streaming.Boost:1]]
[2020.12.07-05.24.19:998][  0]LogConfig: Setting CVar [[r.MaxAnisotropy:8]]
[2020.12.07-05.24.19:998][  0]LogConfig: Setting CVar [[r.Streaming.LimitPoolSizeToVRAM:0]]
[2020.12.07-05.24.19:998][  0]LogConfig: Setting CVar [[r.Streaming.PoolSize:1000]]
[2020.12.07-05.24.19:998][  0]LogConfig: Setting CVar [[r.Streaming.MaxEffectiveScreenSize:0]]
[2020.12.07-05.24.19:998][  0]LogConfig: Applying CVar settings from Section [EffectsQuality@3] File [C:/Users/Joshu/Desktop/GameJamDuolingo/GameJamDuolingo/Saved/Config/Windows/Scalability.ini]
[2020.12.07-05.24.19:998][  0]LogConfig: Setting CVar [[r.TranslucencyLightingVolumeDim:64]]
[2020.12.07-05.24.19:998][  0]LogConfig: Setting CVar [[r.RefractionQuality:2]]
[2020.12.07-05.24.19:998][  0]LogConfig: Setting CVar [[r.SSR.Quality:3]]
[2020.12.07-05.24.19:998][  0]LogConfig: Setting CVar [[r.SceneColorFormat:4]]
[2020.12.07-05.24.19:998][  0]LogConfig: Setting CVar [[r.DetailMode:2]]
[2020.12.07-05.24.19:998][  0]LogConfig: Setting CVar [[r.TranslucencyVolumeBlur:1]]
[2020.12.07-05.24.19:998][  0]LogConfig: Setting CVar [[r.MaterialQualityLevel:1 ; High quality]]
[2020.12.07-05.24.19:998][  0]LogConfig: Setting CVar [[r.SSS.Scale:1]]
[2020.12.07-05.24.19:998][  0]LogConfig: Setting CVar [[r.SSS.SampleSet:2]]
[2020.12.07-05.24.19:998][  0]LogConfig: Setting CVar [[r.SSS.Quality:1]]
[2020.12.07-05.24.19:998][  0]LogConfig: Setting CVar [[r.SSS.HalfRes:1]]
[2020.12.07-05.24.19:998][  0]LogConfig: Setting CVar [[r.EmitterSpawnRateScale:1.0]]
[2020.12.07-05.24.19:998][  0]LogConfig: Setting CVar [[r.ParticleLightQuality:2]]
[2020.12.07-05.24.19:998][  0]LogConfig: Applying CVar settings from Section [FoliageQuality@3] File [C:/Users/Joshu/Desktop/GameJamDuolingo/GameJamDuolingo/Saved/Config/Windows/Scalability.ini]
[2020.12.07-05.24.19:998][  0]LogConfig: Setting CVar [[foliage.DensityScale:1.0]]
[2020.12.07-05.24.19:998][  0]LogConfig: Setting CVar [[grass.DensityScale:1.0]]
[2020.12.07-05.24.19:998][  0]LogInit: Selected Device Profile: [Windows]
[2020.12.07-05.24.19:998][  0]LogInit: Applying CVar settings loaded from the selected device profile: [Windows]
[2020.12.07-05.24.20:014][  0]LogHAL: Display: Platform has ~ 16 GB [17042722816 / 17179869184 / 16], which maps to Larger [LargestMinGB=32, LargerMinGB=12, DefaultMinGB=8, SmallerMinGB=6, SmallestMinGB=0)
[2020.12.07-05.24.20:014][  0]LogInit: Going up to parent DeviceProfile []
[2020.12.07-05.24.20:014][  0]LogConfig: Applying CVar settings from Section [ViewDistanceQuality@3] File [C:/Users/Joshu/Desktop/GameJamDuolingo/GameJamDuolingo/Saved/Config/Windows/Scalability.ini]
[2020.12.07-05.24.20:014][  0]LogConfig: Setting CVar [[r.SkeletalMeshLODBias:0]]
[2020.12.07-05.24.20:014][  0]LogConfig: Setting CVar [[r.ViewDistanceScale:1.0]]
[2020.12.07-05.24.20:014][  0]LogConfig: Applying CVar settings from Section [AntiAliasingQuality@3] File [C:/Users/Joshu/Desktop/GameJamDuolingo/GameJamDuolingo/Saved/Config/Windows/Scalability.ini]
[2020.12.07-05.24.20:014][  0]LogConfig: Setting CVar [[r.PostProcessAAQuality:4]]
[2020.12.07-05.24.20:014][  0]LogConfig: Applying CVar settings from Section [ShadowQuality@3] File [C:/Users/Joshu/Desktop/GameJamDuolingo/GameJamDuolingo/Saved/Config/Windows/Scalability.ini]
[2020.12.07-05.24.20:014][  0]LogConfig: Setting CVar [[r.LightFunctionQuality:1]]
[2020.12.07-05.24.20:014][  0]LogConfig: Setting CVar [[r.ShadowQuality:5]]
[2020.12.07-05.24.20:014][  0]LogConfig: Setting CVar [[r.Shadow.CSM.MaxCascades:10]]
[2020.12.07-05.24.20:014][  0]LogConfig: Setting CVar [[r.Shadow.MaxResolution:2048]]
[2020.12.07-05.24.20:014][  0]LogConfig: Setting CVar [[r.Shadow.MaxCSMResolution:2048]]
[2020.12.07-05.24.20:014][  0]LogConfig: Setting CVar [[r.Shadow.RadiusThreshold:0.01]]
[2020.12.07-05.24.20:014][  0]LogConfig: Setting CVar [[r.Shadow.DistanceScale:1.0]]
[2020.12.07-05.24.20:014][  0]LogConfig: Setting CVar [[r.Shadow.CSM.TransitionScale:1.0]]
[2020.12.07-05.24.20:014][  0]LogConfig: Setting CVar [[r.Shadow.PreShadowResolutionFactor:1.0]]
[2020.12.07-05.24.20:014][  0]LogConfig: Setting CVar [[r.DistanceFieldShadowing:1]]
[2020.12.07-05.24.20:014][  0]LogConfig: Setting CVar [[r.DistanceFieldAO:1]]
[2020.12.07-05.24.20:014][  0]LogConfig: Setting CVar [[r.AOQuality:2]]
[2020.12.07-05.24.20:014][  0]LogConfig: Setting CVar [[r.VolumetricFog:1]]
[2020.12.07-05.24.20:014][  0]LogConfig: Setting CVar [[r.VolumetricFog.GridPixelSize:8]]
[2020.12.07-05.24.20:014][  0]LogConfig: Setting CVar [[r.VolumetricFog.GridSizeZ:128]]
[2020.12.07-05.24.20:014][  0]LogConfig: Setting CVar [[r.VolumetricFog.HistoryMissSupersampleCount:4]]
[2020.12.07-05.24.20:014][  0]LogConfig: Setting CVar [[r.LightMaxDrawDistanceScale:1]]
[2020.12.07-05.24.20:014][  0]LogConfig: Setting CVar [[r.CapsuleShadows:1]]
[2020.12.07-05.24.20:014][  0]LogConfig: Applying CVar settings from Section [PostProcessQuality@3] File [C:/Users/Joshu/Desktop/GameJamDuolingo/GameJamDuolingo/Saved/Config/Windows/Scalability.ini]
[2020.12.07-05.24.20:014][  0]LogConfig: Setting CVar [[r.MotionBlurQuality:4]]
[2020.12.07-05.24.20:014][  0]LogConfig: Setting CVar [[r.AmbientOcclusionMipLevelFactor:0.4]]
[2020.12.07-05.24.20:015][  0]LogConfig: Setting CVar [[r.AmbientOcclusionMaxQuality:100]]
[2020.12.07-05.24.20:015][  0]LogConfig: Setting CVar [[r.AmbientOcclusionLevels:-1]]
[2020.12.07-05.24.20:015][  0]LogConfig: Setting CVar [[r.AmbientOcclusionRadiusScale:1.0]]
[2020.12.07-05.24.20:015][  0]LogConfig: Setting CVar [[r.DepthOfFieldQuality:2]]
[2020.12.07-05.24.20:015][  0]LogConfig: Setting CVar [[r.RenderTargetPoolMin:400]]
[2020.12.07-05.24.20:015][  0]LogConfig: Setting CVar [[r.LensFlareQuality:2]]
[2020.12.07-05.24.20:015][  0]LogConfig: Setting CVar [[r.SceneColorFringeQuality:1]]
[2020.12.07-05.24.20:015][  0]LogConfig: Setting CVar [[r.EyeAdaptationQuality:2]]
[2020.12.07-05.24.20:015][  0]LogConfig: Setting CVar [[r.BloomQuality:5]]
[2020.12.07-05.24.20:015][  0]LogConfig: Setting CVar [[r.FastBlurThreshold:100]]
[2020.12.07-05.24.20:015][  0]LogConfig: Setting CVar [[r.Upscale.Quality:3]]
[2020.12.07-05.24.20:015][  0]LogConfig: Setting CVar [[r.Tonemapper.GrainQuantization:1]]
[2020.12.07-05.24.20:015][  0]LogConfig: Setting CVar [[r.LightShaftQuality:1]]
[2020.12.07-05.24.20:015][  0]LogConfig: Setting CVar [[r.Filter.SizeScale:1]]
[2020.12.07-05.24.20:015][  0]LogConfig: Setting CVar [[r.Tonemapper.Quality:5]]
[2020.12.07-05.24.20:015][  0]LogConfig: Setting CVar [[r.DOF.Gather.AccumulatorQuality:1        ; higher gathering accumulator quality]]
[2020.12.07-05.24.20:015][  0]LogConfig: Setting CVar [[r.DOF.Gather.PostfilterMethod:1          ; Median3x3 postfilering method]]
[2020.12.07-05.24.20:015][  0]LogConfig: Setting CVar [[r.DOF.Gather.EnableBokehSettings:0       ; no bokeh simulation when gathering]]
[2020.12.07-05.24.20:015][  0]LogConfig: Setting CVar [[r.DOF.Gather.RingCount:4                 ; medium number of samples when gathering]]
[2020.12.07-05.24.20:015][  0]LogConfig: Setting CVar [[r.DOF.Scatter.ForegroundCompositing:1    ; additive foreground scattering]]
[2020.12.07-05.24.20:015][  0]LogConfig: Setting CVar [[r.DOF.Scatter.BackgroundCompositing:2    ; additive background scattering]]
[2020.12.07-05.24.20:015][  0]LogConfig: Setting CVar [[r.DOF.Scatter.EnableBokehSettings:1      ; bokeh simulation when scattering]]
[2020.12.07-05.24.20:015][  0]LogConfig: Setting CVar [[r.DOF.Scatter.MaxSpriteRatio:0.1         ; only a maximum of 10% of scattered bokeh]]
[2020.12.07-05.24.20:015][  0]LogConfig: Setting CVar [[r.DOF.Recombine.Quality:1                ; cheap slight out of focus]]
[2020.12.07-05.24.20:015][  0]LogConfig: Setting CVar [[r.DOF.Recombine.EnableBokehSettings:0    ; no bokeh simulation on slight out of focus]]
[2020.12.07-05.24.20:015][  0]LogConfig: Setting CVar [[r.DOF.TemporalAAQuality:1                ; more stable temporal accumulation]]
[2020.12.07-05.24.20:015][  0]LogConfig: Setting CVar [[r.DOF.Kernel.MaxForegroundRadius:0.025]]
[2020.12.07-05.24.20:015][  0]LogConfig: Setting CVar [[r.DOF.Kernel.MaxBackgroundRadius:0.025]]
[2020.12.07-05.24.20:015][  0]LogConfig: Applying CVar settings from Section [TextureQuality@3] File [C:/Users/Joshu/Desktop/GameJamDuolingo/GameJamDuolingo/Saved/Config/Windows/Scalability.ini]
[2020.12.07-05.24.20:015][  0]LogConfig: Setting CVar [[r.Streaming.MipBias:0]]
[2020.12.07-05.24.20:015][  0]LogConfig: Setting CVar [[r.Streaming.AmortizeCPUToGPUCopy:0]]
[2020.12.07-05.24.20:015][  0]LogConfig: Setting CVar [[r.Streaming.MaxNumTexturesToStreamPerFrame:0]]
[2020.12.07-05.24.20:015][  0]LogConfig: Setting CVar [[r.Streaming.Boost:1]]
[2020.12.07-05.24.20:015][  0]LogConfig: Setting CVar [[r.MaxAnisotropy:8]]
[2020.12.07-05.24.20:015][  0]LogConfig: Setting CVar [[r.Streaming.LimitPoolSizeToVRAM:0]]
[2020.12.07-05.24.20:015][  0]LogConfig: Setting CVar [[r.Streaming.PoolSize:1000]]
[2020.12.07-05.24.20:015][  0]LogConfig: Setting CVar [[r.Streaming.MaxEffectiveScreenSize:0]]
[2020.12.07-05.24.20:015][  0]LogConfig: Applying CVar settings from Section [EffectsQuality@3] File [C:/Users/Joshu/Desktop/GameJamDuolingo/GameJamDuolingo/Saved/Config/Windows/Scalability.ini]
[2020.12.07-05.24.20:015][  0]LogConfig: Setting CVar [[r.TranslucencyLightingVolumeDim:64]]
[2020.12.07-05.24.20:015][  0]LogConfig: Setting CVar [[r.RefractionQuality:2]]
[2020.12.07-05.24.20:015][  0]LogConfig: Setting CVar [[r.SSR.Quality:3]]
[2020.12.07-05.24.20:015][  0]LogConfig: Setting CVar [[r.SceneColorFormat:4]]
[2020.12.07-05.24.20:015][  0]LogConfig: Setting CVar [[r.DetailMode:2]]
[2020.12.07-05.24.20:015][  0]LogConfig: Setting CVar [[r.TranslucencyVolumeBlur:1]]
[2020.12.07-05.24.20:015][  0]LogConfig: Setting CVar [[r.MaterialQualityLevel:1 ; High quality]]
[2020.12.07-05.24.20:015][  0]LogConfig: Setting CVar [[r.SSS.Scale:1]]
[2020.12.07-05.24.20:015][  0]LogConfig: Setting CVar [[r.SSS.SampleSet:2]]
[2020.12.07-05.24.20:015][  0]LogConfig: Setting CVar [[r.SSS.Quality:1]]
[2020.12.07-05.24.20:015][  0]LogConfig: Setting CVar [[r.SSS.HalfRes:1]]
[2020.12.07-05.24.20:015][  0]LogConfig: Setting CVar [[r.EmitterSpawnRateScale:1.0]]
[2020.12.07-05.24.20:015][  0]LogConfig: Setting CVar [[r.ParticleLightQuality:2]]
[2020.12.07-05.24.20:015][  0]LogConfig: Applying CVar settings from Section [FoliageQuality@3] File [C:/Users/Joshu/Desktop/GameJamDuolingo/GameJamDuolingo/Saved/Config/Windows/Scalability.ini]
[2020.12.07-05.24.20:015][  0]LogConfig: Setting CVar [[foliage.DensityScale:1.0]]
[2020.12.07-05.24.20:015][  0]LogConfig: Setting CVar [[grass.DensityScale:1.0]]
[2020.12.07-05.24.20:015][  0]LogConfig: Applying CVar settings from Section [Startup] File [../../../Engine/Config/ConsoleVariables.ini]
[2020.12.07-05.24.20:108][  0]LogConfig: Setting CVar [[net.UseAdaptiveNetUpdateFrequency:0]]
[2020.12.07-05.24.20:108][  0]LogConfig: Setting CVar [[p.chaos.AllowCreatePhysxBodies:1]]
[2020.12.07-05.24.20:108][  0]LogConfig: Applying CVar settings from Section [ConsoleVariables] File [C:/Users/Joshu/Desktop/GameJamDuolingo/GameJamDuolingo/Saved/Config/Windows/Engine.ini]
[2020.12.07-05.24.20:109][  0]LogInit: Computer: DESKTOP-2RKGA2I
[2020.12.07-05.24.20:109][  0]LogInit: User: Joshu
[2020.12.07-05.24.20:109][  0]LogInit: CPU Page size=4096, Cores=4
[2020.12.07-05.24.20:109][  0]LogInit: High frequency timer resolution =10.000000 MHz
[2020.12.07-05.24.20:109][  0]LogMemory: Memory total: Physical=15.9GB (16GB approx)
[2020.12.07-05.24.20:109][  0]LogMemory: Platform Memory Stats for Windows
[2020.12.07-05.24.20:109][  0]LogMemory: Process Physical Memory: 104.09 MB used, 104.09 MB peak
[2020.12.07-05.24.20:109][  0]LogMemory: Process Virtual Memory: 88.68 MB used, 88.68 MB peak
[2020.12.07-05.24.20:109][  0]LogMemory: Physical Memory: 10866.29 MB used,  5386.91 MB free, 16253.21 MB total
[2020.12.07-05.24.20:109][  0]LogMemory: Virtual Memory: 4657.10 MB used,  134213072.00 MB free, 134217728.00 MB total
[2020.12.07-05.24.20:115][  0]LogWindows: WindowsPlatformFeatures enabled
[2020.12.07-05.24.20:352][  0]LogInit: Using OS detected language (en-US).
[2020.12.07-05.24.20:352][  0]LogInit: Using OS detected locale (en-AU).
[2020.12.07-05.24.20:353][  0]LogTextLocalizationManager: No specific localization for 'en-US' exists, so the 'en' localization will be used.
[2020.12.07-05.24.20:719][  0]LogInit: Setting process to per monitor DPI aware
[2020.12.07-05.24.20:899][  0]LogSlate: New Slate User Created.  User Index 0, Is Virtual User: 0
[2020.12.07-05.24.20:899][  0]LogSlate: Slate User Registered.  User Index 0, Is Virtual User: 0
[2020.12.07-05.24.25:228][  0]LogHMD: Failed to initialize OpenVR with code 110
[2020.12.07-05.24.25:228][  0]LogD3D11RHI: D3D11 adapters:
[2020.12.07-05.24.25:323][  0]LogD3D11RHI:    0. 'NVIDIA GeForce GTX 1070' (Feature Level 11_0)
[2020.12.07-05.24.25:323][  0]LogD3D11RHI:       8081/0/8126 MB DedicatedVideo/DedicatedSystem/SharedSystem, Outputs:2, VendorId:0x10de
[2020.12.07-05.24.25:368][  0]LogD3D11RHI:    1. 'Intel(R) HD Graphics 630' (Feature Level 11_0)
[2020.12.07-05.24.25:368][  0]LogD3D11RHI:       128/0/8126 MB DedicatedVideo/DedicatedSystem/SharedSystem, Outputs:0, VendorId:0x8086
[2020.12.07-05.24.25:373][  0]LogD3D11RHI:    2. 'Microsoft Basic Render Driver' (Feature Level 11_0)
[2020.12.07-05.24.25:373][  0]LogD3D11RHI:       0/0/8126 MB DedicatedVideo/DedicatedSystem/SharedSystem, Outputs:0, VendorId:0x1414
[2020.12.07-05.24.25:373][  0]LogD3D11RHI: Chosen D3D11 Adapter: 0
[2020.12.07-05.24.25:433][  0]LogD3D11RHI: Creating new Direct3DDevice
[2020.12.07-05.24.25:433][  0]LogD3D11RHI:     GPU DeviceId: 0x1ba1 (for the marketing name, search the web for "GPU Device Id")
[2020.12.07-05.24.25:433][  0]LogWindows: EnumDisplayDevices:
[2020.12.07-05.24.25:434][  0]LogWindows:    0. 'Intel(R) HD Graphics 630' (P:1 D:1)
[2020.12.07-05.24.25:434][  0]LogWindows:    1. 'Intel(R) HD Graphics 630' (P:0 D:0)
[2020.12.07-05.24.25:437][  0]LogWindows:    2. 'Intel(R) HD Graphics 630' (P:0 D:0)
[2020.12.07-05.24.25:437][  0]LogWindows:    3. 'NVIDIA GeForce GTX 1070' (P:0 D:1)
[2020.12.07-05.24.25:437][  0]LogWindows:    4. 'NVIDIA GeForce GTX 1070' (P:0 D:0)
[2020.12.07-05.24.25:437][  0]LogWindows:    5. 'NVIDIA GeForce GTX 1070' (P:0 D:0)
[2020.12.07-05.24.25:437][  0]LogWindows:    6. 'NVIDIA GeForce GTX 1070' (P:0 D:0)
[2020.12.07-05.24.25:437][  0]LogWindows: DebugString: PrimaryIsNotTheChoosenAdapter PrimaryIsNotTheChoosenAdapter PrimaryIsNotTheChoosenAdapter FoundDriverCount:4 
[2020.12.07-05.24.25:437][  0]LogD3D11RHI:     Adapter Name: NVIDIA GeForce GTX 1070
[2020.12.07-05.24.25:438][  0]LogD3D11RHI:   Driver Version: 443.25 (internal:26.21.14.4325, unified:443.25)
[2020.12.07-05.24.25:438][  0]LogD3D11RHI:      Driver Date: 5-24-2020
[2020.12.07-05.24.25:438][  0]LogRHI: Texture pool is 5656 MB (70% of 8081 MB)
[2020.12.07-05.24.25:502][  0]LogD3D11RHI: Async texture creation enabled
[2020.12.07-05.24.25:515][  0]LogD3D11RHI: GPU Timing Frequency: 1000.000000 (Debug: 2 1)
[2020.12.07-05.24.25:951][  0]LogTemp: Display: Module 'AllDesktopTargetPlatform' loaded TargetPlatform 'AllDesktop'
[2020.12.07-05.24.25:961][  0]LogTemp: Display: Module 'MacClientTargetPlatform' loaded TargetPlatform 'MacClient'
[2020.12.07-05.24.25:973][  0]LogTemp: Display: Module 'MacNoEditorTargetPlatform' loaded TargetPlatform 'MacNoEditor'
[2020.12.07-05.24.25:983][  0]LogTemp: Display: Module 'MacServerTargetPlatform' loaded TargetPlatform 'MacServer'
[2020.12.07-05.24.26:003][  0]LogTemp: Display: Module 'MacTargetPlatform' loaded TargetPlatform 'Mac'
[2020.12.07-05.24.26:013][  0]LogTemp: Display: Module 'WindowsClientTargetPlatform' loaded TargetPlatform 'WindowsClient'
[2020.12.07-05.24.26:022][  0]LogTemp: Display: Module 'WindowsNoEditorTargetPlatform' loaded TargetPlatform 'WindowsNoEditor'
[2020.12.07-05.24.26:031][  0]LogTemp: Display: Module 'WindowsServerTargetPlatform' loaded TargetPlatform 'WindowsServer'
[2020.12.07-05.24.26:037][  0]LogTemp: Display: Module 'WindowsTargetPlatform' loaded TargetPlatform 'Windows'
[2020.12.07-05.24.26:091][  0]LogTemp: Display: Module 'AndroidTargetPlatform' loaded TargetPlatform 'Android'
[2020.12.07-05.24.26:091][  0]LogTemp: Display: Module 'AndroidTargetPlatform' loaded TargetPlatform 'Android_ASTC'
[2020.12.07-05.24.26:091][  0]LogTemp: Display: Module 'AndroidTargetPlatform' loaded TargetPlatform 'Android_ATC'
[2020.12.07-05.24.26:091][  0]LogTemp: Display: Module 'AndroidTargetPlatform' loaded TargetPlatform 'Android_DXT'
[2020.12.07-05.24.26:091][  0]LogTemp: Display: Module 'AndroidTargetPlatform' loaded TargetPlatform 'Android_ETC1'
[2020.12.07-05.24.26:091][  0]LogTemp: Display: Module 'AndroidTargetPlatform' loaded TargetPlatform 'Android_ETC1a'
[2020.12.07-05.24.26:091][  0]LogTemp: Display: Module 'AndroidTargetPlatform' loaded TargetPlatform 'Android_ETC2'
[2020.12.07-05.24.26:091][  0]LogTemp: Display: Module 'AndroidTargetPlatform' loaded TargetPlatform 'Android_PVRTC'
[2020.12.07-05.24.26:091][  0]LogTemp: Display: Module 'AndroidTargetPlatform' loaded TargetPlatform 'AndroidClient'
[2020.12.07-05.24.26:091][  0]LogTemp: Display: Module 'AndroidTargetPlatform' loaded TargetPlatform 'Android_ASTCClient'
[2020.12.07-05.24.26:091][  0]LogTemp: Display: Module 'AndroidTargetPlatform' loaded TargetPlatform 'Android_ATCClient'
[2020.12.07-05.24.26:091][  0]LogTemp: Display: Module 'AndroidTargetPlatform' loaded TargetPlatform 'Android_DXTClient'
[2020.12.07-05.24.26:091][  0]LogTemp: Display: Module 'AndroidTargetPlatform' loaded TargetPlatform 'Android_ETC1Client'
[2020.12.07-05.24.26:091][  0]LogTemp: Display: Module 'AndroidTargetPlatform' loaded TargetPlatform 'Android_ETC1aClient'
[2020.12.07-05.24.26:091][  0]LogTemp: Display: Module 'AndroidTargetPlatform' loaded TargetPlatform 'Android_ETC2Client'
[2020.12.07-05.24.26:091][  0]LogTemp: Display: Module 'AndroidTargetPlatform' loaded TargetPlatform 'Android_PVRTCClient'
[2020.12.07-05.24.26:091][  0]LogTemp: Display: Module 'AndroidTargetPlatform' loaded TargetPlatform 'Android_Multi'
[2020.12.07-05.24.26:091][  0]LogTemp: Display: Module 'AndroidTargetPlatform' loaded TargetPlatform 'Android_MultiClient'
[2020.12.07-05.24.26:094][  0]LogTemp: Display: Module 'HTML5TargetPlatform' loaded TargetPlatform 'HTML5'
[2020.12.07-05.24.26:131][  0]LogTemp: Display: Module 'IOSTargetPlatform' loaded TargetPlatform 'IOSClient'
[2020.12.07-05.24.26:131][  0]LogTemp: Display: Module 'IOSTargetPlatform' loaded TargetPlatform 'IOS'
[2020.12.07-05.24.26:148][  0]LogTemp: Display: Module 'TVOSTargetPlatform' loaded TargetPlatform 'TVOSClient'
[2020.12.07-05.24.26:148][  0]LogTemp: Display: Module 'TVOSTargetPlatform' loaded TargetPlatform 'TVOS'
[2020.12.07-05.24.26:157][  0]LogTemp: Display: Module 'LinuxClientTargetPlatform' loaded TargetPlatform 'LinuxClient'
[2020.12.07-05.24.26:167][  0]LogTemp: Display: Module 'LinuxNoEditorTargetPlatform' loaded TargetPlatform 'LinuxNoEditor'
[2020.12.07-05.24.26:179][  0]LogTemp: Display: Module 'LinuxServerTargetPlatform' loaded TargetPlatform 'LinuxServer'
[2020.12.07-05.24.26:210][  0]LogTemp: Display: Module 'LinuxTargetPlatform' loaded TargetPlatform 'Linux'
[2020.12.07-05.24.26:251][  0]LogTemp: Display: Module 'LuminTargetPlatform' loaded TargetPlatform 'Lumin'
[2020.12.07-05.24.26:251][  0]LogTemp: Display: Module 'LuminTargetPlatform' loaded TargetPlatform 'LuminClient'
[2020.12.07-05.24.26:251][  0]LogTargetPlatformManager: Display: Building Assets For Windows
[2020.12.07-05.24.26:342][  0]LogAudioDebug: Display: Lib vorbis DLL was dynamically loaded.
[2020.12.07-05.24.26:447][  0]LogShaderCompilers: Guid format shader working directory is -23 characters bigger than the processId version (../../../../../../Users/Joshu/Desktop/GameJamDuolingo/GameJamDuolingo/Intermediate/Shaders/WorkingDirectory/5480/).
[2020.12.07-05.24.26:447][  0]LogShaderCompilers: Cleaned the shader compiler working directory 'C:/Users/Joshu/AppData/Local/Temp/UnrealShaderWorkingDir/B8674F034F5A8D10FA1DE99153898544/'.
[2020.12.07-05.24.26:449][  0]LogXGEController: Cleaning working directory: C:/Users/Joshu/AppData/Local/Temp/UnrealXGEWorkingDir/
[2020.12.07-05.24.26:449][  0]LogXGEController: Cannot use XGE Controller as Incredibuild is not installed on this machine.
[2020.12.07-05.24.26:451][  0]LogShaderCompilers: Cannot use XGE Shader Compiler as Incredibuild is not installed on this machine.
[2020.12.07-05.24.26:451][  0]LogShaderCompilers: Display: Using Local Shader Compiler.
[2020.12.07-05.24.30:508][  0]LogDerivedDataCache: Display: Max Cache Size: 512 MB
[2020.12.07-05.24.30:585][  0]LogDerivedDataCache: Loaded boot cache 0.08s 92MB C:/Users/Joshu/AppData/Local/UnrealEngine/4.23/DerivedDataCache/Boot.ddc.
[2020.12.07-05.24.30:585][  0]LogDerivedDataCache: Display: Loaded Boot cache: C:/Users/Joshu/AppData/Local/UnrealEngine/4.23/DerivedDataCache/Boot.ddc
[2020.12.07-05.24.30:585][  0]LogDerivedDataCache: FDerivedDataBackendGraph:  Pak pak cache file ../../../../../../Users/Joshu/Desktop/GameJamDuolingo/GameJamDuolingo/DerivedDataCache/DDC.ddp not found, will not use a pak cache.
[2020.12.07-05.24.30:585][  0]LogDerivedDataCache: Unable to find inner node Pak for hierarchical cache Hierarchy.
[2020.12.07-05.24.30:585][  0]LogDerivedDataCache: FDerivedDataBackendGraph:  CompressedPak pak cache file ../../../../../../Users/Joshu/Desktop/GameJamDuolingo/GameJamDuolingo/DerivedDataCache/Compressed.ddp not found, will not use a pak cache.
[2020.12.07-05.24.30:585][  0]LogDerivedDataCache: Unable to find inner node CompressedPak for hierarchical cache Hierarchy.
[2020.12.07-05.24.30:652][  0]LogDerivedDataCache: Display: Pak cache opened for reading ../../../Engine/DerivedDataCache/Compressed.ddp.
[2020.12.07-05.24.30:652][  0]LogDerivedDataCache: FDerivedDataBackendGraph:  EnterprisePak pak cache file ../../../Enterprise/DerivedDataCache/Compressed.ddp not found, will not use a pak cache.
[2020.12.07-05.24.30:652][  0]LogDerivedDataCache: Unable to find inner node EnterprisePak for hierarchical cache Hierarchy.
[2020.12.07-05.24.30:653][  0]LogDerivedDataCache: Using Local data cache path C:/Users/Joshu/AppData/Local/UnrealEngine/Common/DerivedDataCache: Writable
[2020.12.07-05.24.30:653][  0]LogDerivedDataCache: Shared data cache path not found in *engine.ini, will not use an Shared cache.
[2020.12.07-05.24.30:653][  0]LogDerivedDataCache: Unable to find inner node Shared for hierarchical cache Hierarchy.
[2020.12.07-05.24.30:684][  0]LogMaterial: Verifying Global Shaders for PCD3D_SM5
[2020.12.07-05.24.30:686][  0]LogSlate: Using FreeType 2.6.0
[2020.12.07-05.24.30:714][  0]LogSlate: SlateFontServices - WITH_FREETYPE: 1, WITH_HARFBUZZ: 1
[2020.12.07-05.24.30:820][  0]LogAssetRegistry: FAssetRegistry took 0.0027 seconds to start up
[2020.12.07-05.24.31:182][  0]LogInit: Selected Device Profile: [Windows]
[2020.12.07-05.24.31:516][  0]LogMeshReduction: Using QuadricMeshReduction for automatic static mesh reduction
[2020.12.07-05.24.31:516][  0]LogMeshReduction: Using SimplygonMeshReduction for automatic skeletal mesh reduction
[2020.12.07-05.24.31:516][  0]LogMeshReduction: Using ProxyLODMeshReduction for automatic mesh merging
[2020.12.07-05.24.31:516][  0]LogMeshReduction: No distributed automatic mesh merging module available
[2020.12.07-05.24.31:516][  0]LogMeshMerging: No distributed automatic mesh merging module available
[2020.12.07-05.24.31:566][  0]LogNetVersion: GameJamDuolingo 1.0.0, NetCL: 8386587, EngineNetVer: 11, GameNetVer: 0 (Checksum: 1013713415)
[2020.12.07-05.24.33:362][  0]LogPackageLocalizationCache: Processed 12 localized package path(s) for 1 prioritized culture(s) in 0.073496 seconds
[2020.12.07-05.24.33:373][  0]LogUObjectArray: 43444 objects as part of root set at end of initial load.
[2020.12.07-05.24.33:374][  0]LogUObjectAllocator: 7548648 out of 0 bytes used by permanent object pool.
[2020.12.07-05.24.33:374][  0]LogUObjectArray: CloseDisregardForGC: 0/0 objects in disregard for GC pool
[2020.12.07-05.24.35:258][  0]LogTcpMessaging: Initializing TcpMessaging bridge
[2020.12.07-05.24.35:262][  0]LogUdpMessaging: Initializing bridge on interface 0.0.0.0:0 to multicast group 230.0.0.1:6666.
[2020.12.07-05.24.35:954][  0]SourceControl: Source control is disabled
[2020.12.07-05.24.35:954][  0]SourceControl: Source control is disabled
[2020.12.07-05.24.35:956][  0]SourceControl: Source control is disabled
[2020.12.07-05.24.35:957][  0]SourceControl: Source control is disabled
[2020.12.07-05.24.36:406][  0]LogAndroidPermission: UAndroidPermissionCallbackProxy::GetInstance
[2020.12.07-05.24.36:994][  0]LogOcInput: OculusInput pre-init called
[2020.12.07-05.24.37:003][  0]LogWindows: Failed to load 'OVRPlugin.dll' (GetLastError=126)
[2020.12.07-05.24.37:004][  0]LogWindows: File 'OVRPlugin.dll' does not exist
[2020.12.07-05.24.37:118][  0]LogEngine: Initializing Engine...
[2020.12.07-05.24.37:119][  0]LogHMD: Failed to initialize OpenVR with code 110
[2020.12.07-05.24.37:119][  0]LogStats: UGameplayTagsManager::InitializeManager -  0.000 s
[2020.12.07-05.24.37:697][  0]LogInit: Initializing FReadOnlyCVARCache
[2020.12.07-05.24.37:712][  0]LogAIModule: Creating AISystem for world Untitled
[2020.12.07-05.24.37:779][  0]LogInit: XAudio2 using 'Speakers (SteelSeries Arctis 1 Wireless)' : 2 channels at 48 kHz using 16 bits per sample (channel mask 0x3)
[2020.12.07-05.24.37:803][  0]LogInit: FAudioDevice initialized.
[2020.12.07-05.24.37:803][  0]LogNetVersion: Set ProjectVersion to 1.0.0.0. Version Checksum will be recalculated on next use.
[2020.12.07-05.24.37:887][  0]LogDerivedDataCache: Saved boot cache 0.08s 76MB C:/Users/Joshu/AppData/Local/UnrealEngine/4.23/DerivedDataCache/Boot.ddc.
[2020.12.07-05.24.37:903][  0]LogInit: Texture streaming: Enabled
[2020.12.07-05.24.37:927][  0]LogEngineSessionManager: EngineSessionManager initialized
[2020.12.07-05.24.37:927][  0]LogEditorSessionSummary: Verbose: Initializing EditorSessionSummaryWriter for editor session tracking
[2020.12.07-05.24.37:929][  0]LogEditorSessionSummary: EditorSessionSummaryWriter initialized
[2020.12.07-05.24.38:013][  0]LogInit: Transaction tracking system initialized
[2020.12.07-05.24.38:050][  0]BlueprintLog: New page: Editor Load
[2020.12.07-05.24.38:144][  0]LocalizationService: Localization service is disabled
[2020.12.07-05.24.38:883][  0]LogFileCache: Scanning file cache for directory 'C:/Users/Joshu/Desktop/GameJamDuolingo/GameJamDuolingo/Content/' took 0.00s
[2020.12.07-05.24.38:883][  0]LogCook: Display: Max memory allowance for cook 16384mb min free memory 0mb
[2020.12.07-05.24.38:883][  0]LogCook: Display: Mobile HDR setting 1
[2020.12.07-05.24.39:250][  0]SourceControl: Source control is disabled
[2020.12.07-05.24.39:250][  0]Cmd: MAP LOAD FILE="../../../../../../Users/Joshu/Desktop/GameJamDuolingo/GameJamDuolingo/Content/FirstPersonCPP/Maps/FirstPersonExampleMap.umap" TEMPLATE=0 SHOWPROGRESS=1 FEATURELEVEL=3
[2020.12.07-05.24.39:251][  0]LightingResults: New page: Lighting Build
[2020.12.07-05.24.39:253][  0]LogWorld: UWorld::CleanupWorld for Untitled, bSessionEnded=true, bCleanupResources=true
[2020.12.07-05.24.39:254][  0]MapCheck: New page: Map Check
[2020.12.07-05.24.39:254][  0]LightingResults: New page: Lighting Build
[2020.12.07-05.24.39:284][  0]LogUObjectHash: Compacting FUObjectHashTables data took   3.25ms
[2020.12.07-05.24.39:506][  0]LogLinker: Warning: While loading '../../../../../../Users/Joshu/Desktop/GameJamDuolingo/GameJamDuolingo/Content/FirstPersonCPP/Maps/FirstPersonExampleMap.umap' failed to load '/Game/FirstPersonCPP/Maps/FirstPersonExampleMap_BuiltData': Can't find file.
[2020.12.07-05.24.39:507][  0]LogLinker: Warning: While loading '../../../../../../Users/Joshu/Desktop/GameJamDuolingo/GameJamDuolingo/Content/FirstPersonCPP/Maps/FirstPersonExampleMap.umap' failed to load '/Game/FirstPersonCPP/Maps/FirstPersonExampleMap_BuiltData': Can't find file.
[2020.12.07-05.24.39:531][  0]LogLinker: Warning: While loading '../../../../../../Users/Joshu/Desktop/GameJamDuolingo/GameJamDuolingo/Content/FirstPersonCPP/Maps/FirstPersonExampleMap.umap' failed to load '/Game/FirstPersonCPP/Maps/FirstPersonExampleMap_BuiltData': Can't find file.
[2020.12.07-05.24.39:531][  0]LogLinker: Warning: While loading '../../../../../../Users/Joshu/Desktop/GameJamDuolingo/GameJamDuolingo/Content/FirstPersonCPP/Maps/FirstPersonExampleMap.umap' failed to load '/Game/FirstPersonCPP/Maps/FirstPersonExampleMap_BuiltData': Can't find file.
[2020.12.07-05.24.39:557][  0]LogLinker: Warning: Failed to load '/Game/FirstPersonCPP/Maps/FirstPersonExampleMap_BuiltData': Can't find file.
[2020.12.07-05.24.39:558][  0]LogLinker: Warning: Failed to load '/Game/FirstPersonCPP/Maps/FirstPersonExampleMap_BuiltData': Can't find file.
[2020.12.07-05.24.39:558][  0]LogLinker: Warning: Failed to load '/Game/FirstPersonCPP/Maps/FirstPersonExampleMap_BuiltData': Can't find file.
[2020.12.07-05.24.39:558][  0]LogLinker: Warning: Failed to load '/Game/FirstPersonCPP/Maps/FirstPersonExampleMap_BuiltData': Can't find file.
[2020.12.07-05.24.39:572][  0]LogTexture: Display: Building textures: Duo_E (AutoDXT, 1024X1024)
[2020.12.07-05.24.39:572][  0]LogLinker: Warning: While loading '../../../../../../Users/Joshu/Desktop/GameJamDuolingo/GameJamDuolingo/Content/FirstPersonCPP/Maps/FirstPersonExampleMap.umap' failed to load '/Game/FirstPersonCPP/Maps/FirstPersonExampleMap_BuiltData': Can't find file.
[2020.12.07-05.24.39:572][  0]LoadErrors: Failed to load /Game/FirstPersonCPP/Maps/FirstPersonExampleMap_BuiltData.FirstPersonExampleMap_BuiltData Referenced by PersistentLevel
[2020.12.07-05.24.39:572][  0]LogLinker: Warning: While loading '../../../../../../Users/Joshu/Desktop/GameJamDuolingo/GameJamDuolingo/Content/FirstPersonCPP/Maps/FirstPersonExampleMap.umap' failed to load '/Game/FirstPersonCPP/Maps/FirstPersonExampleMap_BuiltData': Can't find file.
[2020.12.07-05.24.39:572][  0]LoadErrors: Failed to load /Game/FirstPersonCPP/Maps/FirstPersonExampleMap_BuiltData.FirstPersonExampleMap_BuiltData Referenced by PersistentLevel
[2020.12.07-05.24.39:613][  0]LogMaterial: Display: Missing cached shader map for material M_Owl, compiling. 
[2020.12.07-05.24.39:726][  0]LogShaderCompilers: Display: Worker (1/5): shaders left to compile 60
[2020.12.07-05.24.39:726][  0]LogShaderCompilers: Display: Worker (2/5): shaders left to compile 50
[2020.12.07-05.24.39:726][  0]LogShaderCompilers: Display: Worker (3/5): shaders left to compile 40
[2020.12.07-05.24.39:726][  0]LogShaderCompilers: Display: Worker (4/5): shaders left to compile 30
[2020.12.07-05.24.39:726][  0]LogShaderCompilers: Display: Worker (5/5): shaders left to compile 20
[2020.12.07-05.24.39:726][  0]LogAudioDerivedData: Display: Building compressed audio format OGG hash OGG wave LightExplode...
[2020.12.07-05.24.39:899][  0]LogAudioDerivedData: Display: Updated SoundWave->RawPCMDataSize from 0 to 253952 while cooking SoundWave /Game/Sounds/LightExplode.LightExplode.
[2020.12.07-05.24.39:928][  0]LogAudioDerivedData: Display: Building compressed audio format OGG hash OGG wave LightHum...
[2020.12.07-05.24.40:055][  0]LogAudioDerivedData: Display: Updated SoundWave->RawPCMDataSize from 0 to 743424 while cooking SoundWave /Game/Sounds/LightHum.LightHum.
[2020.12.07-05.24.40:055][  0]LogAudioDerivedData: Display: Building compressed audio format OGG hash OGG wave LightHumBreakdown...
[2020.12.07-05.24.40:259][  0]LogAudioDerivedData: Display: Updated SoundWave->RawPCMDataSize from 0 to 1255424 while cooking SoundWave /Game/Sounds/LightHumBreakdown.LightHumBreakdown.
[2020.12.07-05.24.40:262][  0]LogAIModule: Creating AISystem for world FirstPersonExampleMap
[2020.12.07-05.24.40:292][  0]LogEditorServer: Finished looking for orphan Actors (0.000 secs)
[2020.12.07-05.24.40:293][  0]LogNavigation: Warning: Recreating dtNavMesh instance due to saved navmesh origin (X=0.000 Y=0.000 Z=180.000, usually the RecastNavMesh location) not being aligned with tile size (988 uu) 
[2020.12.07-05.24.40:325][  0]LogUObjectHash: Compacting FUObjectHashTables data took   3.55ms
[2020.12.07-05.24.40:325][  0]Cmd: MAP CHECKDEP NOCLEARLOG
[2020.12.07-05.24.40:326][  0]MapCheck: Map check complete: 0 Error(s), 0 Warning(s), took 0.223ms to complete.
[2020.12.07-05.24.40:326][  0]LogFileHelpers: Loading map 'FirstPersonExampleMap' took 1.075
[2020.12.07-05.24.41:064][  0]LogSlate: Updating window title bar state: overlay mode, drag disabled, window buttons hidden, title bar hidden
[2020.12.07-05.24.41:078][  0]LogSlate: Updating window title bar state: overlay mode, drag disabled, window buttons hidden, title bar hidden
[2020.12.07-05.24.41:093][  0]LogSlate: Updating window title bar state: overlay mode, drag disabled, window buttons hidden, title bar hidden
[2020.12.07-05.24.41:108][  0]LogSlate: Updating window title bar state: overlay mode, drag disabled, window buttons hidden, title bar hidden
[2020.12.07-05.24.41:131][  0]LogCollectionManager: Loaded 0 collections in 0.002347 seconds
[2020.12.07-05.24.41:144][  0]LogFileCache: Scanning file cache for directory 'C:/Users/Joshu/Desktop/GameJamDuolingo/GameJamDuolingo/Saved/Collections/' took 0.00s
[2020.12.07-05.24.41:144][  0]LogFileCache: Scanning file cache for directory 'C:/Users/Joshu/Desktop/GameJamDuolingo/GameJamDuolingo/Content/Developers/Joshu/Collections/' took 0.00s
[2020.12.07-05.24.41:144][  0]LogFileCache: Scanning file cache for directory 'C:/Users/Joshu/Desktop/GameJamDuolingo/GameJamDuolingo/Content/Collections/' took 0.00s
[2020.12.07-05.24.41:144][  0]LogCollectionManager: Rebuilt the GUID cache for 0 collections in 0.000002 seconds
[2020.12.07-05.24.41:163][  0]LogContentBrowser: Native class hierarchy populated in 0.0184 seconds. Added 2867 classes and 682 folders.
[2020.12.07-05.24.41:173][  0]LogContentBrowser: Native class hierarchy updated for 'WidgetCarousel' in 0.0006 seconds. Added 0 classes and 0 folders.
[2020.12.07-05.24.41:763][  0]LogContentBrowser: Native class hierarchy updated for 'AddContentDialog' in 0.0006 seconds. Added 0 classes and 0 folders.
[2020.12.07-05.24.41:771][  0]LogContentBrowser: Native class hierarchy updated for 'SceneOutliner' in 0.0005 seconds. Added 1 classes and 2 folders.
[2020.12.07-05.24.41:881][  0]LogSlate: Took 0.040268 seconds to synchronously load lazily loaded font '../../../Engine/Content/Slate/Fonts/Roboto-Regular.ttf' (155K)
[2020.12.07-05.24.41:899][  0]LogSlate: Took 0.014452 seconds to synchronously load lazily loaded font '../../../Engine/Content/Slate/Fonts/Roboto-Bold.ttf' (160K)
[2020.12.07-05.24.41:920][  0]LogSlate: Took 0.013237 seconds to synchronously load lazily loaded font '../../../Engine/Content/Editor/Slate/Fonts/FontAwesome.ttf' (139K)
[2020.12.07-05.24.42:191][  0]LogRenderer: Reallocating scene render targets to support 1260x592 Format 10 NumSamples 1 (Frame:1).
[2020.12.07-05.24.42:363][  0]LogContentBrowser: Native class hierarchy updated for 'HierarchicalLODOutliner' in 0.0005 seconds. Added 0 classes and 0 folders.
[2020.12.07-05.24.42:364][  0]LogLoad: (Engine Initialization) Total time: 27.21 seconds
[2020.12.07-05.24.42:364][  0]LogLoad: (Engine Initialization) Total Blueprint compile time: 0.00 seconds
[2020.12.07-05.24.42:442][  0]LogContentStreaming: Texture pool size now 1000 MB
[2020.12.07-05.24.42:446][  0]LogSlate: FSceneViewport::OnFocusLost() reason 5
[2020.12.07-05.24.42:566][  0]LogSlate: Took 0.011670 seconds to synchronously load lazily loaded font '../../../Engine/Content/Slate/Fonts/Roboto-Light.ttf' (167K)
[2020.12.07-05.24.44:817][ 28]LogAssetRegistry: Asset discovery search completed in 13.9975 seconds
[2020.12.07-05.24.44:823][ 28]LogCollectionManager: Rebuilt the object cache for 0 collections in 0.000006 seconds (found 0 objects)
[2020.12.07-05.24.44:824][ 28]LogCollectionManager: Fixed up redirectors for 0 collections in 0.000079 seconds (updated 0 objects)
[2020.12.07-05.24.44:937][ 34]LogShaderCompilers: Display: Worker (3/5): shaders left to compile 10
[2020.12.07-05.24.45:003][ 38]LogShaderCompilers: Display: Worker (1/5): shaders left to compile 7
[2020.12.07-05.24.46:384][120]LogShaderCompilers: Display: Worker (4/5): shaders left to compile 5
[2020.12.07-05.24.46:804][145]LogShaderCompilers: Display: Worker (1/5): shaders left to compile 3
[2020.12.07-05.24.47:022][158]LogShaderCompilers: Display: Worker (3/5): shaders left to compile 2
[2020.12.07-05.24.47:488][185]LogShaderCompilers: Display: Worker (2/5): shaders left to compile 1
[2020.12.07-05.24.49:796][319]LogSlate: Window 'Message Log' being destroyed
[2020.12.07-05.24.49:802][319]LogSlate: Window 'Message Log' being destroyed
[2020.12.07-05.24.52:439][476]LogSlate: FSceneViewport::OnFocusLost() reason 0
[2020.12.07-05.24.52:623][487]LogTemp: Repeating last play command: Selected Viewport
[2020.12.07-05.24.52:648][487]LogBlueprintUserMessages: Early PlayInEditor Detection: Level '/Game/FirstPersonCPP/Maps/FirstPersonExampleMap.FirstPersonExampleMap:PersistentLevel' has LevelScriptBlueprint '/Game/FirstPersonCPP/Maps/FirstPersonExampleMap.FirstPersonExampleMap:PersistentLevel.FirstPersonExampleMap' with GeneratedClass '/Game/FirstPersonCPP/Maps/FirstPersonExampleMap.FirstPersonExampleMap_C' with ClassGeneratedBy '/Game/FirstPersonCPP/Maps/FirstPersonExampleMap.FirstPersonExampleMap:PersistentLevel.FirstPersonExampleMap'
[2020.12.07-05.24.52:648][487]LogPlayLevel: PlayLevel: No blueprints needed recompiling
[2020.12.07-05.24.52:648][487]PIE: New page: PIE session: FirstPersonExampleMap (8 Dec 2020 3:24:52 am)
[2020.12.07-05.24.52:650][487]LogOnline: OSS: Creating online subsystem instance for: NULL
[2020.12.07-05.24.52:651][487]LogPlayLevel: Creating play world package: /Game/FirstPersonCPP/Maps/UEDPIE_0_FirstPersonExampleMap
[2020.12.07-05.24.52:669][487]LogPlayLevel: PIE: StaticDuplicateObject took: (0.018488s)
[2020.12.07-05.24.52:670][487]LogAIModule: Creating AISystem for world FirstPersonExampleMap
[2020.12.07-05.24.52:670][487]LogPlayLevel: PIE: World Init took: (0.001553s)
[2020.12.07-05.24.52:670][487]LogPlayLevel: PIE: Created PIE world by copying editor world from /Game/FirstPersonCPP/Maps/FirstPersonExampleMap.FirstPersonExampleMap to /Game/FirstPersonCPP/Maps/UEDPIE_0_FirstPersonExampleMap.FirstPersonExampleMap (0.020399s)
[2020.12.07-05.24.52:702][487]LogUObjectHash: Compacting FUObjectHashTables data took   1.73ms
[2020.12.07-05.24.52:740][487]LogInit: XAudio2 using 'Speakers (SteelSeries Arctis 1 Wireless)' : 2 channels at 48 kHz using 16 bits per sample (channel mask 0x3)
[2020.12.07-05.24.52:756][487]LogInit: FAudioDevice initialized.
[2020.12.07-05.24.52:769][487]LogLoad: Game class is 'GameJamDuolingoGameMode'
[2020.12.07-05.24.52:773][487]LogWorld: Bringing World /Game/FirstPersonCPP/Maps/UEDPIE_0_FirstPersonExampleMap.FirstPersonExampleMap up for play (max tick rate 60) at 2020.12.07-16.24.52
[2020.12.07-05.24.52:776][487]LogWorld: Bringing up level for play took: 0.005577
[2020.12.07-05.24.52:777][487]LogOnline: OSS: Creating online subsystem instance for: :Context_1
[2020.12.07-05.24.52:785][487]LogContentBrowser: Native class hierarchy updated for 'MovieSceneCapture' in 0.0004 seconds. Added 20 classes and 0 folders.
[2020.12.07-05.24.52:817][487]PIE: Play in editor start time for /Game/FirstPersonCPP/Maps/UEDPIE_0_FirstPersonExampleMap -0.585
[2020.12.07-05.24.52:817][487]LogBlueprintUserMessages: Late PlayInEditor Detection: Level '/Game/FirstPersonCPP/Maps/FirstPersonExampleMap.FirstPersonExampleMap:PersistentLevel' has LevelScriptBlueprint '/Game/FirstPersonCPP/Maps/FirstPersonExampleMap.FirstPersonExampleMap:PersistentLevel.FirstPersonExampleMap' with GeneratedClass '/Game/FirstPersonCPP/Maps/FirstPersonExampleMap.FirstPersonExampleMap_C' with ClassGeneratedBy '/Game/FirstPersonCPP/Maps/FirstPersonExampleMap.FirstPersonExampleMap:PersistentLevel.FirstPersonExampleMap'
[2020.12.07-05.25.08:889][448]LogBlueprintUserMessages: Early EndPlayMap Detection: Level '/Game/FirstPersonCPP/Maps/FirstPersonExampleMap.FirstPersonExampleMap:PersistentLevel' has LevelScriptBlueprint '/Game/FirstPersonCPP/Maps/FirstPersonExampleMap.FirstPersonExampleMap:PersistentLevel.FirstPersonExampleMap' with GeneratedClass '/Game/FirstPersonCPP/Maps/FirstPersonExampleMap.FirstPersonExampleMap_C' with ClassGeneratedBy '/Game/FirstPersonCPP/Maps/FirstPersonExampleMap.FirstPersonExampleMap:PersistentLevel.FirstPersonExampleMap'
[2020.12.07-05.25.08:889][448]LogSlate: Updating window title bar state: overlay mode, drag disabled, window buttons hidden, title bar hidden
[2020.12.07-05.25.08:889][448]LogWorld: BeginTearingDown for /Game/FirstPersonCPP/Maps/UEDPIE_0_FirstPersonExampleMap
[2020.12.07-05.25.08:889][448]LogWorld: UWorld::CleanupWorld for FirstPersonExampleMap, bSessionEnded=true, bCleanupResources=true
[2020.12.07-05.25.08:899][448]LogPlayLevel: Display: Shutting down PIE online subsystems
[2020.12.07-05.25.08:899][448]LogBlueprintUserMessages: Late EndPlayMap Detection: Level '/Game/FirstPersonCPP/Maps/FirstPersonExampleMap.FirstPersonExampleMap:PersistentLevel' has LevelScriptBlueprint '/Game/FirstPersonCPP/Maps/FirstPersonExampleMap.FirstPersonExampleMap:PersistentLevel.FirstPersonExampleMap' with GeneratedClass '/Game/FirstPersonCPP/Maps/FirstPersonExampleMap.FirstPersonExampleMap_C' with ClassGeneratedBy '/Game/FirstPersonCPP/Maps/FirstPersonExampleMap.FirstPersonExampleMap:PersistentLevel.FirstPersonExampleMap'
[2020.12.07-05.25.08:930][448]LogSlate: Updating window title bar state: overlay mode, drag disabled, window buttons hidden, title bar hidden
[2020.12.07-05.25.08:933][448]LogUObjectHash: Compacting FUObjectHashTables data took   1.70ms
[2020.12.07-05.25.08:992][450]LogPlayLevel: Display: Destroying online subsystem :Context_1
[2020.12.07-05.25.11:334][585]LogSlate: FSceneViewport::OnFocusLost() reason 0
[2020.12.07-05.25.11:434][591]LogTemp: Repeating last play command: Selected Viewport
[2020.12.07-05.25.11:469][591]LogBlueprintUserMessages: Early PlayInEditor Detection: Level '/Game/FirstPersonCPP/Maps/FirstPersonExampleMap.FirstPersonExampleMap:PersistentLevel' has LevelScriptBlueprint '/Game/FirstPersonCPP/Maps/FirstPersonExampleMap.FirstPersonExampleMap:PersistentLevel.FirstPersonExampleMap' with GeneratedClass '/Game/FirstPersonCPP/Maps/FirstPersonExampleMap.FirstPersonExampleMap_C' with ClassGeneratedBy '/Game/FirstPersonCPP/Maps/FirstPersonExampleMap.FirstPersonExampleMap:PersistentLevel.FirstPersonExampleMap'
[2020.12.07-05.25.11:469][591]LogPlayLevel: PlayLevel: No blueprints needed recompiling
[2020.12.07-05.25.11:469][591]PIE: New page: PIE session: FirstPersonExampleMap (8 Dec 2020 3:25:11 am)
[2020.12.07-05.25.11:470][591]LogPlayLevel: Creating play world package: /Game/FirstPersonCPP/Maps/UEDPIE_0_FirstPersonExampleMap
[2020.12.07-05.25.11:486][591]LogPlayLevel: PIE: StaticDuplicateObject took: (0.016279s)
[2020.12.07-05.25.11:488][591]LogAIModule: Creating AISystem for world FirstPersonExampleMap
[2020.12.07-05.25.11:488][591]LogPlayLevel: PIE: World Init took: (0.001661s)
[2020.12.07-05.25.11:488][591]LogPlayLevel: PIE: Created PIE world by copying editor world from /Game/FirstPersonCPP/Maps/FirstPersonExampleMap.FirstPersonExampleMap to /Game/FirstPersonCPP/Maps/UEDPIE_0_FirstPersonExampleMap.FirstPersonExampleMap (0.018250s)
[2020.12.07-05.25.11:517][591]LogUObjectHash: Compacting FUObjectHashTables data took   1.70ms
[2020.12.07-05.25.11:555][591]LogInit: XAudio2 using 'Speakers (SteelSeries Arctis 1 Wireless)' : 2 channels at 48 kHz using 16 bits per sample (channel mask 0x3)
[2020.12.07-05.25.11:568][591]LogInit: FAudioDevice initialized.
[2020.12.07-05.25.11:574][591]LogLoad: Game class is 'GameJamDuolingoGameMode'
[2020.12.07-05.25.11:577][591]LogWorld: Bringing World /Game/FirstPersonCPP/Maps/UEDPIE_0_FirstPersonExampleMap.FirstPersonExampleMap up for play (max tick rate 60) at 2020.12.07-16.25.11
[2020.12.07-05.25.11:578][591]LogWorld: Bringing up level for play took: 0.002697
[2020.12.07-05.25.11:578][591]LogOnline: OSS: Creating online subsystem instance for: :Context_2
[2020.12.07-05.25.11:580][591]PIE: Play in editor start time for /Game/FirstPersonCPP/Maps/UEDPIE_0_FirstPersonExampleMap 0.178
[2020.12.07-05.25.11:580][591]LogBlueprintUserMessages: Late PlayInEditor Detection: Level '/Game/FirstPersonCPP/Maps/FirstPersonExampleMap.FirstPersonExampleMap:PersistentLevel' has LevelScriptBlueprint '/Game/FirstPersonCPP/Maps/FirstPersonExampleMap.FirstPersonExampleMap:PersistentLevel.FirstPersonExampleMap' with GeneratedClass '/Game/FirstPersonCPP/Maps/FirstPersonExampleMap.FirstPersonExampleMap_C' with ClassGeneratedBy '/Game/FirstPersonCPP/Maps/FirstPersonExampleMap.FirstPersonExampleMap:PersistentLevel.FirstPersonExampleMap'
[2020.12.07-05.25.13:298][690]LogBlueprintUserMessages: Early EndPlayMap Detection: Level '/Game/FirstPersonCPP/Maps/FirstPersonExampleMap.FirstPersonExampleMap:PersistentLevel' has LevelScriptBlueprint '/Game/FirstPersonCPP/Maps/FirstPersonExampleMap.FirstPersonExampleMap:PersistentLevel.FirstPersonExampleMap' with GeneratedClass '/Game/FirstPersonCPP/Maps/FirstPersonExampleMap.FirstPersonExampleMap_C' with ClassGeneratedBy '/Game/FirstPersonCPP/Maps/FirstPersonExampleMap.FirstPersonExampleMap:PersistentLevel.FirstPersonExampleMap'
[2020.12.07-05.25.13:298][690]LogSlate: Updating window title bar state: overlay mode, drag disabled, window buttons hidden, title bar hidden
[2020.12.07-05.25.13:299][690]LogWorld: BeginTearingDown for /Game/FirstPersonCPP/Maps/UEDPIE_0_FirstPersonExampleMap
[2020.12.07-05.25.13:299][690]LogWorld: UWorld::CleanupWorld for FirstPersonExampleMap, bSessionEnded=true, bCleanupResources=true
[2020.12.07-05.25.13:307][690]LogPlayLevel: Display: Shutting down PIE online subsystems
[2020.12.07-05.25.13:307][690]LogBlueprintUserMessages: Late EndPlayMap Detection: Level '/Game/FirstPersonCPP/Maps/FirstPersonExampleMap.FirstPersonExampleMap:PersistentLevel' has LevelScriptBlueprint '/Game/FirstPersonCPP/Maps/FirstPersonExampleMap.FirstPersonExampleMap:PersistentLevel.FirstPersonExampleMap' with GeneratedClass '/Game/FirstPersonCPP/Maps/FirstPersonExampleMap.FirstPersonExampleMap_C' with ClassGeneratedBy '/Game/FirstPersonCPP/Maps/FirstPersonExampleMap.FirstPersonExampleMap:PersistentLevel.FirstPersonExampleMap'
[2020.12.07-05.25.13:339][690]LogSlate: Updating window title bar state: overlay mode, drag disabled, window buttons hidden, title bar hidden
[2020.12.07-05.25.13:342][690]LogUObjectHash: Compacting FUObjectHashTables data took   1.55ms
[2020.12.07-05.25.13:403][693]LogPlayLevel: Display: Destroying online subsystem :Context_2
[2020.12.07-05.25.19:200][ 27]LogTemp: Repeating last play command: Selected Viewport
[2020.12.07-05.25.19:222][ 27]LogBlueprintUserMessages: Early PlayInEditor Detection: Level '/Game/FirstPersonCPP/Maps/FirstPersonExampleMap.FirstPersonExampleMap:PersistentLevel' has LevelScriptBlueprint '/Game/FirstPersonCPP/Maps/FirstPersonExampleMap.FirstPersonExampleMap:PersistentLevel.FirstPersonExampleMap' with GeneratedClass '/Game/FirstPersonCPP/Maps/FirstPersonExampleMap.FirstPersonExampleMap_C' with ClassGeneratedBy '/Game/FirstPersonCPP/Maps/FirstPersonExampleMap.FirstPersonExampleMap:PersistentLevel.FirstPersonExampleMap'
[2020.12.07-05.25.19:223][ 27]LogPlayLevel: PlayLevel: No blueprints needed recompiling
[2020.12.07-05.25.19:223][ 27]PIE: New page: PIE session: FirstPersonExampleMap (8 Dec 2020 3:25:19 am)
[2020.12.07-05.25.19:223][ 27]LogPlayLevel: Creating play world package: /Game/FirstPersonCPP/Maps/UEDPIE_0_FirstPersonExampleMap
[2020.12.07-05.25.19:238][ 27]LogPlayLevel: PIE: StaticDuplicateObject took: (0.015274s)
[2020.12.07-05.25.19:239][ 27]LogAIModule: Creating AISystem for world FirstPersonExampleMap
[2020.12.07-05.25.19:240][ 27]LogPlayLevel: PIE: World Init took: (0.001568s)
[2020.12.07-05.25.19:240][ 27]LogPlayLevel: PIE: Created PIE world by copying editor world from /Game/FirstPersonCPP/Maps/FirstPersonExampleMap.FirstPersonExampleMap to /Game/FirstPersonCPP/Maps/UEDPIE_0_FirstPersonExampleMap.FirstPersonExampleMap (0.017073s)
[2020.12.07-05.25.19:269][ 27]LogUObjectHash: Compacting FUObjectHashTables data took   1.98ms
[2020.12.07-05.25.19:310][ 27]LogInit: XAudio2 using 'Speakers (SteelSeries Arctis 1 Wireless)' : 2 channels at 48 kHz using 16 bits per sample (channel mask 0x3)
[2020.12.07-05.25.19:323][ 27]LogInit: FAudioDevice initialized.
[2020.12.07-05.25.19:335][ 27]LogLoad: Game class is 'GameJamDuolingoGameMode'
[2020.12.07-05.25.19:337][ 27]LogWorld: Bringing World /Game/FirstPersonCPP/Maps/UEDPIE_0_FirstPersonExampleMap.FirstPersonExampleMap up for play (max tick rate 60) at 2020.12.07-16.25.19
[2020.12.07-05.25.19:338][ 27]LogWorld: Bringing up level for play took: 0.002910
[2020.12.07-05.25.19:338][ 27]LogOnline: OSS: Creating online subsystem instance for: :Context_3
[2020.12.07-05.25.19:340][ 27]PIE: Play in editor start time for /Game/FirstPersonCPP/Maps/UEDPIE_0_FirstPersonExampleMap -0.062
[2020.12.07-05.25.19:340][ 27]LogBlueprintUserMessages: Late PlayInEditor Detection: Level '/Game/FirstPersonCPP/Maps/FirstPersonExampleMap.FirstPersonExampleMap:PersistentLevel' has LevelScriptBlueprint '/Game/FirstPersonCPP/Maps/FirstPersonExampleMap.FirstPersonExampleMap:PersistentLevel.FirstPersonExampleMap' with GeneratedClass '/Game/FirstPersonCPP/Maps/FirstPersonExampleMap.FirstPersonExampleMap_C' with ClassGeneratedBy '/Game/FirstPersonCPP/Maps/FirstPersonExampleMap.FirstPersonExampleMap:PersistentLevel.FirstPersonExampleMap'
[2020.12.07-05.25.20:580][ 99]LogBlueprintUserMessages: Early EndPlayMap Detection: Level '/Game/FirstPersonCPP/Maps/FirstPersonExampleMap.FirstPersonExampleMap:PersistentLevel' has LevelScriptBlueprint '/Game/FirstPersonCPP/Maps/FirstPersonExampleMap.FirstPersonExampleMap:PersistentLevel.FirstPersonExampleMap' with GeneratedClass '/Game/FirstPersonCPP/Maps/FirstPersonExampleMap.FirstPersonExampleMap_C' with ClassGeneratedBy '/Game/FirstPersonCPP/Maps/FirstPersonExampleMap.FirstPersonExampleMap:PersistentLevel.FirstPersonExampleMap'
[2020.12.07-05.25.20:581][ 99]LogSlate: Updating window title bar state: overlay mode, drag disabled, window buttons hidden, title bar hidden
[2020.12.07-05.25.20:581][ 99]LogWorld: BeginTearingDown for /Game/FirstPersonCPP/Maps/UEDPIE_0_FirstPersonExampleMap
[2020.12.07-05.25.20:581][ 99]LogWorld: UWorld::CleanupWorld for FirstPersonExampleMap, bSessionEnded=true, bCleanupResources=true
[2020.12.07-05.25.20:592][ 99]LogPlayLevel: Display: Shutting down PIE online subsystems
[2020.12.07-05.25.20:592][ 99]LogBlueprintUserMessages: Late EndPlayMap Detection: Level '/Game/FirstPersonCPP/Maps/FirstPersonExampleMap.FirstPersonExampleMap:PersistentLevel' has LevelScriptBlueprint '/Game/FirstPersonCPP/Maps/FirstPersonExampleMap.FirstPersonExampleMap:PersistentLevel.FirstPersonExampleMap' with GeneratedClass '/Game/FirstPersonCPP/Maps/FirstPersonExampleMap.FirstPersonExampleMap_C' with ClassGeneratedBy '/Game/FirstPersonCPP/Maps/FirstPersonExampleMap.FirstPersonExampleMap:PersistentLevel.FirstPersonExampleMap'
[2020.12.07-05.25.20:622][ 99]LogSlate: Updating window title bar state: overlay mode, drag disabled, window buttons hidden, title bar hidden
[2020.12.07-05.25.20:625][ 99]LogUObjectHash: Compacting FUObjectHashTables data took   1.42ms
[2020.12.07-05.25.20:693][103]LogPlayLevel: Display: Destroying online subsystem :Context_3
[2020.12.07-05.25.22:786][225]MapCheck: New page: Map Check
[2020.12.07-05.25.22:823][225]LightingResults: New page: Lighting Build - 8 Dec 2020 3:25:22 am
[2020.12.07-05.25.22:889][225]LogSwarmInterface: [OpenConnection] Registering TCP channel ...
[2020.12.07-05.25.23:001][225]LogSwarmInterface: [OpenConnection] Connecting to agent ...
[2020.12.07-05.25.23:022][225]LogSwarmInterface: [TryOpenConnection] Testing the Agent
[2020.12.07-05.25.24:061][225]LogSwarmInterface: [TryOpenConnection] Opening Connection to Agent
[2020.12.07-05.25.24:061][225]LogSwarmInterface: [TryOpenConnection] Local Process ID is 5480
[2020.12.07-05.25.26:924][225]LogStaticLightingSystem: Running Lightmass w/ ImmediateImport mode ENABLED
[2020.12.07-05.25.26:924][225]LogStaticLightingSystem: Running Lightmass w/ ImmediateProcess mode ENABLED
[2020.12.07-05.25.26:924][225]LogStaticLightingSystem: Running Lightmass w/ Sorting mode ENABLED
[2020.12.07-05.25.26:924][225]LogStaticLightingSystem: Running Lightmass w/ Mapping paddings ENABLED
[2020.12.07-05.25.26:925][225]LogStaticLightingSystem: Running Lightmass w/ Mapping debug paddings DISABLED
[2020.12.07-05.25.27:170][225]LogEditorBuildUtils: Build time 0:04
[2020.12.07-05.25.27:181][225]LogMaterial: Display: Missing cached shader map for material FLightmassMaterialRenderer MaterialInstanceDynamic_0, compiling. 
[2020.12.07-05.25.27:197][225]LogShaderCompilers: Display: Worker (1/5): shaders left to compile 2
[2020.12.07-05.25.27:197][225]LogShaderCompilers: Display: Worker (2/5): shaders left to compile 1
[2020.12.07-05.25.27:197][225]LogMaterial: Display: Missing cached shader map for material FLightmassMaterialRenderer MaterialInstanceDynamic_0, compiling. 
[2020.12.07-05.25.27:228][226]LogShaderCompilers: Display: Worker (3/5): shaders left to compile 2
[2020.12.07-05.25.27:228][226]LogShaderCompilers: Display: Worker (4/5): shaders left to compile 1
[2020.12.07-05.25.27:925][229]LogUObjectHash: Compacting FUObjectHashTables data took   0.78ms
[2020.12.07-05.27.21:860][829]Job is a success!
[2020.12.07-05.27.21:909][830]LogSlate: Took 0.000149 seconds to synchronously load lazily loaded font '../../../Engine/Content/Slate/Fonts/Roboto-Light.ttf' (167K)
[2020.12.07-05.27.21:965][830]LogVolumetricLightmapImport: Imported Volumetric Lightmap in 0.029s
[2020.12.07-05.27.21:965][830]LogVolumetricLightmapImport:      Indirection Texture 16x16x16 = 0.0Mb
[2020.12.07-05.27.21:965][830]LogVolumetricLightmapImport:      BrickData 360x5x5 = 0.4Mb
[2020.12.07-05.27.21:965][830]LogVolumetricLightmapImport:      Bricks at Level
[2020.12.07-05.27.21:965][830]LogVolumetricLightmapImport:          0: 1.4% covering 100.0% of volume
[2020.12.07-05.27.21:965][830]LogVolumetricLightmapImport:          1: 5.6% covering 6.3% of volume
[2020.12.07-05.27.21:965][830]LogVolumetricLightmapImport:          2: 93.1% covering 1.6% of volume
[2020.12.07-05.27.26:533][830]LogTexture: Display: Building textures: SkyOcclusion0_1 (AutoDXT, 2048X1024)
[2020.12.07-05.27.26:533][830]LogTexture: Display: Building textures: HQ_Lightmap0_1 (AutoDXT, 2048X2048)
[2020.12.07-05.27.26:533][830]LogTexture: Display: Building textures: LQ_Lightmap_0_1 (DXT1, 2048X2048)
[2020.12.07-05.27.26:533][830]LogTexture: Display: Building textures: SkyOcclusion0_2 (AutoDXT, 2048X1024)
[2020.12.07-05.27.26:533][830]LogTexture: Display: Building textures: HQ_Lightmap0_2 (AutoDXT, 2048X2048)
[2020.12.07-05.27.26:533][830]LogTexture: Display: Building textures: LQ_Lightmap_0_2 (DXT1, 2048X2048)
[2020.12.07-05.27.26:533][830]LogTexture: Display: Building textures: SkyOcclusion0_3 (AutoDXT, 2048X1024)
[2020.12.07-05.27.26:533][830]LogTexture: Display: Building textures: HQ_Lightmap0_3 (AutoDXT, 2048X2048)
[2020.12.07-05.27.26:533][830]LogTexture: Display: Building textures: LQ_Lightmap_0_3 (DXT1, 2048X2048)
[2020.12.07-05.27.26:533][830]LogTexture: Display: Building textures: SkyOcclusion0_4 (AutoDXT, 2048X1024)
[2020.12.07-05.27.26:533][830]LogTexture: Display: Building textures: HQ_Lightmap0_4 (AutoDXT, 2048X2048)
[2020.12.07-05.27.26:534][830]LogTexture: Display: Building textures: LQ_Lightmap_0_4 (DXT1, 2048X2048)
[2020.12.07-05.27.26:534][830]LogTexture: Display: Building textures: SkyOcclusion0_5 (AutoDXT, 2048X1024)
[2020.12.07-05.27.26:534][830]LogTexture: Display: Building textures: HQ_Lightmap0_5 (AutoDXT, 2048X2048)
[2020.12.07-05.27.26:534][830]LogTexture: Display: Building textures: LQ_Lightmap_0_5 (DXT1, 2048X2048)
[2020.12.07-05.27.26:534][830]LogTexture: Display: Building textures: SkyOcclusion0_6 (AutoDXT, 64X32)
[2020.12.07-05.27.26:534][830]LogTexture: Display: Building textures: HQ_Lightmap0_6 (AutoDXT, 64X64)
[2020.12.07-05.27.26:534][830]LogTexture: Display: Building textures: LQ_Lightmap_0_6 (DXT1, 64X64)
[2020.12.07-05.27.27:136][830]LogTexture: Display: Building textures: ShadowMapTexture2D_3 (G8, 1024X1024)
[2020.12.07-05.27.27:136][830]LogTexture: Display: Building textures: ShadowMapTexture2D_4 (G8, 1024X1024)
[2020.12.07-05.27.27:136][830]LogTexture: Display: Building textures: ShadowMapTexture2D_1 (G8, 1024X1024)
[2020.12.07-05.27.27:136][830]LogTexture: Display: Building textures: ShadowMapTexture2D_0 (G8, 1024X1024)
[2020.12.07-05.27.27:136][830]LogTexture: Display: Building textures: ShadowMapTexture2D_9 (G8, 32X32)
[2020.12.07-05.27.27:136][830]LogTexture: Display: Building textures: ShadowMapTexture2D_2 (G8, 1024X1024)
[2020.12.07-05.27.27:136][830]LogTexture: Display: Building textures: ShadowMapTexture2D_5 (G8, 1024X1024)
[2020.12.07-05.27.27:456][830]LogTexture: Display: Building textures: ShadowMapTexture2D_7 (G8, 1024X1024)
[2020.12.07-05.27.27:456][830]LogTexture: Display: Building textures: ShadowMapTexture2D_8 (G8, 1024X1024)
[2020.12.07-05.27.27:456][830]LogTexture: Display: Building textures: ShadowMapTexture2D_6 (G8, 1024X1024)
[2020.12.07-05.27.27:493][830]Lightmass on DESKTOP-2RKGA2I: 1:58 min total, 240 ms importing, 38 ms setup, 13.6 sec photons, 1:44 min processing, 0 ms extra exporting [10/10 mappings]. Threads: 12:13 min total, 6:57 min processing.
[2020.12.07-05.27.27:495][830]LogStaticLightingSystem: FirstPersonExampleMap_BuiltData storing lightmap data for 10 meshes in 10 LightmapResourceClusters (1.0 Meshes per cluster).
[2020.12.07-05.27.27:533][830]LogUObjectHash: Compacting FUObjectHashTables data took   0.71ms
[2020.12.07-05.27.27:541][830]LogStaticLightingSystem: Illumination: 2:04 min (4.08 sec encoding lightmaps, 918 ms encoding shadowmaps)
[2020.12.07-05.27.27:541][830]LogStaticLightingSystem: Lightmap texture memory:  53.3 MB (53.3 MB streaming, 0.0 MB non-streaming), 12 textures
[2020.12.07-05.27.27:541][830]LogStaticLightingSystem: Shadowmap texture memory: 12.0 MB (12.0 MB streaming, 0.0 MB non-streaming), 10 textures
[2020.12.07-05.27.28:051][830]DumpUnbuiltLightIteractions
[2020.12.07-05.27.28:051][830]Lights with unbuilt interactions: 0
[2020.12.07-05.27.28:051][830]
[2020.12.07-05.27.28:051][830]Primitives with unbuilt interactions: 0
[2020.12.07-05.27.28:141][831]Cmd: MAP CHECK NOTIFYRESULTS
[2020.12.07-05.27.28:142][831]MapCheck: New page: FirstPersonExampleMap - 8 Dec 2020 3:27:28 am
[2020.12.07-05.27.28:145][831]MapCheck: Map check complete: 0 Error(s), 0 Warning(s), took 2.956ms to complete.
[2020.12.07-05.27.33:051][124]LogTemp: Repeating last play command: Selected Viewport
[2020.12.07-05.27.33:074][124]LogBlueprintUserMessages: Early PlayInEditor Detection: Level '/Game/FirstPersonCPP/Maps/FirstPersonExampleMap.FirstPersonExampleMap:PersistentLevel' has LevelScriptBlueprint '/Game/FirstPersonCPP/Maps/FirstPersonExampleMap.FirstPersonExampleMap:PersistentLevel.FirstPersonExampleMap' with GeneratedClass '/Game/FirstPersonCPP/Maps/FirstPersonExampleMap.FirstPersonExampleMap_C' with ClassGeneratedBy '/Game/FirstPersonCPP/Maps/FirstPersonExampleMap.FirstPersonExampleMap:PersistentLevel.FirstPersonExampleMap'
[2020.12.07-05.27.33:074][124]LogPlayLevel: PlayLevel: No blueprints needed recompiling
[2020.12.07-05.27.33:074][124]PIE: New page: PIE session: FirstPersonExampleMap (8 Dec 2020 3:27:33 am)
[2020.12.07-05.27.33:074][124]LogPlayLevel: Creating play world package: /Game/FirstPersonCPP/Maps/UEDPIE_0_FirstPersonExampleMap
[2020.12.07-05.27.33:093][124]LogPlayLevel: PIE: StaticDuplicateObject took: (0.018394s)
[2020.12.07-05.27.33:094][124]LogAIModule: Creating AISystem for world FirstPersonExampleMap
[2020.12.07-05.27.33:095][124]LogPlayLevel: PIE: World Init took: (0.001891s)
[2020.12.07-05.27.33:095][124]LogPlayLevel: PIE: Created PIE world by copying editor world from /Game/FirstPersonCPP/Maps/FirstPersonExampleMap.FirstPersonExampleMap to /Game/FirstPersonCPP/Maps/UEDPIE_0_FirstPersonExampleMap.FirstPersonExampleMap (0.020588s)
[2020.12.07-05.27.33:121][124]LogUObjectHash: Compacting FUObjectHashTables data took   2.26ms
[2020.12.07-05.27.33:164][124]LogInit: XAudio2 using 'Speakers (SteelSeries Arctis 1 Wireless)' : 2 channels at 48 kHz using 16 bits per sample (channel mask 0x3)
[2020.12.07-05.27.33:182][124]LogInit: FAudioDevice initialized.
[2020.12.07-05.27.33:191][124]LogLoad: Game class is 'GameJamDuolingoGameMode'
[2020.12.07-05.27.33:195][124]LogWorld: Bringing World /Game/FirstPersonCPP/Maps/UEDPIE_0_FirstPersonExampleMap.FirstPersonExampleMap up for play (max tick rate 60) at 2020.12.07-16.27.33
[2020.12.07-05.27.33:195][124]LogWorld: Bringing up level for play took: 0.003306
[2020.12.07-05.27.33:196][124]LogOnline: OSS: Creating online subsystem instance for: :Context_4
[2020.12.07-05.27.33:198][124]PIE: Play in editor start time for /Game/FirstPersonCPP/Maps/UEDPIE_0_FirstPersonExampleMap -0.203
[2020.12.07-05.27.33:198][124]LogBlueprintUserMessages: Late PlayInEditor Detection: Level '/Game/FirstPersonCPP/Maps/FirstPersonExampleMap.FirstPersonExampleMap:PersistentLevel' has LevelScriptBlueprint '/Game/FirstPersonCPP/Maps/FirstPersonExampleMap.FirstPersonExampleMap:PersistentLevel.FirstPersonExampleMap' with GeneratedClass '/Game/FirstPersonCPP/Maps/FirstPersonExampleMap.FirstPersonExampleMap_C' with ClassGeneratedBy '/Game/FirstPersonCPP/Maps/FirstPersonExampleMap.FirstPersonExampleMap:PersistentLevel.FirstPersonExampleMap'
[2020.12.07-05.28.02:915][904]LogSpawn: Warning: SpawnActor failed because of collision at the spawn location [X=-1276.437 Y=781.861 Z=309.005] for [FirstPersonProjectile_C]
[2020.12.07-05.28.18:765][854]LogBlueprintUserMessages: Early EndPlayMap Detection: Level '/Game/FirstPersonCPP/Maps/FirstPersonExampleMap.FirstPersonExampleMap:PersistentLevel' has LevelScriptBlueprint '/Game/FirstPersonCPP/Maps/FirstPersonExampleMap.FirstPersonExampleMap:PersistentLevel.FirstPersonExampleMap' with GeneratedClass '/Game/FirstPersonCPP/Maps/FirstPersonExampleMap.FirstPersonExampleMap_C' with ClassGeneratedBy '/Game/FirstPersonCPP/Maps/FirstPersonExampleMap.FirstPersonExampleMap:PersistentLevel.FirstPersonExampleMap'
[2020.12.07-05.28.18:765][854]LogSlate: Updating window title bar state: overlay mode, drag disabled, window buttons hidden, title bar hidden
[2020.12.07-05.28.18:765][854]LogWorld: BeginTearingDown for /Game/FirstPersonCPP/Maps/UEDPIE_0_FirstPersonExampleMap
[2020.12.07-05.28.18:765][854]LogWorld: UWorld::CleanupWorld for FirstPersonExampleMap, bSessionEnded=true, bCleanupResources=true
[2020.12.07-05.28.18:774][854]LogPlayLevel: Display: Shutting down PIE online subsystems
[2020.12.07-05.28.18:774][854]LogBlueprintUserMessages: Late EndPlayMap Detection: Level '/Game/FirstPersonCPP/Maps/FirstPersonExampleMap.FirstPersonExampleMap:PersistentLevel' has LevelScriptBlueprint '/Game/FirstPersonCPP/Maps/FirstPersonExampleMap.FirstPersonExampleMap:PersistentLevel.FirstPersonExampleMap' with GeneratedClass '/Game/FirstPersonCPP/Maps/FirstPersonExampleMap.FirstPersonExampleMap_C' with ClassGeneratedBy '/Game/FirstPersonCPP/Maps/FirstPersonExampleMap.FirstPersonExampleMap:PersistentLevel.FirstPersonExampleMap'
[2020.12.07-05.28.18:810][854]LogSlate: Updating window title bar state: overlay mode, drag disabled, window buttons hidden, title bar hidden
[2020.12.07-05.28.18:814][854]LogUObjectHash: Compacting FUObjectHashTables data took   1.73ms
[2020.12.07-05.28.18:878][856]LogPlayLevel: Display: Destroying online subsystem :Context_4
[2020.12.07-05.28.22:425][ 64]LogSlate: FSceneViewport::OnFocusLost() reason 0
[2020.12.07-05.28.22:524][ 70]LogTemp: Repeating last play command: Selected Viewport
[2020.12.07-05.28.22:544][ 70]LogBlueprintUserMessages: Early PlayInEditor Detection: Level '/Game/FirstPersonCPP/Maps/FirstPersonExampleMap.FirstPersonExampleMap:PersistentLevel' has LevelScriptBlueprint '/Game/FirstPersonCPP/Maps/FirstPersonExampleMap.FirstPersonExampleMap:PersistentLevel.FirstPersonExampleMap' with GeneratedClass '/Game/FirstPersonCPP/Maps/FirstPersonExampleMap.FirstPersonExampleMap_C' with ClassGeneratedBy '/Game/FirstPersonCPP/Maps/FirstPersonExampleMap.FirstPersonExampleMap:PersistentLevel.FirstPersonExampleMap'
[2020.12.07-05.28.22:544][ 70]LogPlayLevel: PlayLevel: No blueprints needed recompiling
[2020.12.07-05.28.22:544][ 70]PIE: New page: PIE session: FirstPersonExampleMap (8 Dec 2020 3:28:22 am)
[2020.12.07-05.28.22:544][ 70]LogPlayLevel: Creating play world package: /Game/FirstPersonCPP/Maps/UEDPIE_0_FirstPersonExampleMap
[2020.12.07-05.28.22:558][ 70]LogPlayLevel: PIE: StaticDuplicateObject took: (0.013420s)
[2020.12.07-05.28.22:559][ 70]LogAIModule: Creating AISystem for world FirstPersonExampleMap
[2020.12.07-05.28.22:559][ 70]LogPlayLevel: PIE: World Init took: (0.001360s)
[2020.12.07-05.28.22:559][ 70]LogPlayLevel: PIE: Created PIE world by copying editor world from /Game/FirstPersonCPP/Maps/FirstPersonExampleMap.FirstPersonExampleMap to /Game/FirstPersonCPP/Maps/UEDPIE_0_FirstPersonExampleMap.FirstPersonExampleMap (0.014981s)
[2020.12.07-05.28.22:587][ 70]LogUObjectHash: Compacting FUObjectHashTables data took   1.44ms
[2020.12.07-05.28.22:622][ 70]LogInit: XAudio2 using 'Speakers (SteelSeries Arctis 1 Wireless)' : 2 channels at 48 kHz using 16 bits per sample (channel mask 0x3)
[2020.12.07-05.28.22:634][ 70]LogInit: FAudioDevice initialized.
[2020.12.07-05.28.22:639][ 70]LogLoad: Game class is 'GameJamDuolingoGameMode'
[2020.12.07-05.28.22:643][ 70]LogWorld: Bringing World /Game/FirstPersonCPP/Maps/UEDPIE_0_FirstPersonExampleMap.FirstPersonExampleMap up for play (max tick rate 60) at 2020.12.07-16.28.22
[2020.12.07-05.28.22:644][ 70]LogWorld: Bringing up level for play took: 0.003767
[2020.12.07-05.28.22:644][ 70]LogOnline: OSS: Creating online subsystem instance for: :Context_5
[2020.12.07-05.28.22:646][ 70]PIE: Play in editor start time for /Game/FirstPersonCPP/Maps/UEDPIE_0_FirstPersonExampleMap -0.756
[2020.12.07-05.28.22:647][ 70]LogBlueprintUserMessages: Late PlayInEditor Detection: Level '/Game/FirstPersonCPP/Maps/FirstPersonExampleMap.FirstPersonExampleMap:PersistentLevel' has LevelScriptBlueprint '/Game/FirstPersonCPP/Maps/FirstPersonExampleMap.FirstPersonExampleMap:PersistentLevel.FirstPersonExampleMap' with GeneratedClass '/Game/FirstPersonCPP/Maps/FirstPersonExampleMap.FirstPersonExampleMap_C' with ClassGeneratedBy '/Game/FirstPersonCPP/Maps/FirstPersonExampleMap.FirstPersonExampleMap:PersistentLevel.FirstPersonExampleMap'
[2020.12.07-05.28.50:131][717]LogBlueprintUserMessages: Early EndPlayMap Detection: Level '/Game/FirstPersonCPP/Maps/FirstPersonExampleMap.FirstPersonExampleMap:PersistentLevel' has LevelScriptBlueprint '/Game/FirstPersonCPP/Maps/FirstPersonExampleMap.FirstPersonExampleMap:PersistentLevel.FirstPersonExampleMap' with GeneratedClass '/Game/FirstPersonCPP/Maps/FirstPersonExampleMap.FirstPersonExampleMap_C' with ClassGeneratedBy '/Game/FirstPersonCPP/Maps/FirstPersonExampleMap.FirstPersonExampleMap:PersistentLevel.FirstPersonExampleMap'
[2020.12.07-05.28.50:131][717]LogSlate: Updating window title bar state: overlay mode, drag disabled, window buttons hidden, title bar hidden
[2020.12.07-05.28.50:131][717]LogWorld: BeginTearingDown for /Game/FirstPersonCPP/Maps/UEDPIE_0_FirstPersonExampleMap
[2020.12.07-05.28.50:131][717]LogWorld: UWorld::CleanupWorld for FirstPersonExampleMap, bSessionEnded=true, bCleanupResources=true
[2020.12.07-05.28.50:141][717]LogPlayLevel: Display: Shutting down PIE online subsystems
[2020.12.07-05.28.50:141][717]LogBlueprintUserMessages: Late EndPlayMap Detection: Level '/Game/FirstPersonCPP/Maps/FirstPersonExampleMap.FirstPersonExampleMap:PersistentLevel' has LevelScriptBlueprint '/Game/FirstPersonCPP/Maps/FirstPersonExampleMap.FirstPersonExampleMap:PersistentLevel.FirstPersonExampleMap' with GeneratedClass '/Game/FirstPersonCPP/Maps/FirstPersonExampleMap.FirstPersonExampleMap_C' with ClassGeneratedBy '/Game/FirstPersonCPP/Maps/FirstPersonExampleMap.FirstPersonExampleMap:PersistentLevel.FirstPersonExampleMap'
[2020.12.07-05.28.50:175][717]LogSlate: Updating window title bar state: overlay mode, drag disabled, window buttons hidden, title bar hidden
[2020.12.07-05.28.50:179][717]LogUObjectHash: Compacting FUObjectHashTables data took   1.69ms
[2020.12.07-05.28.50:232][719]LogPlayLevel: Display: Destroying online subsystem :Context_5
[2020.12.07-05.28.52:499][847]LogSlate: FSceneViewport::OnFocusLost() reason 0
[2020.12.07-05.28.57:086][ 74]LogAIModule: Creating AISystem for world CreepyHouse
[2020.12.07-05.28.57:101][ 74]LogAssetEditorManager: Opening Asset editor for World /Game/Levels/CreepyHouse.CreepyHouse
[2020.12.07-05.28.57:130][ 74]LogUObjectHash: Compacting FUObjectHashTables data took   1.79ms
[2020.12.07-05.29.57:652][ 74]LogSlate: Window 'Save Content' being destroyed
[2020.12.07-05.29.57:696][ 74]LogUObjectHash: Compacting FUObjectHashTables data took   1.03ms
[2020.12.07-05.29.57:904][ 74]LogSavePackage: Moving '../../../../../../Users/Joshu/Desktop/GameJamDuolingo/GameJamDuolingo/Saved/FirstPersonExampleMapCE2F8922494EFBB8E808D080E72FCB12.tmp' to '../../../../../../Users/Joshu/Desktop/GameJamDuolingo/GameJamDuolingo/Content/FirstPersonCPP/Maps/FirstPersonExampleMap.umap'
[2020.12.07-05.29.57:951][ 74]LogFileHelpers: Saving map 'FirstPersonExampleMap' took 0.287
[2020.12.07-05.29.59:577][ 74]LogSavePackage: Moving '../../../../../../Users/Joshu/Desktop/GameJamDuolingo/GameJamDuolingo/Saved/FirstPersonExampleMap_BuiltData1A4F7A5B40132CA0D6C55F8CB180744D.tmp' to '../../../../../../Users/Joshu/Desktop/GameJamDuolingo/GameJamDuolingo/Content/FirstPersonCPP/Maps/FirstPersonExampleMap_BuiltData.uasset'
[2020.12.07-05.29.59:584][ 74]Cmd: MAP LOAD FILE="../../../../../../Users/Joshu/Desktop/GameJamDuolingo/GameJamDuolingo/Content/Levels/CreepyHouse.umap" TEMPLATE=0 SHOWPROGRESS=1 FEATURELEVEL=3
[2020.12.07-05.29.59:584][ 74]LightingResults: New page: Lighting Build
[2020.12.07-05.29.59:584][ 74]LoadErrors: New page: Loading map: CreepyHouse.umap
[2020.12.07-05.29.59:585][ 74]LogWorld: UWorld::CleanupWorld for FirstPersonExampleMap, bSessionEnded=true, bCleanupResources=true
[2020.12.07-05.29.59:585][ 74]MapCheck: New page: Map Check
[2020.12.07-05.29.59:585][ 74]LightingResults: New page: Lighting Build
[2020.12.07-05.29.59:615][ 74]LogUObjectHash: Compacting FUObjectHashTables data took   2.36ms
[2020.12.07-05.29.59:622][ 74]LogEditorServer: Finished looking for orphan Actors (0.000 secs)
[2020.12.07-05.29.59:652][ 74]LogUObjectHash: Compacting FUObjectHashTables data took   1.87ms
[2020.12.07-05.29.59:715][ 74]Cmd: MAP CHECKDEP NOCLEARLOG
[2020.12.07-05.29.59:717][ 74]MapCheck: Map check complete: 0 Error(s), 0 Warning(s), took 1.712ms to complete.
[2020.12.07-05.29.59:717][ 74]LogFileHelpers: Loading map 'CreepyHouse' took 0.135
[2020.12.07-05.29.59:812][ 74]LogAIModule: Creating AISystem for world FirstPersonExampleMap
[2020.12.07-05.30.01:982][192]LogSlate: FSceneViewport::OnFocusLost() reason 0
[2020.12.07-05.30.24:824][672]LogSlate: FSceneViewport::OnFocusLost() reason 5
[2020.12.07-05.31.04:833][419]LogEditorViewport: Clicking on Actor (double click): StaticMeshActor (SM_TrimWall8)
[2020.12.07-05.31.10:151][722]Cmd: DELETE
[2020.12.07-05.31.10:151][722]Cmd: ACTOR DELETE
[2020.12.07-05.31.10:160][722]LogEditorActor: Deleted Actor: StaticMeshActor
[2020.12.07-05.31.10:161][722]LogEditorActor: Deleted Actor: StaticMeshActor
[2020.12.07-05.31.10:191][722]LogUObjectHash: Compacting FUObjectHashTables data took   2.60ms
[2020.12.07-05.31.10:191][722]LogEditorActor: Deleted 2 Actors (0.038 secs)
[2020.12.07-05.31.15:022][  2]LogEditorViewport: Clicking on Actor (LMB): StaticMeshActor (SM_TrimColumn36)
[2020.12.07-05.31.28:227][717]LogEditorViewport: Clicking on Actor (LMB): StaticMeshActor (SM_TrimColumn39)
[2020.12.07-05.31.31:498][909]LogEditorViewport: Clicking on Actor (LMB): StaticMeshActor (SM_TrimDoorFrame13)
[2020.12.07-05.31.37:457][259]LogEditorViewport: Clicking on Actor (LMB): StaticMeshActor (SM_TrimColumn40)
[2020.12.07-05.31.51:585][ 66]LogSlate: FSceneViewport::OnFocusLost() reason 0
[2020.12.07-05.32.14:175][613]LogSlate: FSceneViewport::OnFocusLost() reason 5
[2020.12.07-05.32.17:208][792]LogSlate: FSceneViewport::OnFocusLost() reason 0
[2020.12.07-05.32.18:505][865]LogSlate: FSceneViewport::OnFocusLost() reason 0
