"../../../../../Unreal/GitKraken/GameJamDuolingo/GameJamDuolingo/Content/Assets/Fonts/Night_Club_70s_Regular.uasset" 0
"../../../../../Unreal/GitKraken/GameJamDuolingo/GameJamDuolingo/Content/Assets/Fonts/Night_Club_70s_Regular_Font.uasset" 1
"../../../../../Unreal/GitKraken/GameJamDuolingo/GameJamDuolingo/Content/Assets/T/Decals/MyriadCoin.uasset" 2
"../../../../../Unreal/GitKraken/GameJamDuolingo/GameJamDuolingo/Content/Assets/M/Decals/MyriadPosterDecal.uasset" 3
"../../../../../Unreal/GitKraken/GameJamDuolingo/GameJamDuolingo/Content/Assets/M/MyriadPosterDecal.uasset" 4
"../../../Engine/Content/Functions/Engine_MaterialFunctions02/SmoothStep.uasset" 5
"../../../Engine/Content/Functions/Engine_MaterialFunctions02/Texturing/CustomRotator.uasset" 6
"../../../Engine/Content/EngineMaterials/BlendFunc_DefBase.uasset" 7
"../../../Engine/Content/EngineMaterials/BlendFunc_DefBlend.uasset" 8
"../../../Engine/Content/Functions/Engine_MaterialFunctions03/Blends/Blend_Screen.uasset" 9
"../../../../../Unreal/GitKraken/GameJamDuolingo/GameJamDuolingo/Content/Assets/M/M_Fire.uasset" 10
"../../../../../Unreal/GitKraken/GameJamDuolingo/GameJamDuolingo/Content/Assets/M/M_Floor.uasset" 11
"../../../../../Unreal/GitKraken/GameJamDuolingo/GameJamDuolingo/Content/Assets/T/Particles/Fire_Curve.uasset" 12
"../../../../../Unreal/GitKraken/GameJamDuolingo/GameJamDuolingo/Content/Assets/T/Particles/Fire_LUT.uasset" 13
"../../../../../Unreal/GitKraken/GameJamDuolingo/GameJamDuolingo/Content/Assets/T/Particles/T_FireNoise.uasset" 14
"../../../../../Unreal/GitKraken/GameJamDuolingo/GameJamDuolingo/Content/Assets/T/Particles/T_LinearGradient.uasset" 15
"../../../../../Unreal/GitKraken/GameJamDuolingo/GameJamDuolingo/Content/Assets/M/Particles/M_Fire.uasset" 16
"../../../../../Unreal/GitKraken/GameJamDuolingo/GameJamDuolingo/Content/Assets/M/Particles/M_Fire_Inst.uasset" 17
"../../../../../Unreal/GitKraken/GameJamDuolingo/GameJamDuolingo/Content/Assets/Particles/P_Fire.uasset" 18
"../../../../../Unreal/GitKraken/GameJamDuolingo/GameJamDuolingo/Content/Assets/SM/pros_M_Props_BaseColor.uasset" 19
"../../../../../Unreal/GitKraken/GameJamDuolingo/GameJamDuolingo/Content/Assets/T/Candle/Candle_A.uasset" 20
"../../../../../Unreal/GitKraken/GameJamDuolingo/GameJamDuolingo/Content/Assets/T/Candle/Candle_e.uasset" 21
"../../../../../Unreal/GitKraken/GameJamDuolingo/GameJamDuolingo/Content/Assets/T/Candle/Candle_N.uasset" 22
"../../../../../Unreal/GitKraken/GameJamDuolingo/GameJamDuolingo/Content/Assets/T/Candle/Candle_ORM.uasset" 23
"../../../../../Unreal/GitKraken/GameJamDuolingo/GameJamDuolingo/Content/Assets/M/M_Candle.uasset" 24
"../../../../../Unreal/GitKraken/GameJamDuolingo/GameJamDuolingo/Content/Assets/SM/SM_CandleGrp_LOW.uasset" 25
"../../../../../Unreal/GitKraken/GameJamDuolingo/GameJamDuolingo/Content/Assets/SM/SM_CandleGrp.uasset" 26
"../../../Engine/Content/Functions/Engine_MaterialFunctions01/Opacity/CameraDepthFade.uasset" 27
"../../../Engine/Content/EngineMaterials/T_Default_Material_Grid_M.uasset" 28
"../../../Engine/Content/EngineMaterials/T_Default_Material_Grid_N.uasset" 29
"../../../Engine/Content/EngineMaterials/WorldGridMaterial.uasset" 30
"../../../../../Unreal/GitKraken/GameJamDuolingo/GameJamDuolingo/Content/Assets/T/Basicwall/BasicWall_ORM.uasset" 31
"../../../../../Unreal/GitKraken/GameJamDuolingo/GameJamDuolingo/Content/Assets/T/ModularProps/ModularProps_A.uasset" 32
"../../../../../Unreal/GitKraken/GameJamDuolingo/GameJamDuolingo/Content/Assets/T/ModularProps/ModularProps_E.uasset" 33
"../../../../../Unreal/GitKraken/GameJamDuolingo/GameJamDuolingo/Content/Assets/T/ModularProps/ModularProps_N.uasset" 34
"../../../../../Unreal/GitKraken/GameJamDuolingo/GameJamDuolingo/Content/Assets/M/ModularProps.uasset" 35
"../../../../../Unreal/GitKraken/GameJamDuolingo/GameJamDuolingo/Content/Assets/SM/SM_TrimDoor.uasset" 36
"../../../../../Unreal/GitKraken/GameJamDuolingo/GameJamDuolingo/Content/Assets/SM/SM_TrimDoor_DM.uasset" 37
"../../../../../Unreal/GitKraken/GameJamDuolingo/GameJamDuolingo/Content/Assets/T/FirstPersonCrosshair.uasset" 38
"../../../../../Unreal/GitKraken/GameJamDuolingo/GameJamDuolingo/Content/Assets/T/ModularProps/ModularProps_ORM.uasset" 39
"../../../../../Unreal/GitKraken/GameJamDuolingo/GameJamDuolingo/Content/Assets/M/ModularProps_MI.uasset" 40
"../../../../../Unreal/GitKraken/GameJamDuolingo/GameJamDuolingo/Content/Assets/SM/SM_LightSconce.uasset" 41
"../../../../../Unreal/GitKraken/GameJamDuolingo/GameJamDuolingo/Content/Sounds/LightAttenuation.uasset" 42
"../../../../../Unreal/GitKraken/GameJamDuolingo/GameJamDuolingo/Content/Sounds/LightExplode.uasset" 43
"../../../../../Unreal/GitKraken/GameJamDuolingo/GameJamDuolingo/Content/Sounds/LightHum.uasset" 44
"../../../../../Unreal/GitKraken/GameJamDuolingo/GameJamDuolingo/Content/Sounds/LightHumBreakdown.uasset" 45
"../../../../../Unreal/GitKraken/GameJamDuolingo/GameJamDuolingo/Content/Blueprints/MenuLight.uasset" 46
"../../../../../Unreal/GitKraken/GameJamDuolingo/GameJamDuolingo/Content/Geometry/Meshes/CubeMaterial.uasset" 47
"../../../../../Unreal/GitKraken/GameJamDuolingo/GameJamDuolingo/Content/Geometry/Meshes/1M_Cube.uasset" 48
"../../../../../Unreal/GitKraken/GameJamDuolingo/GameJamDuolingo/Content/Geometry/Meshes/1M_Cube_Chamfer.uasset" 49
"../../../../../Unreal/GitKraken/GameJamDuolingo/GameJamDuolingo/Content/Geometry/Meshes/TemplateFloor.uasset" 50
"../../../../../Unreal/GitKraken/GameJamDuolingo/GameJamDuolingo/Content/Sounds/DuoFootsteps/Foot01.uasset" 51
"../../../../../Unreal/GitKraken/GameJamDuolingo/GameJamDuolingo/Content/Sounds/DuoFootsteps/Foot02.uasset" 52
"../../../../../Unreal/GitKraken/GameJamDuolingo/GameJamDuolingo/Content/Sounds/DuoFootsteps/Foot03.uasset" 53
"../../../../../Unreal/GitKraken/GameJamDuolingo/GameJamDuolingo/Content/Sounds/DuoFootsteps/Foot04.uasset" 54
"../../../../../Unreal/GitKraken/GameJamDuolingo/GameJamDuolingo/Content/Sounds/DuoFootsteps/Foot05.uasset" 55
"../../../../../Unreal/GitKraken/GameJamDuolingo/GameJamDuolingo/Content/Sounds/DuoFootsteps/Foot06.uasset" 56
"../../../../../Unreal/GitKraken/GameJamDuolingo/GameJamDuolingo/Content/Sounds/DuoFootsteps/Foot07.uasset" 57
"../../../../../Unreal/GitKraken/GameJamDuolingo/GameJamDuolingo/Content/Sounds/DuoFootsteps/Foot08.uasset" 58
"../../../../../Unreal/GitKraken/GameJamDuolingo/GameJamDuolingo/Content/Sounds/DuoWhispers/Voice01.uasset" 59
"../../../../../Unreal/GitKraken/GameJamDuolingo/GameJamDuolingo/Content/Sounds/DuoWhispers/Voice02.uasset" 60
"../../../../../Unreal/GitKraken/GameJamDuolingo/GameJamDuolingo/Content/Sounds/DuoWhispers/Voice03.uasset" 61
"../../../../../Unreal/GitKraken/GameJamDuolingo/GameJamDuolingo/Content/Sounds/DuoWhispers/Voice04.uasset" 62
"../../../../../Unreal/GitKraken/GameJamDuolingo/GameJamDuolingo/Content/Sounds/DuoWhispers/Voice05.uasset" 63
"../../../../../Unreal/GitKraken/GameJamDuolingo/GameJamDuolingo/Content/Sounds/DuoWhispers/Voice06.uasset" 64
"../../../../../Unreal/GitKraken/GameJamDuolingo/GameJamDuolingo/Content/Sounds/DuoWhispers/Voice07.uasset" 65
"../../../../../Unreal/GitKraken/GameJamDuolingo/GameJamDuolingo/Content/Sounds/DuoWhispers/Voice08.uasset" 66
"../../../../../Unreal/GitKraken/GameJamDuolingo/GameJamDuolingo/Content/Sounds/DuoWhispers/Voice09.uasset" 67
"../../../../../Unreal/GitKraken/GameJamDuolingo/GameJamDuolingo/Content/Sounds/DuoWhispers/Voice10.uasset" 68
"../../../../../Unreal/GitKraken/GameJamDuolingo/GameJamDuolingo/Content/Splash/Splash.uasset" 69
"../../../Engine/Content/Animation/DefaultAnimCurveCompressionSettings.uasset" 70
"../../../Engine/Content/ArtTools/RenderToTexture/Meshes/S_1_Unit_Plane.uasset" 71
"../../../Engine/Content/EngineMaterials/DefaultMaterial.uasset" 72
"../../../Engine/Content/BasicShapes/Cone.uasset" 73
"../../../Engine/Content/BasicShapes/Cylinder.uasset" 74
"../../../Engine/Content/BasicShapes/Sphere.uasset" 75
"../../../Engine/Content/EditorLandscapeResources/DataLayer.uasset" 76
"../../../Engine/Content/EditorMaterials/GizmoMaterial.uasset" 77
"../../../Engine/Content/EditorMaterials/MAT_Groups_Toggle.uasset" 78
"../../../Engine/Content/EditorMaterials/MAT_Groups_Visibility.uasset" 79
"../../../Engine/Content/EditorMaterials/PreviewShadowIndicator.uasset" 80
"../../../Engine/Content/EditorMaterials/PreviewShadowIndicatorMaterial.uasset" 81
"../../../Engine/Content/EditorMaterials/MatineeGroups/MAT_ColorTrack.uasset" 82
"../../../Engine/Content/EditorMaterials/MatineeGroups/MAT_Groups_Anim.uasset" 83
"../../../Engine/Content/EditorMaterials/MatineeGroups/MAT_Groups_AudioMaster.uasset" 84
"../../../Engine/Content/EditorMaterials/MatineeGroups/MAT_Groups_Director.uasset" 85
"../../../Engine/Content/EditorMaterials/MatineeGroups/MAT_Groups_Event.uasset" 86
"../../../Engine/Content/EditorMaterials/MatineeGroups/MAT_Groups_Fade.uasset" 87
"../../../Engine/Content/EditorMaterials/MatineeGroups/MAT_Groups_Float.uasset" 88
"../../../Engine/Content/EditorMaterials/MatineeGroups/MAT_Groups_Move.uasset" 89
"../../../Engine/Content/EditorMaterials/MatineeGroups/MAT_Groups_Slomo.uasset" 90
"../../../Engine/Content/EditorMaterials/MatineeGroups/MAT_Groups_Sound.uasset" 91
"../../../Engine/Content/EditorMaterials/MatineeGroups/MAT_Groups_Vector.uasset" 92
"../../../Engine/Content/EditorMaterials/ParticleSystems/PSysThumbnail_NoImage.uasset" 93
"../../../Engine/Content/EditorMaterials/ParticleSystems/PSysThumbnail_OOD.uasset" 94
"../../../Engine/Content/EditorMaterials/Camera/CineMat.uasset" 95
"../../../Engine/Content/EditorMaterials/Camera/MI_CineMat_Rig.uasset" 96
"../../../Engine/Content/EditorMeshes/Camera/SM_CraneRig_Arm.uasset" 97
"../../../Engine/Content/EditorMeshes/Camera/SM_CraneRig_Base.uasset" 98
"../../../Engine/Content/EditorMeshes/Camera/SM_CraneRig_Body.uasset" 99
"../../../Engine/Content/EditorMeshes/Camera/SM_CraneRig_Mount.uasset" 100
"../../../Engine/Content/EditorMeshes/Camera/SM_RailRig_Mount.uasset" 101
"../../../Engine/Content/EditorMeshes/Camera/SM_RailRig_Track.uasset" 102
"../../../Engine/Content/EditorResources/BSPVertex.uasset" 103
"../../../Engine/Content/EditorResources/EmptyActor.uasset" 104
"../../../Engine/Content/EditorResources/S_Actor.uasset" 105
"../../../Engine/Content/EditorResources/S_Note.uasset" 106
"../../../Engine/Content/EditorResources/S_Solver.uasset" 107
"../../../Engine/Content/EditorResources/S_Trigger.uasset" 108
"../../../Engine/Content/EditorResources/LightIcons/S_LightError.uasset" 109
"../../../Engine/Content/EditorResources/SequenceRecorder/Countdown.uasset" 110
"../../../Engine/Content/EditorResources/SequenceRecorder/RecordingIndicator.uasset" 111
"../../../Engine/Content/EditorSounds/Notifications/CompileFailed.uasset" 112
"../../../Engine/Content/EditorSounds/Notifications/CompileFailed_Cue.uasset" 113
"../../../Engine/Content/EditorSounds/Notifications/CompileSuccess.uasset" 114
"../../../Engine/Content/EditorSounds/Notifications/CompileStart_Cue.uasset" 115
"../../../Engine/Content/EditorSounds/Notifications/CompileSuccess_Cue.uasset" 116
"../../../Engine/Content/EngineDamageTypes/DmgTypeBP_Environmental.uasset" 117
"../../../Engine/Content/EngineDebugMaterials/HeatmapGradient.uasset" 118
"../../../Engine/Content/EngineDebugMaterials/BoneWeightMaterial.uasset" 119
"../../../Engine/Content/EngineDebugMaterials/ClothMaterial.uasset" 120
"../../../Engine/Content/EngineDebugMaterials/ClothMaterial_WF.uasset" 121
"../../../Engine/Content/EngineDebugMaterials/DebugEditorMaterial.uasset" 122
"../../../Engine/Content/EngineDebugMaterials/DebugMeshMaterial.uasset" 123
"../../../Engine/Content/EngineDebugMaterials/GeomMaterial.uasset" 124
"../../../Engine/Content/EngineDebugMaterials/M_SimpleTranslucent.uasset" 125
"../../../Engine/Content/Functions/Engine_MaterialFunctions02/Utility/CameraDirectionVector.uasset" 126
"../../../Engine/Content/EngineDebugMaterials/VolumeToRender.uasset" 127
"../../../Engine/Content/EngineDebugMaterials/M_VolumeRenderSphereTracePP.uasset" 128
"../../../Engine/Content/EngineDebugMaterials/WireframeMaterial.uasset" 129
"../../../Engine/Content/EngineFonts/Faces/RobotoBold.uasset" 130
"../../../Engine/Content/EngineFonts/Faces/RobotoBoldItalic.uasset" 131
"../../../Engine/Content/EngineFonts/Faces/RobotoItalic.uasset" 132
"../../../Engine/Content/EngineFonts/Faces/RobotoLight.uasset" 133
"../../../Engine/Content/EngineFonts/Faces/RobotoRegular.uasset" 134
"../../../Engine/Content/EngineFonts/Roboto.uasset" 135
"../../../Engine/Content/EngineMaterials/BaseFlattenDiffuseMap.uasset" 136
"../../../Engine/Content/EngineMaterials/BaseFlattenEmissiveMap.uasset" 137
"../../../Engine/Content/EngineMaterials/BaseFlattenGrayscaleMap.uasset" 138
"../../../Engine/Content/EngineMaterials/BaseFlattenNormalMap.uasset" 139
"../../../Engine/Content/EngineMaterials/BaseFlattenMaterial.uasset" 140
"../../../Engine/Content/EngineMaterials/BlueNoise.uasset" 141
"../../../Engine/Content/EngineMaterials/DefaultBloomKernel.uasset" 142
"../../../Engine/Content/EngineMaterials/DefaultBokeh.uasset" 143
"../../../Engine/Content/EngineMaterials/DefaultDiffuse.uasset" 144
"../../../Engine/Content/EngineMaterials/DefaultDeferredDecalMaterial.uasset" 145
"../../../Engine/Content/EngineMaterials/DefaultLightFunctionMaterial.uasset" 146
"../../../Engine/Content/EngineMaterials/DefaultPhysicalMaterial.uasset" 147
"../../../Engine/Content/Functions/Engine_MaterialFunctions02/Utility/BreakOutFloat2Components.uasset" 148
"../../../Engine/Content/EngineMaterials/DefaultPostProcessMaterial.uasset" 149
"../../../Engine/Content/EngineFonts/RobotoDistanceField.uasset" 150
"../../../Engine/Content/EngineMaterials/DefaultTextMaterialOpaque.uasset" 151
"../../../Engine/Content/EngineMaterials/DefaultVirtualTextureMaterial.uasset" 152
"../../../Engine/Content/EngineMaterials/DefaultWhiteGrid.uasset" 153
"../../../Engine/Content/EngineMaterials/EditorBrushMaterial.uasset" 154
"../../../Engine/Content/EngineMaterials/DefaultWhiteGrid_Low.uasset" 155
"../../../Engine/Content/EngineMaterials/EmissiveMeshMaterial.uasset" 156
"../../../Engine/Content/EngineMaterials/Good64x64TilingNoiseHighFreq.uasset" 157
"../../../Engine/Content/EngineMaterials/MiniFont.uasset" 158
"../../../Engine/Content/EngineMaterials/InvalidLightmapSettings.uasset" 159
"../../../Engine/Content/EngineMaterials/M_InvalidLightmapSettings.uasset" 160
"../../../Engine/Content/Functions/Engine_MaterialFunctions02/WorldPositionOffset/CameraOffset.uasset" 161
"../../../Engine/Content/EngineMaterials/PhAT_JointLimitMaterial.uasset" 162
"../../../Engine/Content/EngineMaterials/PreintegratedSkinBRDF.uasset" 163
"../../../Engine/Content/EngineMaterials/RemoveSurfaceMaterial.uasset" 164
"../../../Engine/Content/EngineMaterials/WeightMapPlaceholderTexture.uasset" 165
"../../../Engine/Content/EngineResources/WhiteSquareTexture.uasset" 166
"../../../Engine/Content/EngineMaterials/Widget3DPassThrough.uasset" 167
"../../../Engine/Content/EngineMaterials/Widget3DPassThrough_Masked.uasset" 168
"../../../Engine/Content/EngineMaterials/Widget3DPassThrough_Opaque.uasset" 169
"../../../Engine/Content/EngineMaterials/Widget3DPassThrough_Masked_OneSided.uasset" 170
"../../../Engine/Content/EngineMaterials/Widget3DPassThrough_Opaque_OneSided.uasset" 171
"../../../Engine/Content/EngineMaterials/Widget3DPassThrough_Translucent.uasset" 172
"../../../Engine/Content/EngineMaterials/Widget3DPassThrough_Translucent_OneSided.uasset" 173
"../../../Engine/Content/EngineMeshes/Cylinder.uasset" 174
"../../../Engine/Content/EngineMeshes/Sphere.uasset" 175
"../../../Engine/Content/EngineResources/Black.uasset" 176
"../../../Engine/Content/EngineResources/DefaultTexture.uasset" 177
"../../../Engine/Content/EngineResources/DefaultTextureCube.uasset" 178
"../../../Engine/Content/EngineResources/DefaultVolumeTexture2D.uasset" 179
"../../../Engine/Content/EngineResources/DefaultVolumeTexture.uasset" 180
"../../../Engine/Content/EngineResources/GradientTexture0.uasset" 181
"../../../Engine/Content/EngineSounds/Master.uasset" 182
"../../../Engine/Content/Functions/Engine_MaterialFunctions01/Shading/ConvertFromDiffSpec.uasset" 183
"../../../Engine/Content/Functions/Engine_MaterialFunctions01/Shading/PowerToRoughness.uasset" 184
"../../../Engine/Content/Maps/Templates/Thumbnails/Default.uasset" 185
"../../../Engine/Content/Maps/Templates/Thumbnails/VR-Basic.uasset" 186
"../../../Engine/Content/MobileResources/T_MobileControls_texture.uasset" 187
"../../../Engine/Content/MobileResources/T_MobileMenu2.uasset" 188
"../../../Engine/Content/MobileResources/HUD/AnalogHat.uasset" 189
"../../../Engine/Content/MobileResources/HUD/VirtualJoystick_Background.uasset" 190
"../../../Engine/Content/MobileResources/HUD/VirtualJoystick_Thumb.uasset" 191
"../../../Engine/Content/MobileResources/HUD/DefaultVirtualJoysticks.uasset" 192
"../../../Engine/Content/MobileResources/HUD/LeftVirtualJoystickOnly.uasset" 193
"../../../Engine/Content/MobileResources/HUD/MobileHUDButton1_off.uasset" 194
"../../../Engine/Content/MobileResources/HUD/MobileHUDButton1_on.uasset" 195
"../../../Engine/Content/MobileResources/HUD/MobileHUDButton2_off.uasset" 196
"../../../Engine/Content/MobileResources/HUD/MobileHUDButton2_on.uasset" 197
"../../../Engine/Content/MobileResources/HUD/MobileHUDButton3.uasset" 198
"../../../Engine/Content/MobileResources/HUD/MobileHUDButtonFire.uasset" 199
"../../../Engine/Content/MobileResources/HUD/MobileHUDDirectionPad.uasset" 200
"../../../Engine/Content/MobileResources/HUD/MobileHUDDirectionPad2.uasset" 201
"../../../Engine/Content/MobileResources/HUD/MobileHUDDirectionPad3.uasset" 202
"../../../Engine/Content/MobileResources/HUD/MobileHUDDirectionStick.uasset" 203
"../../../Engine/Content/MobileResources/HUD/T_Castle_ThumbstickInner.uasset" 204
"../../../Engine/Content/MobileResources/HUD/T_Castle_ThumbstickOutter.uasset" 205
"../../../Engine/Content/Tutorial/ContentIntroCurve.uasset" 206
"../../../Engine/Content/Tutorial/Basics/LevelEditorAttract.uasset" 207
"../../../Engine/Content/VREditor/LaserPointer/VR_LaserPower_01.uasset" 208
"../../../Engine/Content/VREditor/TransformGizmo/TransformGizmoMaterial.uasset" 209
"../../../Engine/Content/VREditor/TransformGizmo/TranslucentTransformGizmoMaterial.uasset" 210
"../../../Engine/Content/VREditor/TransformGizmo/BoundingBoxCorner.uasset" 211
"../../../Engine/Content/VREditor/TransformGizmo/BoundingBoxEdge.uasset" 212
"../../../Engine/Content/VREditor/TransformGizmo/PlaneTranslationHandle.uasset" 213
"../../../Engine/Content/VREditor/TransformGizmo/Main.uasset" 214
"../../../Engine/Content/VREditor/TransformGizmo/Xray.uasset" 215
"../../../Engine/Content/VREditor/TransformGizmo/SM_Sequencer_Key.uasset" 216
"../../../Engine/Content/VREditor/TransformGizmo/SM_Sequencer_Node.uasset" 217
"../../Plugins/2D/Paper2D/Content/PlaceholderTextures/DummySpriteTexture.uasset" 218
"../../Plugins/2D/Paper2D/Content/DummySprite.uasset" 219
"../../Plugins/2D/Paper2D/Content/DefaultPaperTerrainMaterial.uasset" 220
"../../Plugins/2D/Paper2D/Content/DummySpriteTexture.uasset" 221
"../../Plugins/2D/Paper2D/Content/DefaultSpriteMaterial.uasset" 222
"../../Plugins/2D/Paper2D/Content/MaskedUnlitSpriteMaterial.uasset" 223
"../../Plugins/2D/Paper2D/Content/OpaqueUnlitSpriteMaterial.uasset" 224
"../../Plugins/Runtime/Oculus/OculusVR/Content/OculusMR_RenderTarget.uasset" 225
"../../../Engine/Content/Functions/Engine_MaterialFunctions02/Utility/BreakOutFloat4Components.uasset" 226
"../../../Engine/Content/Functions/Engine_MaterialFunctions02/Utility/MakeFloat2.uasset" 227
"../../../Engine/Content/Functions/Engine_MaterialFunctions02/Utility/MakeFloat3.uasset" 228
"../../Plugins/Runtime/Oculus/OculusVR/Content/Materials/OculusMR_ChromaKey.uasset" 229
"../../Plugins/Runtime/Oculus/OculusVR/Content/Materials/OculusMR_ChromaKey_Lit.uasset" 230
"../../Plugins/Runtime/Oculus/OculusVR/Content/Materials/OculusMR_OpaqueColoredMaterial.uasset" 231
"../../Plugins/Runtime/Oculus/OculusVR/Content/Materials/OculusMR_WhiteMaterial.uasset" 232
"../../../../../Unreal/GitKraken/GameJamDuolingo/GameJamDuolingo/Content/Assets/SK/EvilDuo4_Skeleton.uasset" 233
"../../../../../Unreal/GitKraken/GameJamDuolingo/GameJamDuolingo/Content/Assets/SK/EvilDuo4_Anim.uasset" 234
"../../../../../Unreal/GitKraken/GameJamDuolingo/GameJamDuolingo/Content/Blueprints/DuoAnimation.uasset" 235
"../../../Engine/Content/EditorBlueprintResources/StandardMacros.uasset" 236
"../../../../../Unreal/GitKraken/GameJamDuolingo/GameJamDuolingo/Content/Assets/T/T_FlashlightBlur.uasset" 237
"../../../../../Unreal/GitKraken/GameJamDuolingo/GameJamDuolingo/Content/Assets/T/FlashLight_M.uasset" 238
"../../../../../Unreal/GitKraken/GameJamDuolingo/GameJamDuolingo/Content/Blueprints/FirstPersonCharacter.uasset" 239
"../../../../../Unreal/GitKraken/GameJamDuolingo/GameJamDuolingo/Content/CameraShake/DuoClose.uasset" 240
"../../../../../Unreal/GitKraken/GameJamDuolingo/GameJamDuolingo/Content/Assets/T/Duo/Duo_D.uasset" 241
"../../../../../Unreal/GitKraken/GameJamDuolingo/GameJamDuolingo/Content/Assets/T/Duo/Duo_E.uasset" 242
"../../../../../Unreal/GitKraken/GameJamDuolingo/GameJamDuolingo/Content/Assets/T/Duo/Duo_N.uasset" 243
"../../../../../Unreal/GitKraken/GameJamDuolingo/GameJamDuolingo/Content/Assets/M/M_Owl.uasset" 244
"../../../../../Unreal/GitKraken/GameJamDuolingo/GameJamDuolingo/Content/Assets/SK/EvilDuo4_PhysicsAsset.uasset" 245
"../../../../../Unreal/GitKraken/GameJamDuolingo/GameJamDuolingo/Content/Assets/SK/EvilDuo4.uasset" 246
"../../../../../Unreal/GitKraken/GameJamDuolingo/GameJamDuolingo/Content/Sounds/SoundAttenuation.uasset" 247
"../../../../../Unreal/GitKraken/GameJamDuolingo/GameJamDuolingo/Content/Sounds/DuoFootsteps/FootstepCue.uasset" 248
"../../../../../Unreal/GitKraken/GameJamDuolingo/GameJamDuolingo/Content/Sounds/DuoWhispers/DuoWhispers.uasset" 249
"../../../../../Unreal/GitKraken/GameJamDuolingo/GameJamDuolingo/Content/Sounds/Death.uasset" 250
"../../../../../Unreal/GitKraken/GameJamDuolingo/GameJamDuolingo/Content/UI/DeathWidget.uasset" 251
"../../../../../Unreal/GitKraken/GameJamDuolingo/GameJamDuolingo/Content/Blueprints/Duo.uasset" 252
"../../../../../Unreal/GitKraken/GameJamDuolingo/GameJamDuolingo/Content/Blueprints/DestructibleDoor_BP.uasset" 253
"../../../../../Unreal/GitKraken/GameJamDuolingo/GameJamDuolingo/Content/Assets/M/M_Fire_Inst.uasset" 254
"../../../Engine/Content/BasicShapes/Plane.uasset" 255
"../../../../../Unreal/GitKraken/GameJamDuolingo/GameJamDuolingo/Content/Sounds/DuoFootsteps/CracklingFire.uasset" 256
"../../../../../Unreal/GitKraken/GameJamDuolingo/GameJamDuolingo/Content/Blueprints/Fire_BP.uasset" 257
"../../../../../Unreal/GitKraken/GameJamDuolingo/GameJamDuolingo/Content/Blueprints/Light.uasset" 258
"../../../../../Unreal/GitKraken/GameJamDuolingo/GameJamDuolingo/Content/Assets/T/Phone/Phone_and_Charger_Material_Base.uasset" 259
"../../../../../Unreal/GitKraken/GameJamDuolingo/GameJamDuolingo/Content/Assets/T/Phone/Phone_and_Charger_Material_Emissive.uasset" 260
"../../../../../Unreal/GitKraken/GameJamDuolingo/GameJamDuolingo/Content/Assets/T/Phone/Phone_and_Charger_Material_Normal.uasset" 261
"../../../../../Unreal/GitKraken/GameJamDuolingo/GameJamDuolingo/Content/Assets/T/Phone/Phone_and_Charger_Material_OcclusionRoughnessMetallic.uasset" 262
"../../../../../Unreal/GitKraken/GameJamDuolingo/GameJamDuolingo/Content/Assets/T/Phone/Phone_and_Charger_M.uasset" 263
"../../../../../Unreal/GitKraken/GameJamDuolingo/GameJamDuolingo/Content/Assets/SM/SM_IPhone.uasset" 264
"../../../../../Unreal/GitKraken/GameJamDuolingo/GameJamDuolingo/Content/UI/PhoneWidget.uasset" 265
"../../../../../Unreal/GitKraken/GameJamDuolingo/GameJamDuolingo/Content/Sounds/WinSound.uasset" 266
"../../../../../Unreal/GitKraken/GameJamDuolingo/GameJamDuolingo/Content/UI/WinWidget.uasset" 267
"../../../../../Unreal/GitKraken/GameJamDuolingo/GameJamDuolingo/Content/Blueprints/Mobile_BP.uasset" 268
"../../../../../Unreal/GitKraken/GameJamDuolingo/GameJamDuolingo/Content/Assets/DM/SM_TrimDoor_DM.uasset" 269
"../../../../../Unreal/GitKraken/GameJamDuolingo/GameJamDuolingo/Content/Assets/T/Walls/Walls_A.uasset" 270
"../../../../../Unreal/GitKraken/GameJamDuolingo/GameJamDuolingo/Content/Assets/T/Walls/Walls_N.uasset" 271
"../../../../../Unreal/GitKraken/GameJamDuolingo/GameJamDuolingo/Content/Assets/T/Walls/Walls_ORM.uasset" 272
"../../../../../Unreal/GitKraken/GameJamDuolingo/GameJamDuolingo/Content/Assets/M/M_Walls.uasset" 273
"../../../../../Unreal/GitKraken/GameJamDuolingo/GameJamDuolingo/Content/Assets/SM/SM_TrimDoorFrame.uasset" 274
"../../../../../Unreal/GitKraken/GameJamDuolingo/GameJamDuolingo/Content/Sounds/DoorSmash.uasset" 275
"../../../../../Unreal/GitKraken/GameJamDuolingo/GameJamDuolingo/Content/Assets/DM/SM_TrimDoorFrame_DM.uasset" 276
"../../../../../Unreal/GitKraken/GameJamDuolingo/GameJamDuolingo/Content/Blueprints/Level01Sequence.uasset" 277
"../../../../../Unreal/GitKraken/GameJamDuolingo/GameJamDuolingo/Content/Levels/CreepyHouse_BuiltData.uasset" 278
"../../../../../Unreal/GitKraken/GameJamDuolingo/GameJamDuolingo/Content/Assets/T/Decals/ChuckSmithPoster.uasset" 279
"../../../../../Unreal/GitKraken/GameJamDuolingo/GameJamDuolingo/Content/Assets/M/Decals/ChuckSmithPhoto.uasset" 280
"../../../../../Unreal/GitKraken/GameJamDuolingo/GameJamDuolingo/Content/Assets/T/Decals/DuolingoFounder.uasset" 281
"../../../../../Unreal/GitKraken/GameJamDuolingo/GameJamDuolingo/Content/Assets/M/Decals/DuolingoFounderPhoto.uasset" 282
"../../../../../Unreal/GitKraken/GameJamDuolingo/GameJamDuolingo/Content/Assets/T/Decals/EncapsulatedLanguage.uasset" 283
"../../../../../Unreal/GitKraken/GameJamDuolingo/GameJamDuolingo/Content/Assets/M/Decals/EncapPoster.uasset" 284
"../../../../../Unreal/GitKraken/GameJamDuolingo/GameJamDuolingo/Content/Assets/T/Decals/Zamenhof.uasset" 285
"../../../../../Unreal/GitKraken/GameJamDuolingo/GameJamDuolingo/Content/Assets/M/Decals/ZamenhofPhoto.uasset" 286
"../../../../../Unreal/GitKraken/GameJamDuolingo/GameJamDuolingo/Content/Assets/T/Bed/M_Bed_BaseColor.uasset" 287
"../../../../../Unreal/GitKraken/GameJamDuolingo/GameJamDuolingo/Content/Assets/T/Bed/M_Bed_Normal.uasset" 288
"../../../../../Unreal/GitKraken/GameJamDuolingo/GameJamDuolingo/Content/Assets/T/Bed/M_Bed_ORM.uasset" 289
"../../../../../Unreal/GitKraken/GameJamDuolingo/GameJamDuolingo/Content/Assets/M/M_Bed.uasset" 290
"../../../../../Unreal/GitKraken/GameJamDuolingo/GameJamDuolingo/Content/Assets/T/Props/Props_A.uasset" 291
"../../../../../Unreal/GitKraken/GameJamDuolingo/GameJamDuolingo/Content/Assets/T/Props/Props_N.uasset" 292
"../../../../../Unreal/GitKraken/GameJamDuolingo/GameJamDuolingo/Content/Assets/T/Props/Props_ORM.uasset" 293
"../../../../../Unreal/GitKraken/GameJamDuolingo/GameJamDuolingo/Content/Assets/M/M_Props.uasset" 294
"../../../../../Unreal/GitKraken/GameJamDuolingo/GameJamDuolingo/Content/Assets/T/WoodPlanks/M_WoodenPlanks_basecolor.uasset" 295
"../../../../../Unreal/GitKraken/GameJamDuolingo/GameJamDuolingo/Content/Assets/T/WoodPlanks/M_WoodenPlanks_height.uasset" 296
"../../../../../Unreal/GitKraken/GameJamDuolingo/GameJamDuolingo/Content/Assets/T/WoodPlanks/M_WoodenPlanks_normal.uasset" 297
"../../../../../Unreal/GitKraken/GameJamDuolingo/GameJamDuolingo/Content/Assets/T/WoodPlanks/M_WoodenPlanks_ORM_1.uasset" 298
"../../../../../Unreal/GitKraken/GameJamDuolingo/GameJamDuolingo/Content/Assets/M/M_WoodPlanks.uasset" 299
"../../../../../Unreal/GitKraken/GameJamDuolingo/GameJamDuolingo/Content/Assets/M/M_WoodPlanks1.uasset" 300
"../../../../../Unreal/GitKraken/GameJamDuolingo/GameJamDuolingo/Content/Assets/M/M_WoodPlanks2.uasset" 301
"../../../../../Unreal/GitKraken/GameJamDuolingo/GameJamDuolingo/Content/Assets/M/M_WoodPlanks3.uasset" 302
"../../../../../Unreal/GitKraken/GameJamDuolingo/GameJamDuolingo/Content/Assets/M/Roof.uasset" 303
"../../../Engine/Content/BasicShapes/Cube.uasset" 304
"../../../../../Unreal/GitKraken/GameJamDuolingo/GameJamDuolingo/Content/Assets/T/Basicwall/BasicWall_A.uasset" 305
"../../../../../Unreal/GitKraken/GameJamDuolingo/GameJamDuolingo/Content/Assets/T/Basicwall/BasicWall_N.uasset" 306
"../../../../../Unreal/GitKraken/GameJamDuolingo/GameJamDuolingo/Content/Assets/M/BasicWall.uasset" 307
"../../../../../Unreal/GitKraken/GameJamDuolingo/GameJamDuolingo/Content/Assets/SM/SM_BasicCornerWall.uasset" 308
"../../../../../Unreal/GitKraken/GameJamDuolingo/GameJamDuolingo/Content/Assets/SM/SM_Basicwall.uasset" 309
"../../../../../Unreal/GitKraken/GameJamDuolingo/GameJamDuolingo/Content/Assets/SM/SM_BasicWallEnd.uasset" 310
"../../../../../Unreal/GitKraken/GameJamDuolingo/GameJamDuolingo/Content/Assets/M/M_GreyBox.uasset" 311
"../../../../../Unreal/GitKraken/GameJamDuolingo/GameJamDuolingo/Content/Assets/SM/SM_Bed.uasset" 312
"../../../../../Unreal/GitKraken/GameJamDuolingo/GameJamDuolingo/Content/Assets/SM/SM_Charger.uasset" 313
"../../../../../Unreal/GitKraken/GameJamDuolingo/GameJamDuolingo/Content/Assets/SM/SM_FirePlace.uasset" 314
"../../../../../Unreal/GitKraken/GameJamDuolingo/GameJamDuolingo/Content/Assets/SM/SM_FloorMat.uasset" 315
"../../../../../Unreal/GitKraken/GameJamDuolingo/GameJamDuolingo/Content/Assets/SM/SM_GlassDesk.uasset" 316
"../../../../../Unreal/GitKraken/GameJamDuolingo/GameJamDuolingo/Content/Assets/SM/SM_HallwayMat.uasset" 317
"../../../../../Unreal/GitKraken/GameJamDuolingo/GameJamDuolingo/Content/Assets/SM/SM_HallwayTable.uasset" 318
"../../../../../Unreal/GitKraken/GameJamDuolingo/GameJamDuolingo/Content/Assets/SM/SM_Lounge.uasset" 319
"../../../../../Unreal/GitKraken/GameJamDuolingo/GameJamDuolingo/Content/Assets/SM/SM_PhotoFrame.uasset" 320
"../../../../../Unreal/GitKraken/GameJamDuolingo/GameJamDuolingo/Content/Assets/SM/SM_PotPlant.uasset" 321
"../../../../../Unreal/GitKraken/GameJamDuolingo/GameJamDuolingo/Content/Assets/SM/SM_TrimColumn.uasset" 322
"../../../../../Unreal/GitKraken/GameJamDuolingo/GameJamDuolingo/Content/Assets/SM/SM_TrimCornerWall.uasset" 323
"../../../../../Unreal/GitKraken/GameJamDuolingo/GameJamDuolingo/Content/Assets/SM/SM_TrimWall.uasset" 324
"../../../../../Unreal/GitKraken/GameJamDuolingo/GameJamDuolingo/Content/Assets/SM/SM_TrimWallEnd.uasset" 325
"../../../../../Unreal/GitKraken/GameJamDuolingo/GameJamDuolingo/Content/Sounds/RainInternal.uasset" 326
"../../../../../Unreal/GitKraken/GameJamDuolingo/GameJamDuolingo/Content/UI/WakeUpWidget.uasset" 327
"../../../../../Unreal/GitKraken/GameJamDuolingo/GameJamDuolingo/Content/Levels/CreepyHouse.umap" 328
"../../../../../Unreal/GitKraken/GameJamDuolingo/GameJamDuolingo/Content/Levels/UI_Levels/Introduction_BuiltData.uasset" 329
"../../../../../Unreal/GitKraken/GameJamDuolingo/GameJamDuolingo/Content/UI/StoryWidget.uasset" 330
"../../../../../Unreal/GitKraken/GameJamDuolingo/GameJamDuolingo/Content/Levels/UI_Levels/Introduction.umap" 331
"../../../../../Unreal/GitKraken/GameJamDuolingo/GameJamDuolingo/Content/Assets/SK/EvilDuo-Idle.uasset" 332
"../../../../../Unreal/GitKraken/GameJamDuolingo/GameJamDuolingo/Content/Blueprints/DuoMainMenu_BP.uasset" 333
"../../../../../Unreal/GitKraken/GameJamDuolingo/GameJamDuolingo/Content/Blueprints/MenuGameMode.uasset" 334
"../../../../../Unreal/GitKraken/GameJamDuolingo/GameJamDuolingo/Content/Levels/UI_Levels/MainMenu_BuiltData.uasset" 335
"../../../../../Unreal/GitKraken/GameJamDuolingo/GameJamDuolingo/Content/Assets/M/WoodPlanksMenu.uasset" 336
"../../../Engine/Content/MapTemplates/SM_Template_Map_Floor.uasset" 337
"../../../../../Unreal/GitKraken/GameJamDuolingo/GameJamDuolingo/Content/Assets/M/M_HotelDuolingo.uasset" 338
"../../../../../Unreal/GitKraken/GameJamDuolingo/GameJamDuolingo/Content/Assets/SM/SM_HotelDuolingoSign.uasset" 339
"../../../../../Unreal/GitKraken/GameJamDuolingo/GameJamDuolingo/Content/Assets/Fonts/Night_Club_70s_Bold.uasset" 340
"../../../../../Unreal/GitKraken/GameJamDuolingo/GameJamDuolingo/Content/Assets/Fonts/Night_Club_70s_Bold_Font.uasset" 341
"../../../../../Unreal/GitKraken/GameJamDuolingo/GameJamDuolingo/Content/Assets/T/Flags/EnglishFlag.uasset" 342
"../../../../../Unreal/GitKraken/GameJamDuolingo/GameJamDuolingo/Content/Assets/T/Flags/EsperantoFlag.uasset" 343
"../../../../../Unreal/GitKraken/GameJamDuolingo/GameJamDuolingo/Content/Sounds/RingBell.uasset" 344
"../../../../../Unreal/GitKraken/GameJamDuolingo/GameJamDuolingo/Content/UI/MainMenu.uasset" 345
"../../../../../Unreal/GitKraken/GameJamDuolingo/GameJamDuolingo/Content/Levels/UI_Levels/MainMenu.umap" 346
"../../../Engine/Content/Maps/Entry_BuiltData.uasset" 347
"../../../Engine/Content/Maps/Entry.umap" 348
